[4.767s] Invoking command in '/home/kakacafu/gazebo2/src/move': PYTHONPATH=/home/kakacafu/gazebo2/build/move/prefix_override:/home/kakacafu/gazebo2/install/move/lib/python3.10/site-packages:${PYTHONPATH} /usr/bin/python3 setup.py egg_info --egg-base ../../build/move build --build-base /home/kakacafu/gazebo2/build/move/build install --record /home/kakacafu/gazebo2/build/move/install.log --single-version-externally-managed
[5.629s] running egg_info
[5.629s] writing ../../build/move/move.egg-info/PKG-INFO
[5.629s] writing dependency_links to ../../build/move/move.egg-info/dependency_links.txt
[5.629s] writing entry points to ../../build/move/move.egg-info/entry_points.txt
[5.629s] writing requirements to ../../build/move/move.egg-info/requires.txt
[5.631s] writing top-level names to ../../build/move/move.egg-info/top_level.txt
[5.631s] reading manifest file '../../build/move/move.egg-info/SOURCES.txt'
[5.632s] writing manifest file '../../build/move/move.egg-info/SOURCES.txt'
[5.632s] running build
[5.632s] running build_py
[5.634s] running install
[5.634s] running install_lib
[5.634s] running install_data
[5.634s] running install_egg_info
[5.648s] removing '/home/kakacafu/gazebo2/install/move/lib/python3.10/site-packages/move-0.0.0-py3.10.egg-info' (and everything under it)
[5.648s] Copying ../../build/move/move.egg-info to /home/kakacafu/gazebo2/install/move/lib/python3.10/site-packages/move-0.0.0-py3.10.egg-info
[5.648s] running install_scripts
[5.702s] Installing move_node script to /home/kakacafu/gazebo2/install/move/lib/move
[5.706s] writing list of installed files to '/home/kakacafu/gazebo2/build/move/install.log'
[5.978s] Invoked command in '/home/kakacafu/gazebo2/src/move' returned '0': PYTHONPATH=/home/kakacafu/gazebo2/build/move/prefix_override:/home/kakacafu/gazebo2/install/move/lib/python3.10/site-packages:${PYTHONPATH} /usr/bin/python3 setup.py egg_info --egg-base ../../build/move build --build-base /home/kakacafu/gazebo2/build/move/build install --record /home/kakacafu/gazebo2/build/move/install.log --single-version-externally-managed
