running egg_info
writing ../../build/publisher/publisher.egg-info/PKG-INFO
writing dependency_links to ../../build/publisher/publisher.egg-info/dependency_links.txt
writing entry points to ../../build/publisher/publisher.egg-info/entry_points.txt
writing requirements to ../../build/publisher/publisher.egg-info/requires.txt
writing top-level names to ../../build/publisher/publisher.egg-info/top_level.txt
reading manifest file '../../build/publisher/publisher.egg-info/SOURCES.txt'
writing manifest file '../../build/publisher/publisher.egg-info/SOURCES.txt'
running build
running build_py
running install
running install_lib
creating /home/kakacafu/gazebo2/install/publisher/lib/python3.10/site-packages/publisher
copying /home/kakacafu/gazebo2/build/publisher/build/lib/publisher/__init__.py -> /home/kakacafu/gazebo2/install/publisher/lib/python3.10/site-packages/publisher
copying /home/kakacafu/gazebo2/build/publisher/build/lib/publisher/publisher_node.py -> /home/kakacafu/gazebo2/install/publisher/lib/python3.10/site-packages/publisher
byte-compiling /home/kakacafu/gazebo2/install/publisher/lib/python3.10/site-packages/publisher/__init__.py to __init__.cpython-310.pyc
byte-compiling /home/kakacafu/gazebo2/install/publisher/lib/python3.10/site-packages/publisher/publisher_node.py to publisher_node.cpython-310.pyc
running install_data
creating /home/kakacafu/gazebo2/install/publisher/share/ament_index
creating /home/kakacafu/gazebo2/install/publisher/share/ament_index/resource_index
creating /home/kakacafu/gazebo2/install/publisher/share/ament_index/resource_index/packages
copying resource/publisher -> /home/kakacafu/gazebo2/install/publisher/share/ament_index/resource_index/packages
copying package.xml -> /home/kakacafu/gazebo2/install/publisher/share/publisher
running install_egg_info
Copying ../../build/publisher/publisher.egg-info to /home/kakacafu/gazebo2/install/publisher/lib/python3.10/site-packages/publisher-0.0.0-py3.10.egg-info
running install_scripts
Installing publisher_node script to /home/kakacafu/gazebo2/install/publisher/lib/publisher
writing list of installed files to '/home/kakacafu/gazebo2/build/publisher/install.log'
