[4.420s] Invoking command in '/home/kakacafu/gazebo2/src/publisher': PYTHONPATH=/home/kakacafu/gazebo2/build/publisher/prefix_override:/home/kakacafu/gazebo2/install/publisher/lib/python3.10/site-packages:${PYTHONPATH} /usr/bin/python3 setup.py egg_info --egg-base ../../build/publisher build --build-base /home/kakacafu/gazebo2/build/publisher/build install --record /home/kakacafu/gazebo2/build/publisher/install.log --single-version-externally-managed
[5.086s] running egg_info
[5.086s] writing ../../build/publisher/publisher.egg-info/PKG-INFO
[5.087s] writing dependency_links to ../../build/publisher/publisher.egg-info/dependency_links.txt
[5.088s] writing entry points to ../../build/publisher/publisher.egg-info/entry_points.txt
[5.088s] writing requirements to ../../build/publisher/publisher.egg-info/requires.txt
[5.089s] writing top-level names to ../../build/publisher/publisher.egg-info/top_level.txt
[5.096s] reading manifest file '../../build/publisher/publisher.egg-info/SOURCES.txt'
[5.097s] writing manifest file '../../build/publisher/publisher.egg-info/SOURCES.txt'
[5.098s] running build
[5.098s] running build_py
[5.099s] running install
[5.099s] running install_lib
[5.101s] creating /home/kakacafu/gazebo2/install/publisher/lib/python3.10/site-packages/publisher
[5.101s] copying /home/kakacafu/gazebo2/build/publisher/build/lib/publisher/__init__.py -> /home/kakacafu/gazebo2/install/publisher/lib/python3.10/site-packages/publisher
[5.101s] copying /home/kakacafu/gazebo2/build/publisher/build/lib/publisher/publisher_node.py -> /home/kakacafu/gazebo2/install/publisher/lib/python3.10/site-packages/publisher
[5.112s] byte-compiling /home/kakacafu/gazebo2/install/publisher/lib/python3.10/site-packages/publisher/__init__.py to __init__.cpython-310.pyc
[5.113s] byte-compiling /home/kakacafu/gazebo2/install/publisher/lib/python3.10/site-packages/publisher/publisher_node.py to publisher_node.cpython-310.pyc
[5.114s] running install_data
[5.114s] creating /home/kakacafu/gazebo2/install/publisher/share/ament_index
[5.114s] creating /home/kakacafu/gazebo2/install/publisher/share/ament_index/resource_index
[5.114s] creating /home/kakacafu/gazebo2/install/publisher/share/ament_index/resource_index/packages
[5.115s] copying resource/publisher -> /home/kakacafu/gazebo2/install/publisher/share/ament_index/resource_index/packages
[5.115s] copying package.xml -> /home/kakacafu/gazebo2/install/publisher/share/publisher
[5.115s] running install_egg_info
[5.118s] Copying ../../build/publisher/publisher.egg-info to /home/kakacafu/gazebo2/install/publisher/lib/python3.10/site-packages/publisher-0.0.0-py3.10.egg-info
[5.122s] running install_scripts
[5.170s] Installing publisher_node script to /home/kakacafu/gazebo2/install/publisher/lib/publisher
[5.171s] writing list of installed files to '/home/kakacafu/gazebo2/build/publisher/install.log'
[5.220s] Invoked command in '/home/kakacafu/gazebo2/src/publisher' returned '0': PYTHONPATH=/home/kakacafu/gazebo2/build/publisher/prefix_override:/home/kakacafu/gazebo2/install/publisher/lib/python3.10/site-packages:${PYTHONPATH} /usr/bin/python3 setup.py egg_info --egg-base ../../build/publisher build --build-base /home/kakacafu/gazebo2/build/publisher/build install --record /home/kakacafu/gazebo2/build/publisher/install.log --single-version-externally-managed
