[4.726s] Invoking command in '/home/kakacafu/gazebo2/src/publisher': PYTHONPATH=/home/kakacafu/gazebo2/build/publisher/prefix_override:/home/kakacafu/gazebo2/install/publisher/lib/python3.10/site-packages:${PYTHONPATH} /usr/bin/python3 setup.py egg_info --egg-base ../../build/publisher build --build-base /home/kakacafu/gazebo2/build/publisher/build install --record /home/kakacafu/gazebo2/build/publisher/install.log --single-version-externally-managed
[5.754s] running egg_info
[5.756s] writing ../../build/publisher/publisher.egg-info/PKG-INFO
[5.756s] writing dependency_links to ../../build/publisher/publisher.egg-info/dependency_links.txt
[5.757s] writing entry points to ../../build/publisher/publisher.egg-info/entry_points.txt
[5.759s] writing requirements to ../../build/publisher/publisher.egg-info/requires.txt
[5.759s] writing top-level names to ../../build/publisher/publisher.egg-info/top_level.txt
[5.769s] reading manifest file '../../build/publisher/publisher.egg-info/SOURCES.txt'
[5.772s] writing manifest file '../../build/publisher/publisher.egg-info/SOURCES.txt'
[5.772s] running build
[5.772s] running build_py
[5.783s] running install
[5.783s] running install_lib
[5.790s] running install_data
[5.793s] running install_egg_info
[5.797s] removing '/home/kakacafu/gazebo2/install/publisher/lib/python3.10/site-packages/publisher-0.0.0-py3.10.egg-info' (and everything under it)
[5.798s] Copying ../../build/publisher/publisher.egg-info to /home/kakacafu/gazebo2/install/publisher/lib/python3.10/site-packages/publisher-0.0.0-py3.10.egg-info
[5.801s] running install_scripts
[5.851s] Installing publisher_node script to /home/kakacafu/gazebo2/install/publisher/lib/publisher
[5.859s] writing list of installed files to '/home/kakacafu/gazebo2/build/publisher/install.log'
[5.927s] Invoked command in '/home/kakacafu/gazebo2/src/publisher' returned '0': PYTHONPATH=/home/kakacafu/gazebo2/build/publisher/prefix_override:/home/kakacafu/gazebo2/install/publisher/lib/python3.10/site-packages:${PYTHONPATH} /usr/bin/python3 setup.py egg_info --egg-base ../../build/publisher build --build-base /home/kakacafu/gazebo2/build/publisher/build install --record /home/kakacafu/gazebo2/build/publisher/install.log --single-version-externally-managed
