[3.788s] Invoking command in '/home/kakacafu/gazebo2/src/move': PYTHONPATH=/home/kakacafu/gazebo2/build/move/prefix_override:/home/kakacafu/gazebo2/install/move/lib/python3.10/site-packages:${PYTHONPATH} /usr/bin/python3 setup.py egg_info --egg-base ../../build/move build --build-base /home/kakacafu/gazebo2/build/move/build install --record /home/kakacafu/gazebo2/build/move/install.log --single-version-externally-managed
[5.042s] running egg_info
[5.043s] creating ../../build/move/move.egg-info
[5.044s] writing ../../build/move/move.egg-info/PKG-INFO
[5.044s] writing dependency_links to ../../build/move/move.egg-info/dependency_links.txt
[5.045s] writing entry points to ../../build/move/move.egg-info/entry_points.txt
[5.045s] writing requirements to ../../build/move/move.egg-info/requires.txt
[5.045s] writing top-level names to ../../build/move/move.egg-info/top_level.txt
[5.046s] writing manifest file '../../build/move/move.egg-info/SOURCES.txt'
[5.050s] reading manifest file '../../build/move/move.egg-info/SOURCES.txt'
[5.060s] Traceback (most recent call last):
[5.061s] writing manifest file '../../build/move/move.egg-info/SOURCES.txt'
[5.061s] running build
[5.061s] running build_py
[5.062s] creating /home/kakacafu/gazebo2/build/move/build
[5.062s] creating /home/kakacafu/gazebo2/build/move/build/lib
[5.063s] creating /home/kakacafu/gazebo2/build/move/build/lib/move
[5.063s] copying move/__init__.py -> /home/kakacafu/gazebo2/build/move/build/lib/move
[5.063s] copying move/move.py -> /home/kakacafu/gazebo2/build/move/build/lib/move
[5.063s] running install
[5.063s]   File "/home/kakacafu/gazebo2/src/move/setup.py", line 5, in <module>
[5.063s]     setup(
[5.064s]   File "/home/kakacafu/.local/lib/python3.10/site-packages/setuptools/__init__.py", line 153, in setup
[5.068s]     return distutils.core.setup(**attrs)
[5.068s]   File "/usr/lib/python3.10/distutils/core.py", line 148, in setup
[5.069s]     dist.run_commands()
[5.069s]   File "/usr/lib/python3.10/distutils/dist.py", line 966, in run_commands
[5.072s]     self.run_command(cmd)
[5.072s]   File "/usr/lib/python3.10/distutils/dist.py", line 983, in run_command
[5.073s]     cmd_obj = self.get_command_obj(command)
[5.073s]   File "/usr/lib/python3.10/distutils/dist.py", line 868, in get_command_obj
[5.074s]     self._set_command_options(cmd_obj, options)
[5.074s]   File "/home/kakacafu/.local/lib/python3.10/site-packages/setuptools/dist.py", line 774, in _set_command_options
[5.079s]     elif hasattr(command_obj, option):
[5.080s] TypeError: hasattr(): attribute name must be string
[5.105s] Invoked command in '/home/kakacafu/gazebo2/src/move' returned '1': PYTHONPATH=/home/kakacafu/gazebo2/build/move/prefix_override:/home/kakacafu/gazebo2/install/move/lib/python3.10/site-packages:${PYTHONPATH} /usr/bin/python3 setup.py egg_info --egg-base ../../build/move build --build-base /home/kakacafu/gazebo2/build/move/build install --record /home/kakacafu/gazebo2/build/move/install.log --single-version-externally-managed
