[9.862s] Invoking command in '/home/kakacafu/gazebo2/src/move': PYTHONPATH=/home/kakacafu/gazebo2/build/move/prefix_override:/home/kakacafu/gazebo2/install/move/lib/python3.10/site-packages:${PYTHONPATH} /usr/bin/python3 setup.py egg_info --egg-base ../../build/move build --build-base /home/kakacafu/gazebo2/build/move/build install --record /home/kakacafu/gazebo2/build/move/install.log --single-version-externally-managed
[12.780s] running egg_info
[12.783s] writing ../../build/move/move.egg-info/PKG-INFO
[12.786s] writing dependency_links to ../../build/move/move.egg-info/dependency_links.txt
[12.789s] writing entry points to ../../build/move/move.egg-info/entry_points.txt
[12.791s] writing requirements to ../../build/move/move.egg-info/requires.txt
[12.793s] writing top-level names to ../../build/move/move.egg-info/top_level.txt
[12.810s] reading manifest file '../../build/move/move.egg-info/SOURCES.txt'
[12.816s] writing manifest file '../../build/move/move.egg-info/SOURCES.txt'
[12.818s] running build
[12.819s] running build_py
[12.822s] running install
[12.824s] running install_lib
[12.834s] running install_data
[12.844s] running install_egg_info
[12.860s] removing '/home/kakacafu/gazebo2/install/move/lib/python3.10/site-packages/move-0.0.0-py3.10.egg-info' (and everything under it)
[12.863s] Copying ../../build/move/move.egg-info to /home/kakacafu/gazebo2/install/move/lib/python3.10/site-packages/move-0.0.0-py3.10.egg-info
[12.872s] running install_scripts
[13.010s] Installing move_node script to /home/kakacafu/gazebo2/install/move/lib/move
[13.013s] writing list of installed files to '/home/kakacafu/gazebo2/build/move/install.log'
[13.248s] Invoked command in '/home/kakacafu/gazebo2/src/move' returned '0': PYTHONPATH=/home/kakacafu/gazebo2/build/move/prefix_override:/home/kakacafu/gazebo2/install/move/lib/python3.10/site-packages:${PYTHONPATH} /usr/bin/python3 setup.py egg_info --egg-base ../../build/move build --build-base /home/kakacafu/gazebo2/build/move/build install --record /home/kakacafu/gazebo2/build/move/install.log --single-version-externally-managed
