running egg_info
writing ../../build/move/move.egg-info/PKG-INFO
writing dependency_links to ../../build/move/move.egg-info/dependency_links.txt
writing entry points to ../../build/move/move.egg-info/entry_points.txt
writing requirements to ../../build/move/move.egg-info/requires.txt
writing top-level names to ../../build/move/move.egg-info/top_level.txt
reading manifest file '../../build/move/move.egg-info/SOURCES.txt'
writing manifest file '../../build/move/move.egg-info/SOURCES.txt'
running build
running build_py
copying move/__init__.py -> /home/kakacafu/gazebo2/build/move/build/lib/move
copying move/move_node.py -> /home/kakacafu/gazebo2/build/move/build/lib/move
running install
running install_lib
creating /home/kakacafu/gazebo2/install/move/lib/python3.10/site-packages/move
copying /home/kakacafu/gazebo2/build/move/build/lib/move/__init__.py -> /home/kakacafu/gazebo2/install/move/lib/python3.10/site-packages/move
copying /home/kakacafu/gazebo2/build/move/build/lib/move/move_node.py -> /home/kakacafu/gazebo2/install/move/lib/python3.10/site-packages/move
copying /home/kakacafu/gazebo2/build/move/build/lib/move/move.py -> /home/kakacafu/gazebo2/install/move/lib/python3.10/site-packages/move
byte-compiling /home/kakacafu/gazebo2/install/move/lib/python3.10/site-packages/move/__init__.py to __init__.cpython-310.pyc
byte-compiling /home/kakacafu/gazebo2/install/move/lib/python3.10/site-packages/move/move_node.py to move_node.cpython-310.pyc
byte-compiling /home/kakacafu/gazebo2/install/move/lib/python3.10/site-packages/move/move.py to move.cpython-310.pyc
running install_data
creating /home/kakacafu/gazebo2/install/move/share/ament_index
creating /home/kakacafu/gazebo2/install/move/share/ament_index/resource_index
creating /home/kakacafu/gazebo2/install/move/share/ament_index/resource_index/packages
copying resource/move -> /home/kakacafu/gazebo2/install/move/share/ament_index/resource_index/packages
copying package.xml -> /home/kakacafu/gazebo2/install/move/share/move
running install_egg_info
Copying ../../build/move/move.egg-info to /home/kakacafu/gazebo2/install/move/lib/python3.10/site-packages/move-0.0.0-py3.10.egg-info
running install_scripts
Installing move_node script to /home/kakacafu/gazebo2/install/move/lib/move
writing list of installed files to '/home/kakacafu/gazebo2/build/move/install.log'
