[10.222s] Invoking command in '/home/kakacafu/gazebo2/src/move': PYTHONPATH=/home/kakacafu/gazebo2/build/move/prefix_override:/home/kakacafu/gazebo2/install/move/lib/python3.10/site-packages:${PYTHONPATH} /usr/bin/python3 setup.py egg_info --egg-base ../../build/move build --build-base /home/kakacafu/gazebo2/build/move/build install --record /home/kakacafu/gazebo2/build/move/install.log --single-version-externally-managed
[14.023s] running egg_info
[14.034s] writing ../../build/move/move.egg-info/PKG-INFO
[14.045s] writing dependency_links to ../../build/move/move.egg-info/dependency_links.txt
[14.047s] writing entry points to ../../build/move/move.egg-info/entry_points.txt
[14.051s] writing requirements to ../../build/move/move.egg-info/requires.txt
[14.052s] writing top-level names to ../../build/move/move.egg-info/top_level.txt
[14.065s] reading manifest file '../../build/move/move.egg-info/SOURCES.txt'
[14.089s] writing manifest file '../../build/move/move.egg-info/SOURCES.txt'
[14.090s] running build
[14.094s] running build_py
[14.095s] copying move/__init__.py -> /home/kakacafu/gazebo2/build/move/build/lib/move
[14.096s] copying move/move_node.py -> /home/kakacafu/gazebo2/build/move/build/lib/move
[14.097s] running install
[14.098s] running install_lib
[14.115s] creating /home/kakacafu/gazebo2/install/move/lib/python3.10/site-packages/move
[14.134s] copying /home/kakacafu/gazebo2/build/move/build/lib/move/__init__.py -> /home/kakacafu/gazebo2/install/move/lib/python3.10/site-packages/move
[14.135s] copying /home/kakacafu/gazebo2/build/move/build/lib/move/move_node.py -> /home/kakacafu/gazebo2/install/move/lib/python3.10/site-packages/move
[14.136s] copying /home/kakacafu/gazebo2/build/move/build/lib/move/move.py -> /home/kakacafu/gazebo2/install/move/lib/python3.10/site-packages/move
[14.145s] byte-compiling /home/kakacafu/gazebo2/install/move/lib/python3.10/site-packages/move/__init__.py to __init__.cpython-310.pyc
[14.145s] byte-compiling /home/kakacafu/gazebo2/install/move/lib/python3.10/site-packages/move/move_node.py to move_node.cpython-310.pyc
[14.150s] byte-compiling /home/kakacafu/gazebo2/install/move/lib/python3.10/site-packages/move/move.py to move.cpython-310.pyc
[14.151s] running install_data
[14.156s] creating /home/kakacafu/gazebo2/install/move/share/ament_index
[14.165s] creating /home/kakacafu/gazebo2/install/move/share/ament_index/resource_index
[14.165s] creating /home/kakacafu/gazebo2/install/move/share/ament_index/resource_index/packages
[14.171s] copying resource/move -> /home/kakacafu/gazebo2/install/move/share/ament_index/resource_index/packages
[14.171s] copying package.xml -> /home/kakacafu/gazebo2/install/move/share/move
[14.180s] running install_egg_info
[14.191s] Copying ../../build/move/move.egg-info to /home/kakacafu/gazebo2/install/move/lib/python3.10/site-packages/move-0.0.0-py3.10.egg-info
[14.204s] running install_scripts
[14.405s] Installing move_node script to /home/kakacafu/gazebo2/install/move/lib/move
[14.412s] writing list of installed files to '/home/kakacafu/gazebo2/build/move/install.log'
[14.622s] Invoked command in '/home/kakacafu/gazebo2/src/move' returned '0': PYTHONPATH=/home/kakacafu/gazebo2/build/move/prefix_override:/home/kakacafu/gazebo2/install/move/lib/python3.10/site-packages:${PYTHONPATH} /usr/bin/python3 setup.py egg_info --egg-base ../../build/move build --build-base /home/kakacafu/gazebo2/build/move/build install --record /home/kakacafu/gazebo2/build/move/install.log --single-version-externally-managed
