running egg_info
creating ../../build/move_back/move_back.egg-info
writing ../../build/move_back/move_back.egg-info/PKG-INFO
writing dependency_links to ../../build/move_back/move_back.egg-info/dependency_links.txt
writing entry points to ../../build/move_back/move_back.egg-info/entry_points.txt
writing requirements to ../../build/move_back/move_back.egg-info/requires.txt
writing top-level names to ../../build/move_back/move_back.egg-info/top_level.txt
writing manifest file '../../build/move_back/move_back.egg-info/SOURCES.txt'
reading manifest file '../../build/move_back/move_back.egg-info/SOURCES.txt'
writing manifest file '../../build/move_back/move_back.egg-info/SOURCES.txt'
running build
running build_py
creating /home/kakacafu/gazebo2/build/move_back/build
creating /home/kakacafu/gazebo2/build/move_back/build/lib
creating /home/kakacafu/gazebo2/build/move_back/build/lib/move_back
copying move_back/__init__.py -> /home/kakacafu/gazebo2/build/move_back/build/lib/move_back
copying move_back/move_back_node.py -> /home/kakacafu/gazebo2/build/move_back/build/lib/move_back
running install
running install_lib
creating /home/kakacafu/gazebo2/install/move_back/lib/python3.10/site-packages/move_back
copying /home/kakacafu/gazebo2/build/move_back/build/lib/move_back/__init__.py -> /home/kakacafu/gazebo2/install/move_back/lib/python3.10/site-packages/move_back
copying /home/kakacafu/gazebo2/build/move_back/build/lib/move_back/move_back_node.py -> /home/kakacafu/gazebo2/install/move_back/lib/python3.10/site-packages/move_back
byte-compiling /home/kakacafu/gazebo2/install/move_back/lib/python3.10/site-packages/move_back/__init__.py to __init__.cpython-310.pyc
byte-compiling /home/kakacafu/gazebo2/install/move_back/lib/python3.10/site-packages/move_back/move_back_node.py to move_back_node.cpython-310.pyc
running install_data
creating /home/kakacafu/gazebo2/install/move_back/share/ament_index
creating /home/kakacafu/gazebo2/install/move_back/share/ament_index/resource_index
creating /home/kakacafu/gazebo2/install/move_back/share/ament_index/resource_index/packages
copying resource/move_back -> /home/kakacafu/gazebo2/install/move_back/share/ament_index/resource_index/packages
copying package.xml -> /home/kakacafu/gazebo2/install/move_back/share/move_back
running install_egg_info
Copying ../../build/move_back/move_back.egg-info to /home/kakacafu/gazebo2/install/move_back/lib/python3.10/site-packages/move_back-0.0.0-py3.10.egg-info
running install_scripts
Installing move_back_node script to /home/kakacafu/gazebo2/install/move_back/lib/move_back
writing list of installed files to '/home/kakacafu/gazebo2/build/move_back/install.log'
