[6.092s] Invoking command in '/home/kakacafu/gazebo2/src/move_back': PYTHONPATH=/home/kakacafu/gazebo2/build/move_back/prefix_override:/home/kakacafu/gazebo2/install/move_back/lib/python3.10/site-packages:${PYTHONPATH} /usr/bin/python3 setup.py egg_info --egg-base ../../build/move_back build --build-base /home/kakacafu/gazebo2/build/move_back/build install --record /home/kakacafu/gazebo2/build/move_back/install.log --single-version-externally-managed
[7.048s] running egg_info
[7.049s] creating ../../build/move_back/move_back.egg-info
[7.049s] writing ../../build/move_back/move_back.egg-info/PKG-INFO
[7.049s] writing dependency_links to ../../build/move_back/move_back.egg-info/dependency_links.txt
[7.050s] writing entry points to ../../build/move_back/move_back.egg-info/entry_points.txt
[7.050s] writing requirements to ../../build/move_back/move_back.egg-info/requires.txt
[7.050s] writing top-level names to ../../build/move_back/move_back.egg-info/top_level.txt
[7.051s] writing manifest file '../../build/move_back/move_back.egg-info/SOURCES.txt'
[7.055s] reading manifest file '../../build/move_back/move_back.egg-info/SOURCES.txt'
[7.056s] writing manifest file '../../build/move_back/move_back.egg-info/SOURCES.txt'
[7.057s] running build
[7.057s] running build_py
[7.057s] creating /home/kakacafu/gazebo2/build/move_back/build
[7.057s] creating /home/kakacafu/gazebo2/build/move_back/build/lib
[7.058s] creating /home/kakacafu/gazebo2/build/move_back/build/lib/move_back
[7.058s] copying move_back/__init__.py -> /home/kakacafu/gazebo2/build/move_back/build/lib/move_back
[7.058s] copying move_back/move_back_node.py -> /home/kakacafu/gazebo2/build/move_back/build/lib/move_back
[7.058s] running install
[7.059s] running install_lib
[7.064s] creating /home/kakacafu/gazebo2/install/move_back/lib/python3.10/site-packages/move_back
[7.064s] copying /home/kakacafu/gazebo2/build/move_back/build/lib/move_back/__init__.py -> /home/kakacafu/gazebo2/install/move_back/lib/python3.10/site-packages/move_back
[7.064s] copying /home/kakacafu/gazebo2/build/move_back/build/lib/move_back/move_back_node.py -> /home/kakacafu/gazebo2/install/move_back/lib/python3.10/site-packages/move_back
[7.064s] byte-compiling /home/kakacafu/gazebo2/install/move_back/lib/python3.10/site-packages/move_back/__init__.py to __init__.cpython-310.pyc
[7.064s] byte-compiling /home/kakacafu/gazebo2/install/move_back/lib/python3.10/site-packages/move_back/move_back_node.py to move_back_node.cpython-310.pyc
[7.065s] running install_data
[7.065s] creating /home/kakacafu/gazebo2/install/move_back/share/ament_index
[7.065s] creating /home/kakacafu/gazebo2/install/move_back/share/ament_index/resource_index
[7.065s] creating /home/kakacafu/gazebo2/install/move_back/share/ament_index/resource_index/packages
[7.065s] copying resource/move_back -> /home/kakacafu/gazebo2/install/move_back/share/ament_index/resource_index/packages
[7.065s] copying package.xml -> /home/kakacafu/gazebo2/install/move_back/share/move_back
[7.066s] running install_egg_info
[7.070s] Copying ../../build/move_back/move_back.egg-info to /home/kakacafu/gazebo2/install/move_back/lib/python3.10/site-packages/move_back-0.0.0-py3.10.egg-info
[7.072s] running install_scripts
[7.137s] Installing move_back_node script to /home/kakacafu/gazebo2/install/move_back/lib/move_back
[7.137s] writing list of installed files to '/home/kakacafu/gazebo2/build/move_back/install.log'
[7.188s] Invoked command in '/home/kakacafu/gazebo2/src/move_back' returned '0': PYTHONPATH=/home/kakacafu/gazebo2/build/move_back/prefix_override:/home/kakacafu/gazebo2/install/move_back/lib/python3.10/site-packages:${PYTHONPATH} /usr/bin/python3 setup.py egg_info --egg-base ../../build/move_back build --build-base /home/kakacafu/gazebo2/build/move_back/build install --record /home/kakacafu/gazebo2/build/move_back/install.log --single-version-externally-managed
