[0.000000] (-) TimerEvent: {}
[0.000397] (publisher) JobQueued: {'identifier': 'publisher', 'dependencies': OrderedDict()}
[0.000482] (robot_gazebo_test_description) JobQueued: {'identifier': 'robot_gazebo_test_description', 'dependencies': OrderedDict()}
[0.000546] (publisher) JobStarted: {'identifier': 'publisher'}
[0.088112] (-) TimerEvent: {}
[0.192942] (-) TimerEvent: {}
[0.296932] (robot_gazebo_test_description) JobStarted: {'identifier': 'robot_gazebo_test_description'}
[0.297415] (-) TimerEvent: {}
[0.397950] (-) TimerEvent: {}
[0.499037] (-) TimerEvent: {}
[0.599585] (-) TimerEvent: {}
[0.700209] (-) TimerEvent: {}
[0.800939] (-) TimerEvent: {}
[0.901451] (-) TimerEvent: {}
[1.002224] (-) TimerEvent: {}
[1.102873] (-) TimerEvent: {}
[1.203433] (-) TimerEvent: {}
[1.304926] (-) TimerEvent: {}
[1.405471] (-) TimerEvent: {}
[1.506089] (-) TimerEvent: {}
[1.606697] (-) TimerEvent: {}
[1.707215] (-) TimerEvent: {}
[1.807722] (-) TimerEvent: {}
[1.908248] (-) TimerEvent: {}
[2.008930] (-) TimerEvent: {}
[2.109552] (-) TimerEvent: {}
[2.210368] (-) TimerEvent: {}
[2.310922] (-) TimerEvent: {}
[2.411470] (-) TimerEvent: {}
[2.512024] (-) TimerEvent: {}
[2.612588] (-) TimerEvent: {}
[2.713433] (-) TimerEvent: {}
[2.814102] (-) TimerEvent: {}
[2.879662] (robot_gazebo_test_description) StderrLine: {'line': b'Traceback (most recent call last):\n  File "/usr/lib/python3/dist-packages/colcon_core/executor/__init__.py", line 91, in __call__\n    rc = await self.task(*args, **kwargs)\n  File "/usr/lib/python3/dist-packages/colcon_core/task/__init__.py", line 93, in __call__\n    return await task_method(*args, **kwargs)\n  File "/usr/lib/python3/dist-packages/colcon_ros/task/ament_python/build.py", line 102, in build\n    return await extension.build(additional_hooks=additional_hooks)\n  File "/usr/lib/python3/dist-packages/colcon_core/task/python/build.py", line 85, in build\n    available_commands = await self._get_available_commands(\n  File "/usr/lib/python3/dist-packages/colcon_core/task/python/build.py", line 175, in _get_available_commands\n    output = await check_output(\n  File "/usr/lib/python3/dist-packages/colcon_core/subprocess.py", line 129, in check_output\n    assert not rc, f\'Expected {args} to pass: {stderr_data}\'\nAssertionError: Expected [\'/usr/bin/python3\', \'setup.py\', \'--help-commands\'] to pass: Traceback (most recent call last):\n  File "/home/kakacafu/gazebo2/src/robot_gazebo_test_description/setup.py", line 7, in <module>\n    setup(\n  File "/home/kakacafu/.local/lib/python3.10/site-packages/setuptools/__init__.py", line 153, in setup\n    return distutils.core.setup(**attrs)\n  File "/usr/lib/python3.10/distutils/core.py", line 134, in setup\n    ok = dist.parse_command_line()\n  File "/usr/lib/python3.10/distutils/dist.py", line 480, in parse_command_line\n    if self.handle_display_options(option_order):\n  File "/home/kakacafu/.local/lib/python3.10/site-packages/setuptools/dist.py", line 981, in handle_display_options\n    return _Distribution.handle_display_options(self, option_order)\n  File "/usr/lib/python3.10/distutils/dist.py", line 683, in handle_display_options\n    self.print_commands()\n  File "/home/kakacafu/.local/lib/python3.10/site-packages/setuptools/dist.py", line 751, in print_commands\n    cmdclass = ep.resolve()\n  File "/home/kakacafu/.local/lib/python3.10/site-packages/pkg_resources/__init__.py", line 2453, in resolve\n    module = __import__(self.module_name, fromlist=[\'__name__\'], level=0)\n  File "/home/kakacafu/.local/lib/python3.10/site-packages/setuptools/command/bdist_wininst.py", line 1, in <module>\n    import distutils.command.bdist_wininst as orig\nModuleNotFoundError: No module named \'distutils.command.bdist_wininst\'\n\n'}
[2.880545] (robot_gazebo_test_description) JobEnded: {'identifier': 'robot_gazebo_test_description', 'rc': 1}
[2.915385] (-) TimerEvent: {}
[3.015999] (-) TimerEvent: {}
[3.029917] (publisher) JobEnded: {'identifier': 'publisher', 'rc': 'SIGINT'}
[3.041741] (-) EventReactorShutdown: {}
