[13.507s] Invoking command in '/home/kakacafu/gazebo2/src/publisher': PYTHONPATH=/home/kakacafu/gazebo2/build/publisher/prefix_override:/home/kakacafu/gazebo2/install/publisher/lib/python3.10/site-packages:${PYTHONPATH} /usr/bin/python3 setup.py egg_info --egg-base ../../build/publisher build --build-base /home/kakacafu/gazebo2/build/publisher/build install --record /home/kakacafu/gazebo2/build/publisher/install.log --single-version-externally-managed
[17.430s] running egg_info
[17.445s] writing ../../build/publisher/publisher.egg-info/PKG-INFO
[17.502s] writing dependency_links to ../../build/publisher/publisher.egg-info/dependency_links.txt
[17.502s] writing entry points to ../../build/publisher/publisher.egg-info/entry_points.txt
[17.502s] writing requirements to ../../build/publisher/publisher.egg-info/requires.txt
[17.503s] writing top-level names to ../../build/publisher/publisher.egg-info/top_level.txt
[17.538s] reading manifest file '../../build/publisher/publisher.egg-info/SOURCES.txt'
[17.545s] writing manifest file '../../build/publisher/publisher.egg-info/SOURCES.txt'
[17.561s] running build
[17.562s] running build_py
[17.573s] running install
[17.588s] running install_lib
[17.624s] running install_data
[17.624s] running install_egg_info
[17.625s] removing '/home/kakacafu/gazebo2/install/publisher/lib/python3.10/site-packages/publisher-0.0.0-py3.10.egg-info' (and everything under it)
[17.650s] Copying ../../build/publisher/publisher.egg-info to /home/kakacafu/gazebo2/install/publisher/lib/python3.10/site-packages/publisher-0.0.0-py3.10.egg-info
[17.697s] running install_scripts
[18.021s] Installing publisher_node script to /home/kakacafu/gazebo2/install/publisher/lib/publisher
[18.062s] writing list of installed files to '/home/kakacafu/gazebo2/build/publisher/install.log'
[19.823s] Invoked command in '/home/kakacafu/gazebo2/src/publisher' returned '0': PYTHONPATH=/home/kakacafu/gazebo2/build/publisher/prefix_override:/home/kakacafu/gazebo2/install/publisher/lib/python3.10/site-packages:${PYTHONPATH} /usr/bin/python3 setup.py egg_info --egg-base ../../build/publisher build --build-base /home/kakacafu/gazebo2/build/publisher/build install --record /home/kakacafu/gazebo2/build/publisher/install.log --single-version-externally-managed
