[3.644s] Invoking command in '/home/kakacafu/gazebo2/src/publisher': PYTHONPATH=/home/kakacafu/gazebo2/build/publisher/prefix_override:/home/kakacafu/gazebo2/install/publisher/lib/python3.10/site-packages:${PYTHONPATH} /usr/bin/python3 setup.py egg_info --egg-base ../../build/publisher build --build-base /home/kakacafu/gazebo2/build/publisher/build install --record /home/kakacafu/gazebo2/build/publisher/install.log --single-version-externally-managed
[4.336s] running egg_info
[4.338s] writing ../../build/publisher/publisher.egg-info/PKG-INFO
[4.339s] writing dependency_links to ../../build/publisher/publisher.egg-info/dependency_links.txt
[4.340s] writing entry points to ../../build/publisher/publisher.egg-info/entry_points.txt
[4.341s] writing requirements to ../../build/publisher/publisher.egg-info/requires.txt
[4.343s] writing top-level names to ../../build/publisher/publisher.egg-info/top_level.txt
[4.416s] reading manifest file '../../build/publisher/publisher.egg-info/SOURCES.txt'
[4.419s] writing manifest file '../../build/publisher/publisher.egg-info/SOURCES.txt'
[4.422s] running build
[4.423s] running build_py
[4.427s] running install
[4.429s] running install_lib
[4.433s] running install_data
[4.437s] running install_egg_info
[4.451s] removing '/home/kakacafu/gazebo2/install/publisher/lib/python3.10/site-packages/publisher-0.0.0-py3.10.egg-info' (and everything under it)
[4.458s] Copying ../../build/publisher/publisher.egg-info to /home/kakacafu/gazebo2/install/publisher/lib/python3.10/site-packages/publisher-0.0.0-py3.10.egg-info
[4.463s] running install_scripts
[4.552s] Installing publisher_node script to /home/kakacafu/gazebo2/install/publisher/lib/publisher
[4.557s] writing list of installed files to '/home/kakacafu/gazebo2/build/publisher/install.log'
[4.813s] Invoked command in '/home/kakacafu/gazebo2/src/publisher' returned '0': PYTHONPATH=/home/kakacafu/gazebo2/build/publisher/prefix_override:/home/kakacafu/gazebo2/install/publisher/lib/python3.10/site-packages:${PYTHONPATH} /usr/bin/python3 setup.py egg_info --egg-base ../../build/publisher build --build-base /home/kakacafu/gazebo2/build/publisher/build install --record /home/kakacafu/gazebo2/build/publisher/install.log --single-version-externally-managed
