[9.707s] Invoking command in '/home/kakacafu/gazebo2/src/move': PYTHONPATH=/home/kakacafu/gazebo2/build/move/prefix_override:/home/kakacafu/gazebo2/install/move/lib/python3.10/site-packages:${PYTHONPATH} /usr/bin/python3 setup.py egg_info --egg-base ../../build/move build --build-base /home/kakacafu/gazebo2/build/move/build install --record /home/kakacafu/gazebo2/build/move/install.log --single-version-externally-managed
[12.669s] running egg_info
[12.689s] writing ../../build/move/move.egg-info/PKG-INFO
[12.698s] writing dependency_links to ../../build/move/move.egg-info/dependency_links.txt
[12.704s] writing entry points to ../../build/move/move.egg-info/entry_points.txt
[12.725s] writing requirements to ../../build/move/move.egg-info/requires.txt
[12.725s] writing top-level names to ../../build/move/move.egg-info/top_level.txt
[12.754s] reading manifest file '../../build/move/move.egg-info/SOURCES.txt'
[12.757s] writing manifest file '../../build/move/move.egg-info/SOURCES.txt'
[12.760s] running build
[12.762s] running build_py
[12.767s] running install
[12.773s] running install_lib
[12.784s] running install_data
[12.793s] running install_egg_info
[12.818s] removing '/home/kakacafu/gazebo2/install/move/lib/python3.10/site-packages/move-0.0.0-py3.10.egg-info' (and everything under it)
[12.838s] Copying ../../build/move/move.egg-info to /home/kakacafu/gazebo2/install/move/lib/python3.10/site-packages/move-0.0.0-py3.10.egg-info
[12.859s] running install_scripts
[13.085s] Installing move_node script to /home/kakacafu/gazebo2/install/move/lib/move
[13.091s] writing list of installed files to '/home/kakacafu/gazebo2/build/move/install.log'
[14.057s] Invoked command in '/home/kakacafu/gazebo2/src/move' returned '0': PYTHONPATH=/home/kakacafu/gazebo2/build/move/prefix_override:/home/kakacafu/gazebo2/install/move/lib/python3.10/site-packages:${PYTHONPATH} /usr/bin/python3 setup.py egg_info --egg-base ../../build/move build --build-base /home/kakacafu/gazebo2/build/move/build install --record /home/kakacafu/gazebo2/build/move/install.log --single-version-externally-managed
