[14.171s] Invoking command in '/home/kakacafu/gazebo2/src/move': PYTHONPATH=/home/kakacafu/gazebo2/build/move/prefix_override:/home/kakacafu/gazebo2/install/move/lib/python3.10/site-packages:${PYTHONPATH} /usr/bin/python3 setup.py egg_info --egg-base ../../build/move build --build-base /home/kakacafu/gazebo2/build/move/build install --record /home/kakacafu/gazebo2/build/move/install.log --single-version-externally-managed
[17.884s] running egg_info
[17.925s] writing ../../build/move/move.egg-info/PKG-INFO
[17.933s] writing dependency_links to ../../build/move/move.egg-info/dependency_links.txt
[17.934s] writing entry points to ../../build/move/move.egg-info/entry_points.txt
[17.937s] writing requirements to ../../build/move/move.egg-info/requires.txt
[17.939s] writing top-level names to ../../build/move/move.egg-info/top_level.txt
[17.940s] reading manifest file '../../build/move/move.egg-info/SOURCES.txt'
[17.940s] writing manifest file '../../build/move/move.egg-info/SOURCES.txt'
[17.940s] running build
[17.941s] running build_py
[17.972s] running install
[17.974s] running install_lib
[17.975s] running install_data
[17.986s] running install_egg_info
[18.013s] removing '/home/kakacafu/gazebo2/install/move/lib/python3.10/site-packages/move-0.0.0-py3.10.egg-info' (and everything under it)
[18.014s] Copying ../../build/move/move.egg-info to /home/kakacafu/gazebo2/install/move/lib/python3.10/site-packages/move-0.0.0-py3.10.egg-info
[18.030s] running install_scripts
[18.265s] Installing move_node script to /home/kakacafu/gazebo2/install/move/lib/move
[18.274s] writing list of installed files to '/home/kakacafu/gazebo2/build/move/install.log'
[18.512s] Invoked command in '/home/kakacafu/gazebo2/src/move' returned '0': PYTHONPATH=/home/kakacafu/gazebo2/build/move/prefix_override:/home/kakacafu/gazebo2/install/move/lib/python3.10/site-packages:${PYTHONPATH} /usr/bin/python3 setup.py egg_info --egg-base ../../build/move build --build-base /home/kakacafu/gazebo2/build/move/build install --record /home/kakacafu/gazebo2/build/move/install.log --single-version-externally-managed
