[2.901s] Invoking command in '/home/kakacafu/gazebo2/src/publisher': PYTHONPATH=/home/kakacafu/gazebo2/build/publisher/prefix_override:/home/kakacafu/gazebo2/install/publisher/lib/python3.10/site-packages:${PYTHONPATH} /usr/bin/python3 setup.py egg_info --egg-base ../../build/publisher build --build-base /home/kakacafu/gazebo2/build/publisher/build install --record /home/kakacafu/gazebo2/build/publisher/install.log --single-version-externally-managed
[3.927s] running egg_info
[3.929s] writing ../../build/publisher/publisher.egg-info/PKG-INFO
[3.929s] writing dependency_links to ../../build/publisher/publisher.egg-info/dependency_links.txt
[3.930s] writing entry points to ../../build/publisher/publisher.egg-info/entry_points.txt
[3.931s] writing requirements to ../../build/publisher/publisher.egg-info/requires.txt
[3.932s] writing top-level names to ../../build/publisher/publisher.egg-info/top_level.txt
[3.932s] reading manifest file '../../build/publisher/publisher.egg-info/SOURCES.txt'
[3.933s] writing manifest file '../../build/publisher/publisher.egg-info/SOURCES.txt'
[3.933s] running build
[3.934s] running build_py
[3.935s] running install
[3.935s] running install_lib
[3.941s] running install_data
[3.942s] running install_egg_info
[3.953s] removing '/home/kakacafu/gazebo2/install/publisher/lib/python3.10/site-packages/publisher-0.0.0-py3.10.egg-info' (and everything under it)
[3.954s] Copying ../../build/publisher/publisher.egg-info to /home/kakacafu/gazebo2/install/publisher/lib/python3.10/site-packages/publisher-0.0.0-py3.10.egg-info
[3.957s] running install_scripts
[4.022s] Installing publisher_node script to /home/kakacafu/gazebo2/install/publisher/lib/publisher
[4.023s] writing list of installed files to '/home/kakacafu/gazebo2/build/publisher/install.log'
[4.054s] Invoked command in '/home/kakacafu/gazebo2/src/publisher' returned '0': PYTHONPATH=/home/kakacafu/gazebo2/build/publisher/prefix_override:/home/kakacafu/gazebo2/install/publisher/lib/python3.10/site-packages:${PYTHONPATH} /usr/bin/python3 setup.py egg_info --egg-base ../../build/publisher build --build-base /home/kakacafu/gazebo2/build/publisher/build install --record /home/kakacafu/gazebo2/build/publisher/install.log --single-version-externally-managed
