[5.644s] Invoking command in '/home/kakacafu/gazebo2/src/publisher': PYTHONPATH=/home/kakacafu/gazebo2/build/publisher/prefix_override:/home/kakacafu/gazebo2/install/publisher/lib/python3.10/site-packages:${PYTHONPATH} /usr/bin/python3 setup.py egg_info --egg-base ../../build/publisher build --build-base /home/kakacafu/gazebo2/build/publisher/build install --record /home/kakacafu/gazebo2/build/publisher/install.log --single-version-externally-managed
[6.693s] running egg_info
[6.698s] writing ../../build/publisher/publisher.egg-info/PKG-INFO
[6.698s] writing dependency_links to ../../build/publisher/publisher.egg-info/dependency_links.txt
[6.698s] writing entry points to ../../build/publisher/publisher.egg-info/entry_points.txt
[6.699s] writing requirements to ../../build/publisher/publisher.egg-info/requires.txt
[6.701s] writing top-level names to ../../build/publisher/publisher.egg-info/top_level.txt
[6.705s] reading manifest file '../../build/publisher/publisher.egg-info/SOURCES.txt'
[6.708s] writing manifest file '../../build/publisher/publisher.egg-info/SOURCES.txt'
[6.710s] running build
[6.710s] running build_py
[6.715s] running install
[6.715s] running install_lib
[6.715s] running install_data
[6.715s] running install_egg_info
[6.731s] removing '/home/kakacafu/gazebo2/install/publisher/lib/python3.10/site-packages/publisher-0.0.0-py3.10.egg-info' (and everything under it)
[6.731s] Copying ../../build/publisher/publisher.egg-info to /home/kakacafu/gazebo2/install/publisher/lib/python3.10/site-packages/publisher-0.0.0-py3.10.egg-info
[6.732s] running install_scripts
[6.774s] Installing publisher_node script to /home/kakacafu/gazebo2/install/publisher/lib/publisher
[6.776s] writing list of installed files to '/home/kakacafu/gazebo2/build/publisher/install.log'
[7.258s] Invoked command in '/home/kakacafu/gazebo2/src/publisher' returned '0': PYTHONPATH=/home/kakacafu/gazebo2/build/publisher/prefix_override:/home/kakacafu/gazebo2/install/publisher/lib/python3.10/site-packages:${PYTHONPATH} /usr/bin/python3 setup.py egg_info --egg-base ../../build/publisher build --build-base /home/kakacafu/gazebo2/build/publisher/build install --record /home/kakacafu/gazebo2/build/publisher/install.log --single-version-externally-managed
