[6.080s] Invoking command in '/home/kakacafu/gazebo2/src/move': PYTHONPATH=/home/kakacafu/gazebo2/build/move/prefix_override:/home/kakacafu/gazebo2/install/move/lib/python3.10/site-packages:${PYTHONPATH} /usr/bin/python3 setup.py egg_info --egg-base ../../build/move build --build-base /home/kakacafu/gazebo2/build/move/build install --record /home/kakacafu/gazebo2/build/move/install.log --single-version-externally-managed
[7.953s] running egg_info
[7.960s] writing ../../build/move/move.egg-info/PKG-INFO
[7.962s] writing dependency_links to ../../build/move/move.egg-info/dependency_links.txt
[7.966s] writing entry points to ../../build/move/move.egg-info/entry_points.txt
[7.966s] writing requirements to ../../build/move/move.egg-info/requires.txt
[7.966s] writing top-level names to ../../build/move/move.egg-info/top_level.txt
[7.977s] reading manifest file '../../build/move/move.egg-info/SOURCES.txt'
[7.981s] writing manifest file '../../build/move/move.egg-info/SOURCES.txt'
[7.983s] running build
[7.983s] running build_py
[7.991s] running install
[7.994s] running install_lib
[8.001s] running install_data
[8.003s] running install_egg_info
[8.025s] removing '/home/kakacafu/gazebo2/install/move/lib/python3.10/site-packages/move-0.0.0-py3.10.egg-info' (and everything under it)
[8.029s] Copying ../../build/move/move.egg-info to /home/kakacafu/gazebo2/install/move/lib/python3.10/site-packages/move-0.0.0-py3.10.egg-info
[8.052s] running install_scripts
[8.168s] Installing move_node script to /home/kakacafu/gazebo2/install/move/lib/move
[8.173s] writing list of installed files to '/home/kakacafu/gazebo2/build/move/install.log'
[8.314s] Invoked command in '/home/kakacafu/gazebo2/src/move' returned '0': PYTHONPATH=/home/kakacafu/gazebo2/build/move/prefix_override:/home/kakacafu/gazebo2/install/move/lib/python3.10/site-packages:${PYTHONPATH} /usr/bin/python3 setup.py egg_info --egg-base ../../build/move build --build-base /home/kakacafu/gazebo2/build/move/build install --record /home/kakacafu/gazebo2/build/move/install.log --single-version-externally-managed
