[5.859s] Invoking command in '/home/kakacafu/gazebo2/src/publisher': PYTHONPATH=/home/kakacafu/gazebo2/build/publisher/prefix_override:/home/kakacafu/gazebo2/install/publisher/lib/python3.10/site-packages:${PYTHONPATH} /usr/bin/python3 setup.py egg_info --egg-base ../../build/publisher build --build-base /home/kakacafu/gazebo2/build/publisher/build install --record /home/kakacafu/gazebo2/build/publisher/install.log --single-version-externally-managed
[7.887s] running egg_info
[7.899s] writing ../../build/publisher/publisher.egg-info/PKG-INFO
[7.906s] writing dependency_links to ../../build/publisher/publisher.egg-info/dependency_links.txt
[7.906s] writing entry points to ../../build/publisher/publisher.egg-info/entry_points.txt
[7.910s] writing requirements to ../../build/publisher/publisher.egg-info/requires.txt
[7.911s] writing top-level names to ../../build/publisher/publisher.egg-info/top_level.txt
[7.922s] reading manifest file '../../build/publisher/publisher.egg-info/SOURCES.txt'
[7.928s] writing manifest file '../../build/publisher/publisher.egg-info/SOURCES.txt'
[7.932s] running build
[7.933s] running build_py
[7.935s] running install
[7.937s] running install_lib
[7.949s] running install_data
[7.953s] running install_egg_info
[7.965s] removing '/home/kakacafu/gazebo2/install/publisher/lib/python3.10/site-packages/publisher-0.0.0-py3.10.egg-info' (and everything under it)
[7.967s] Copying ../../build/publisher/publisher.egg-info to /home/kakacafu/gazebo2/install/publisher/lib/python3.10/site-packages/publisher-0.0.0-py3.10.egg-info
[7.982s] running install_scripts
[8.113s] Installing publisher_node script to /home/kakacafu/gazebo2/install/publisher/lib/publisher
[8.118s] writing list of installed files to '/home/kakacafu/gazebo2/build/publisher/install.log'
[8.483s] Invoked command in '/home/kakacafu/gazebo2/src/publisher' returned '0': PYTHONPATH=/home/kakacafu/gazebo2/build/publisher/prefix_override:/home/kakacafu/gazebo2/install/publisher/lib/python3.10/site-packages:${PYTHONPATH} /usr/bin/python3 setup.py egg_info --egg-base ../../build/publisher build --build-base /home/kakacafu/gazebo2/build/publisher/build install --record /home/kakacafu/gazebo2/build/publisher/install.log --single-version-externally-managed
