[12.177s] Invoking command in '/home/kakacafu/gazebo2/src/move': PYTHONPATH=/home/kakacafu/gazebo2/build/move/prefix_override:/home/kakacafu/gazebo2/install/move/lib/python3.10/site-packages:${PYTHONPATH} /usr/bin/python3 setup.py egg_info --egg-base ../../build/move build --build-base /home/kakacafu/gazebo2/build/move/build install --record /home/kakacafu/gazebo2/build/move/install.log --single-version-externally-managed
[16.481s] running egg_info
[16.493s] writing ../../build/move/move.egg-info/PKG-INFO
[16.496s] writing dependency_links to ../../build/move/move.egg-info/dependency_links.txt
[16.513s] writing entry points to ../../build/move/move.egg-info/entry_points.txt
[16.526s] writing requirements to ../../build/move/move.egg-info/requires.txt
[16.527s] writing top-level names to ../../build/move/move.egg-info/top_level.txt
[16.597s] reading manifest file '../../build/move/move.egg-info/SOURCES.txt'
[16.598s] writing manifest file '../../build/move/move.egg-info/SOURCES.txt'
[16.600s] running build
[16.646s] running build_py
[16.649s] running install
[16.650s] running install_lib
[16.664s] running install_data
[16.668s] running install_egg_info
[16.717s] removing '/home/kakacafu/gazebo2/install/move/lib/python3.10/site-packages/move-0.0.0-py3.10.egg-info' (and everything under it)
[16.729s] Copying ../../build/move/move.egg-info to /home/kakacafu/gazebo2/install/move/lib/python3.10/site-packages/move-0.0.0-py3.10.egg-info
[16.763s] running install_scripts
[17.004s] Installing move_node script to /home/kakacafu/gazebo2/install/move/lib/move
[17.007s] writing list of installed files to '/home/kakacafu/gazebo2/build/move/install.log'
[18.333s] Invoked command in '/home/kakacafu/gazebo2/src/move' returned '0': PYTHONPATH=/home/kakacafu/gazebo2/build/move/prefix_override:/home/kakacafu/gazebo2/install/move/lib/python3.10/site-packages:${PYTHONPATH} /usr/bin/python3 setup.py egg_info --egg-base ../../build/move build --build-base /home/kakacafu/gazebo2/build/move/build install --record /home/kakacafu/gazebo2/build/move/install.log --single-version-externally-managed
