[10.906s] Invoking command in '/home/kakacafu/gazebo2/src/move': PYTHONPATH=/home/kakacafu/gazebo2/build/move/prefix_override:/home/kakacafu/gazebo2/install/move/lib/python3.10/site-packages:${PYTHONPATH} /usr/bin/python3 setup.py egg_info --egg-base ../../build/move build --build-base /home/kakacafu/gazebo2/build/move/build install --record /home/kakacafu/gazebo2/build/move/install.log --single-version-externally-managed
[14.146s] running egg_info
[14.150s] writing ../../build/move/move.egg-info/PKG-INFO
[14.153s] writing dependency_links to ../../build/move/move.egg-info/dependency_links.txt
[14.157s] writing entry points to ../../build/move/move.egg-info/entry_points.txt
[14.162s] writing requirements to ../../build/move/move.egg-info/requires.txt
[14.164s] writing top-level names to ../../build/move/move.egg-info/top_level.txt
[14.177s] reading manifest file '../../build/move/move.egg-info/SOURCES.txt'
[14.219s] writing manifest file '../../build/move/move.egg-info/SOURCES.txt'
[14.222s] running build
[14.226s] running build_py
[14.241s] running install
[14.242s] running install_lib
[14.263s] running install_data
[14.269s] running install_egg_info
[14.321s] removing '/home/kakacafu/gazebo2/install/move/lib/python3.10/site-packages/move-0.0.0-py3.10.egg-info' (and everything under it)
[14.332s] Copying ../../build/move/move.egg-info to /home/kakacafu/gazebo2/install/move/lib/python3.10/site-packages/move-0.0.0-py3.10.egg-info
[14.339s] running install_scripts
[14.640s] Installing move_node script to /home/kakacafu/gazebo2/install/move/lib/move
[14.652s] writing list of installed files to '/home/kakacafu/gazebo2/build/move/install.log'
[14.855s] Invoked command in '/home/kakacafu/gazebo2/src/move' returned '0': PYTHONPATH=/home/kakacafu/gazebo2/build/move/prefix_override:/home/kakacafu/gazebo2/install/move/lib/python3.10/site-packages:${PYTHONPATH} /usr/bin/python3 setup.py egg_info --egg-base ../../build/move build --build-base /home/kakacafu/gazebo2/build/move/build install --record /home/kakacafu/gazebo2/build/move/install.log --single-version-externally-managed
