running egg_info
creating ../../build/move_front/move_front.egg-info
writing ../../build/move_front/move_front.egg-info/PKG-INFO
writing dependency_links to ../../build/move_front/move_front.egg-info/dependency_links.txt
writing entry points to ../../build/move_front/move_front.egg-info/entry_points.txt
writing requirements to ../../build/move_front/move_front.egg-info/requires.txt
writing top-level names to ../../build/move_front/move_front.egg-info/top_level.txt
writing manifest file '../../build/move_front/move_front.egg-info/SOURCES.txt'
reading manifest file '../../build/move_front/move_front.egg-info/SOURCES.txt'
writing manifest file '../../build/move_front/move_front.egg-info/SOURCES.txt'
running build
running build_py
creating /home/kakacafu/gazebo2/build/move_front/build
creating /home/kakacafu/gazebo2/build/move_front/build/lib
creating /home/kakacafu/gazebo2/build/move_front/build/lib/move_front
copying move_front/__init__.py -> /home/kakacafu/gazebo2/build/move_front/build/lib/move_front
copying move_front/move_front_node.py -> /home/kakacafu/gazebo2/build/move_front/build/lib/move_front
running install
running install_lib
creating /home/kakacafu/gazebo2/install/move_front/lib/python3.10/site-packages/move_front
copying /home/kakacafu/gazebo2/build/move_front/build/lib/move_front/__init__.py -> /home/kakacafu/gazebo2/install/move_front/lib/python3.10/site-packages/move_front
copying /home/kakacafu/gazebo2/build/move_front/build/lib/move_front/move_front_node.py -> /home/kakacafu/gazebo2/install/move_front/lib/python3.10/site-packages/move_front
byte-compiling /home/kakacafu/gazebo2/install/move_front/lib/python3.10/site-packages/move_front/__init__.py to __init__.cpython-310.pyc
byte-compiling /home/kakacafu/gazebo2/install/move_front/lib/python3.10/site-packages/move_front/move_front_node.py to move_front_node.cpython-310.pyc
running install_data
creating /home/kakacafu/gazebo2/install/move_front/share/ament_index
creating /home/kakacafu/gazebo2/install/move_front/share/ament_index/resource_index
creating /home/kakacafu/gazebo2/install/move_front/share/ament_index/resource_index/packages
copying resource/move_front -> /home/kakacafu/gazebo2/install/move_front/share/ament_index/resource_index/packages
copying package.xml -> /home/kakacafu/gazebo2/install/move_front/share/move_front
running install_egg_info
Copying ../../build/move_front/move_front.egg-info to /home/kakacafu/gazebo2/install/move_front/lib/python3.10/site-packages/move_front-0.0.0-py3.10.egg-info
running install_scripts
Installing move_front_node script to /home/kakacafu/gazebo2/install/move_front/lib/move_front
writing list of installed files to '/home/kakacafu/gazebo2/build/move_front/install.log'
