[5.821s] Invoking command in '/home/kakacafu/gazebo2/src/move_front': PYTHONPATH=/home/kakacafu/gazebo2/build/move_front/prefix_override:/home/kakacafu/gazebo2/install/move_front/lib/python3.10/site-packages:${PYTHONPATH} /usr/bin/python3 setup.py egg_info --egg-base ../../build/move_front build --build-base /home/kakacafu/gazebo2/build/move_front/build install --record /home/kakacafu/gazebo2/build/move_front/install.log --single-version-externally-managed
[6.790s] running egg_info
[6.791s] creating ../../build/move_front/move_front.egg-info
[6.792s] writing ../../build/move_front/move_front.egg-info/PKG-INFO
[6.792s] writing dependency_links to ../../build/move_front/move_front.egg-info/dependency_links.txt
[6.795s] writing entry points to ../../build/move_front/move_front.egg-info/entry_points.txt
[6.795s] writing requirements to ../../build/move_front/move_front.egg-info/requires.txt
[6.795s] writing top-level names to ../../build/move_front/move_front.egg-info/top_level.txt
[6.796s] writing manifest file '../../build/move_front/move_front.egg-info/SOURCES.txt'
[6.800s] reading manifest file '../../build/move_front/move_front.egg-info/SOURCES.txt'
[6.807s] writing manifest file '../../build/move_front/move_front.egg-info/SOURCES.txt'
[6.808s] running build
[6.808s] running build_py
[6.808s] creating /home/kakacafu/gazebo2/build/move_front/build
[6.808s] creating /home/kakacafu/gazebo2/build/move_front/build/lib
[6.809s] creating /home/kakacafu/gazebo2/build/move_front/build/lib/move_front
[6.809s] copying move_front/__init__.py -> /home/kakacafu/gazebo2/build/move_front/build/lib/move_front
[6.809s] copying move_front/move_front_node.py -> /home/kakacafu/gazebo2/build/move_front/build/lib/move_front
[6.809s] running install
[6.812s] running install_lib
[6.815s] creating /home/kakacafu/gazebo2/install/move_front/lib/python3.10/site-packages/move_front
[6.815s] copying /home/kakacafu/gazebo2/build/move_front/build/lib/move_front/__init__.py -> /home/kakacafu/gazebo2/install/move_front/lib/python3.10/site-packages/move_front
[6.815s] copying /home/kakacafu/gazebo2/build/move_front/build/lib/move_front/move_front_node.py -> /home/kakacafu/gazebo2/install/move_front/lib/python3.10/site-packages/move_front
[6.816s] byte-compiling /home/kakacafu/gazebo2/install/move_front/lib/python3.10/site-packages/move_front/__init__.py to __init__.cpython-310.pyc
[6.818s] byte-compiling /home/kakacafu/gazebo2/install/move_front/lib/python3.10/site-packages/move_front/move_front_node.py to move_front_node.cpython-310.pyc
[6.818s] running install_data
[6.820s] creating /home/kakacafu/gazebo2/install/move_front/share/ament_index
[6.820s] creating /home/kakacafu/gazebo2/install/move_front/share/ament_index/resource_index
[6.820s] creating /home/kakacafu/gazebo2/install/move_front/share/ament_index/resource_index/packages
[6.820s] copying resource/move_front -> /home/kakacafu/gazebo2/install/move_front/share/ament_index/resource_index/packages
[6.821s] copying package.xml -> /home/kakacafu/gazebo2/install/move_front/share/move_front
[6.821s] running install_egg_info
[6.825s] Copying ../../build/move_front/move_front.egg-info to /home/kakacafu/gazebo2/install/move_front/lib/python3.10/site-packages/move_front-0.0.0-py3.10.egg-info
[6.827s] running install_scripts
[6.879s] Installing move_front_node script to /home/kakacafu/gazebo2/install/move_front/lib/move_front
[6.879s] writing list of installed files to '/home/kakacafu/gazebo2/build/move_front/install.log'
[7.369s] Invoked command in '/home/kakacafu/gazebo2/src/move_front' returned '0': PYTHONPATH=/home/kakacafu/gazebo2/build/move_front/prefix_override:/home/kakacafu/gazebo2/install/move_front/lib/python3.10/site-packages:${PYTHONPATH} /usr/bin/python3 setup.py egg_info --egg-base ../../build/move_front build --build-base /home/kakacafu/gazebo2/build/move_front/build install --record /home/kakacafu/gazebo2/build/move_front/install.log --single-version-externally-managed
