[2.833s] DEBUG:colcon:Command line arguments: ['/usr/bin/colcon', 'build']
[2.833s] DEBUG:colcon:Parsed command line arguments: Namespace(log_base=None, log_level=None, verb_name='build', build_base='build', install_base='install', merge_install=False, symlink_install=False, test_result_base=None, continue_on_error=False, executor='parallel', parallel_workers=4, event_handlers=None, ignore_user_meta=False, metas=['./colcon.meta'], base_paths=['.'], packages_ignore=None, packages_ignore_regex=None, paths=None, packages_up_to=None, packages_up_to_regex=None, packages_above=None, packages_above_and_dependencies=None, packages_above_depth=None, packages_select_by_dep=None, packages_skip_by_dep=None, packages_skip_up_to=None, packages_select_build_failed=False, packages_skip_build_finished=False, packages_select_test_failures=False, packages_skip_test_passed=False, packages_select=None, packages_skip=None, packages_select_regex=None, packages_skip_regex=None, packages_start=None, packages_end=None, allow_overriding=[], cmake_args=None, cmake_target=None, cmake_target_skip_unavailable=False, cmake_clean_cache=False, cmake_clean_first=False, cmake_force_configure=False, ament_cmake_args=None, catkin_cmake_args=None, catkin_skip_building_tests=False, verb_parser=<colcon_defaults.argument_parser.defaults.DefaultArgumentsDecorator object at 0x7f9e373aa9b0>, verb_extension=<colcon_core.verb.build.BuildVerb object at 0x7f9e373a80a0>, main=<bound method BuildVerb.main of <colcon_core.verb.build.BuildVerb object at 0x7f9e373a80a0>>)
[2.965s] Level 1:colcon.colcon_core.package_discovery:discover_packages(colcon_meta) check parameters
[2.966s] Level 1:colcon.colcon_core.package_discovery:discover_packages(recursive) check parameters
[2.966s] Level 1:colcon.colcon_core.package_discovery:discover_packages(ignore) check parameters
[2.966s] Level 1:colcon.colcon_core.package_discovery:discover_packages(path) check parameters
[2.966s] Level 1:colcon.colcon_core.package_discovery:discover_packages(colcon_meta) discover
[2.966s] Level 1:colcon.colcon_core.package_discovery:discover_packages(recursive) discover
[2.966s] INFO:colcon.colcon_core.package_discovery:Crawling recursively for packages in '/home/kakacafu/gazebo2'
[2.967s] Level 1:colcon.colcon_core.package_identification:_identify(.) by extensions ['ignore', 'ignore_ament_install']
[2.967s] Level 1:colcon.colcon_core.package_identification:_identify(.) by extension 'ignore'
[2.968s] Level 1:colcon.colcon_core.package_identification:_identify(.) by extension 'ignore_ament_install'
[2.969s] Level 1:colcon.colcon_core.package_identification:_identify(.) by extensions ['colcon_pkg']
[2.969s] Level 1:colcon.colcon_core.package_identification:_identify(.) by extension 'colcon_pkg'
[2.969s] Level 1:colcon.colcon_core.package_identification:_identify(.) by extensions ['colcon_meta']
[2.969s] Level 1:colcon.colcon_core.package_identification:_identify(.) by extension 'colcon_meta'
[2.969s] Level 1:colcon.colcon_core.package_identification:_identify(.) by extensions ['ros']
[2.969s] Level 1:colcon.colcon_core.package_identification:_identify(.) by extension 'ros'
[3.045s] Level 1:colcon.colcon_core.package_identification:_identify(.) by extensions ['cmake', 'python']
[3.045s] Level 1:colcon.colcon_core.package_identification:_identify(.) by extension 'cmake'
[3.045s] Level 1:colcon.colcon_core.package_identification:_identify(.) by extension 'python'
[3.045s] Level 1:colcon.colcon_core.package_identification:_identify(.) by extensions ['python_setup_py']
[3.045s] Level 1:colcon.colcon_core.package_identification:_identify(.) by extension 'python_setup_py'
[3.046s] Level 1:colcon.colcon_core.package_identification:_identify(build) by extensions ['ignore', 'ignore_ament_install']
[3.046s] Level 1:colcon.colcon_core.package_identification:_identify(build) by extension 'ignore'
[3.046s] Level 1:colcon.colcon_core.package_identification:_identify(build) ignored
[3.046s] Level 1:colcon.colcon_core.package_identification:_identify(install) by extensions ['ignore', 'ignore_ament_install']
[3.046s] Level 1:colcon.colcon_core.package_identification:_identify(install) by extension 'ignore'
[3.046s] Level 1:colcon.colcon_core.package_identification:_identify(install) ignored
[3.047s] Level 1:colcon.colcon_core.package_identification:_identify(log) by extensions ['ignore', 'ignore_ament_install']
[3.047s] Level 1:colcon.colcon_core.package_identification:_identify(log) by extension 'ignore'
[3.047s] Level 1:colcon.colcon_core.package_identification:_identify(log) ignored
[3.047s] Level 1:colcon.colcon_core.package_identification:_identify(src) by extensions ['ignore', 'ignore_ament_install']
[3.047s] Level 1:colcon.colcon_core.package_identification:_identify(src) by extension 'ignore'
[3.047s] Level 1:colcon.colcon_core.package_identification:_identify(src) by extension 'ignore_ament_install'
[3.048s] Level 1:colcon.colcon_core.package_identification:_identify(src) by extensions ['colcon_pkg']
[3.048s] Level 1:colcon.colcon_core.package_identification:_identify(src) by extension 'colcon_pkg'
[3.048s] Level 1:colcon.colcon_core.package_identification:_identify(src) by extensions ['colcon_meta']
[3.048s] Level 1:colcon.colcon_core.package_identification:_identify(src) by extension 'colcon_meta'
[3.048s] Level 1:colcon.colcon_core.package_identification:_identify(src) by extensions ['ros']
[3.048s] Level 1:colcon.colcon_core.package_identification:_identify(src) by extension 'ros'
[3.048s] Level 1:colcon.colcon_core.package_identification:_identify(src) by extensions ['cmake', 'python']
[3.048s] Level 1:colcon.colcon_core.package_identification:_identify(src) by extension 'cmake'
[3.048s] Level 1:colcon.colcon_core.package_identification:_identify(src) by extension 'python'
[3.048s] Level 1:colcon.colcon_core.package_identification:_identify(src) by extensions ['python_setup_py']
[3.048s] Level 1:colcon.colcon_core.package_identification:_identify(src) by extension 'python_setup_py'
[3.049s] Level 1:colcon.colcon_core.package_identification:_identify(src/move) by extensions ['ignore', 'ignore_ament_install']
[3.049s] Level 1:colcon.colcon_core.package_identification:_identify(src/move) by extension 'ignore'
[3.049s] Level 1:colcon.colcon_core.package_identification:_identify(src/move) by extension 'ignore_ament_install'
[3.049s] Level 1:colcon.colcon_core.package_identification:_identify(src/move) by extensions ['colcon_pkg']
[3.049s] Level 1:colcon.colcon_core.package_identification:_identify(src/move) by extension 'colcon_pkg'
[3.050s] Level 1:colcon.colcon_core.package_identification:_identify(src/move) by extensions ['colcon_meta']
[3.050s] Level 1:colcon.colcon_core.package_identification:_identify(src/move) by extension 'colcon_meta'
[3.050s] Level 1:colcon.colcon_core.package_identification:_identify(src/move) by extensions ['ros']
[3.050s] Level 1:colcon.colcon_core.package_identification:_identify(src/move) by extension 'ros'
[3.060s] DEBUG:colcon.colcon_core.package_identification:Package 'src/move' with type 'ros.ament_python' and name 'move'
[3.061s] Level 1:colcon.colcon_core.package_identification:_identify(src/move_back) by extensions ['ignore', 'ignore_ament_install']
[3.061s] Level 1:colcon.colcon_core.package_identification:_identify(src/move_back) by extension 'ignore'
[3.061s] Level 1:colcon.colcon_core.package_identification:_identify(src/move_back) by extension 'ignore_ament_install'
[3.062s] Level 1:colcon.colcon_core.package_identification:_identify(src/move_back) by extensions ['colcon_pkg']
[3.062s] Level 1:colcon.colcon_core.package_identification:_identify(src/move_back) by extension 'colcon_pkg'
[3.062s] Level 1:colcon.colcon_core.package_identification:_identify(src/move_back) by extensions ['colcon_meta']
[3.062s] Level 1:colcon.colcon_core.package_identification:_identify(src/move_back) by extension 'colcon_meta'
[3.062s] Level 1:colcon.colcon_core.package_identification:_identify(src/move_back) by extensions ['ros']
[3.062s] Level 1:colcon.colcon_core.package_identification:_identify(src/move_back) by extension 'ros'
[3.064s] DEBUG:colcon.colcon_core.package_identification:Package 'src/move_back' with type 'ros.ament_python' and name 'move_back'
[3.064s] Level 1:colcon.colcon_core.package_identification:_identify(src/move_front) by extensions ['ignore', 'ignore_ament_install']
[3.064s] Level 1:colcon.colcon_core.package_identification:_identify(src/move_front) by extension 'ignore'
[3.064s] Level 1:colcon.colcon_core.package_identification:_identify(src/move_front) by extension 'ignore_ament_install'
[3.065s] Level 1:colcon.colcon_core.package_identification:_identify(src/move_front) by extensions ['colcon_pkg']
[3.065s] Level 1:colcon.colcon_core.package_identification:_identify(src/move_front) by extension 'colcon_pkg'
[3.065s] Level 1:colcon.colcon_core.package_identification:_identify(src/move_front) by extensions ['colcon_meta']
[3.065s] Level 1:colcon.colcon_core.package_identification:_identify(src/move_front) by extension 'colcon_meta'
[3.065s] Level 1:colcon.colcon_core.package_identification:_identify(src/move_front) by extensions ['ros']
[3.065s] Level 1:colcon.colcon_core.package_identification:_identify(src/move_front) by extension 'ros'
[3.066s] DEBUG:colcon.colcon_core.package_identification:Package 'src/move_front' with type 'ros.ament_python' and name 'move_front'
[3.066s] Level 1:colcon.colcon_core.package_identification:_identify(src/publisher) by extensions ['ignore', 'ignore_ament_install']
[3.066s] Level 1:colcon.colcon_core.package_identification:_identify(src/publisher) by extension 'ignore'
[3.066s] Level 1:colcon.colcon_core.package_identification:_identify(src/publisher) by extension 'ignore_ament_install'
[3.066s] Level 1:colcon.colcon_core.package_identification:_identify(src/publisher) by extensions ['colcon_pkg']
[3.067s] Level 1:colcon.colcon_core.package_identification:_identify(src/publisher) by extension 'colcon_pkg'
[3.067s] Level 1:colcon.colcon_core.package_identification:_identify(src/publisher) by extensions ['colcon_meta']
[3.067s] Level 1:colcon.colcon_core.package_identification:_identify(src/publisher) by extension 'colcon_meta'
[3.067s] Level 1:colcon.colcon_core.package_identification:_identify(src/publisher) by extensions ['ros']
[3.067s] Level 1:colcon.colcon_core.package_identification:_identify(src/publisher) by extension 'ros'
[3.069s] DEBUG:colcon.colcon_core.package_identification:Package 'src/publisher' with type 'ros.ament_python' and name 'publisher'
[3.069s] Level 1:colcon.colcon_core.package_identification:_identify(src/robot_gazebo_test_description) by extensions ['ignore', 'ignore_ament_install']
[3.069s] Level 1:colcon.colcon_core.package_identification:_identify(src/robot_gazebo_test_description) by extension 'ignore'
[3.070s] Level 1:colcon.colcon_core.package_identification:_identify(src/robot_gazebo_test_description) by extension 'ignore_ament_install'
[3.070s] Level 1:colcon.colcon_core.package_identification:_identify(src/robot_gazebo_test_description) by extensions ['colcon_pkg']
[3.071s] Level 1:colcon.colcon_core.package_identification:_identify(src/robot_gazebo_test_description) by extension 'colcon_pkg'
[3.071s] Level 1:colcon.colcon_core.package_identification:_identify(src/robot_gazebo_test_description) by extensions ['colcon_meta']
[3.071s] Level 1:colcon.colcon_core.package_identification:_identify(src/robot_gazebo_test_description) by extension 'colcon_meta'
[3.071s] Level 1:colcon.colcon_core.package_identification:_identify(src/robot_gazebo_test_description) by extensions ['ros']
[3.071s] Level 1:colcon.colcon_core.package_identification:_identify(src/robot_gazebo_test_description) by extension 'ros'
[3.073s] DEBUG:colcon.colcon_core.package_identification:Package 'src/robot_gazebo_test_description' with type 'ros.ament_python' and name 'robot_gazebo_test_description'
[3.073s] Level 1:colcon.colcon_core.package_discovery:discover_packages(recursive) using defaults
[3.073s] Level 1:colcon.colcon_core.package_discovery:discover_packages(ignore) discover
[3.073s] Level 1:colcon.colcon_core.package_discovery:discover_packages(ignore) using defaults
[3.073s] Level 1:colcon.colcon_core.package_discovery:discover_packages(path) discover
[3.073s] Level 1:colcon.colcon_core.package_discovery:discover_packages(path) using defaults
[3.365s] Level 1:colcon.colcon_core.package_discovery:discover_packages(prefix_path) check parameters
[3.366s] Level 1:colcon.colcon_core.package_discovery:discover_packages(prefix_path) discover
[3.464s] DEBUG:colcon.colcon_installed_package_information.package_discovery:Found 3 installed packages in /home/kakacafu/gazebo2/install
[3.516s] DEBUG:colcon.colcon_installed_package_information.package_discovery:Found 364 installed packages in /opt/ros/humble
[3.522s] Level 1:colcon.colcon_core.package_discovery:discover_packages(prefix_path) using defaults
[3.821s] Level 5:colcon.colcon_core.verb:set package 'move' build argument 'cmake_args' from command line to 'None'
[3.821s] Level 5:colcon.colcon_core.verb:set package 'move' build argument 'cmake_target' from command line to 'None'
[3.821s] Level 5:colcon.colcon_core.verb:set package 'move' build argument 'cmake_target_skip_unavailable' from command line to 'False'
[3.821s] Level 5:colcon.colcon_core.verb:set package 'move' build argument 'cmake_clean_cache' from command line to 'False'
[3.821s] Level 5:colcon.colcon_core.verb:set package 'move' build argument 'cmake_clean_first' from command line to 'False'
[3.821s] Level 5:colcon.colcon_core.verb:set package 'move' build argument 'cmake_force_configure' from command line to 'False'
[3.821s] Level 5:colcon.colcon_core.verb:set package 'move' build argument 'ament_cmake_args' from command line to 'None'
[3.822s] Level 5:colcon.colcon_core.verb:set package 'move' build argument 'catkin_cmake_args' from command line to 'None'
[3.822s] Level 5:colcon.colcon_core.verb:set package 'move' build argument 'catkin_skip_building_tests' from command line to 'False'
[3.822s] DEBUG:colcon.colcon_core.verb:Building package 'move' with the following arguments: {'ament_cmake_args': None, 'build_base': '/home/kakacafu/gazebo2/build/move', 'catkin_cmake_args': None, 'catkin_skip_building_tests': False, 'cmake_args': None, 'cmake_clean_cache': False, 'cmake_clean_first': False, 'cmake_force_configure': False, 'cmake_target': None, 'cmake_target_skip_unavailable': False, 'install_base': '/home/kakacafu/gazebo2/install/move', 'merge_install': False, 'path': '/home/kakacafu/gazebo2/src/move', 'symlink_install': False, 'test_result_base': None}
[3.860s] Level 5:colcon.colcon_core.verb:set package 'move_back' build argument 'cmake_args' from command line to 'None'
[3.860s] Level 5:colcon.colcon_core.verb:set package 'move_back' build argument 'cmake_target' from command line to 'None'
[3.860s] Level 5:colcon.colcon_core.verb:set package 'move_back' build argument 'cmake_target_skip_unavailable' from command line to 'False'
[3.860s] Level 5:colcon.colcon_core.verb:set package 'move_back' build argument 'cmake_clean_cache' from command line to 'False'
[3.860s] Level 5:colcon.colcon_core.verb:set package 'move_back' build argument 'cmake_clean_first' from command line to 'False'
[3.860s] Level 5:colcon.colcon_core.verb:set package 'move_back' build argument 'cmake_force_configure' from command line to 'False'
[3.860s] Level 5:colcon.colcon_core.verb:set package 'move_back' build argument 'ament_cmake_args' from command line to 'None'
[3.860s] Level 5:colcon.colcon_core.verb:set package 'move_back' build argument 'catkin_cmake_args' from command line to 'None'
[3.860s] Level 5:colcon.colcon_core.verb:set package 'move_back' build argument 'catkin_skip_building_tests' from command line to 'False'
[3.860s] DEBUG:colcon.colcon_core.verb:Building package 'move_back' with the following arguments: {'ament_cmake_args': None, 'build_base': '/home/kakacafu/gazebo2/build/move_back', 'catkin_cmake_args': None, 'catkin_skip_building_tests': False, 'cmake_args': None, 'cmake_clean_cache': False, 'cmake_clean_first': False, 'cmake_force_configure': False, 'cmake_target': None, 'cmake_target_skip_unavailable': False, 'install_base': '/home/kakacafu/gazebo2/install/move_back', 'merge_install': False, 'path': '/home/kakacafu/gazebo2/src/move_back', 'symlink_install': False, 'test_result_base': None}
[3.900s] Level 5:colcon.colcon_core.verb:set package 'move_front' build argument 'cmake_args' from command line to 'None'
[3.900s] Level 5:colcon.colcon_core.verb:set package 'move_front' build argument 'cmake_target' from command line to 'None'
[3.900s] Level 5:colcon.colcon_core.verb:set package 'move_front' build argument 'cmake_target_skip_unavailable' from command line to 'False'
[3.900s] Level 5:colcon.colcon_core.verb:set package 'move_front' build argument 'cmake_clean_cache' from command line to 'False'
[3.900s] Level 5:colcon.colcon_core.verb:set package 'move_front' build argument 'cmake_clean_first' from command line to 'False'
[3.900s] Level 5:colcon.colcon_core.verb:set package 'move_front' build argument 'cmake_force_configure' from command line to 'False'
[3.900s] Level 5:colcon.colcon_core.verb:set package 'move_front' build argument 'ament_cmake_args' from command line to 'None'
[3.900s] Level 5:colcon.colcon_core.verb:set package 'move_front' build argument 'catkin_cmake_args' from command line to 'None'
[3.900s] Level 5:colcon.colcon_core.verb:set package 'move_front' build argument 'catkin_skip_building_tests' from command line to 'False'
[3.900s] DEBUG:colcon.colcon_core.verb:Building package 'move_front' with the following arguments: {'ament_cmake_args': None, 'build_base': '/home/kakacafu/gazebo2/build/move_front', 'catkin_cmake_args': None, 'catkin_skip_building_tests': False, 'cmake_args': None, 'cmake_clean_cache': False, 'cmake_clean_first': False, 'cmake_force_configure': False, 'cmake_target': None, 'cmake_target_skip_unavailable': False, 'install_base': '/home/kakacafu/gazebo2/install/move_front', 'merge_install': False, 'path': '/home/kakacafu/gazebo2/src/move_front', 'symlink_install': False, 'test_result_base': None}
[3.949s] Level 5:colcon.colcon_core.verb:set package 'publisher' build argument 'cmake_args' from command line to 'None'
[3.949s] Level 5:colcon.colcon_core.verb:set package 'publisher' build argument 'cmake_target' from command line to 'None'
[3.949s] Level 5:colcon.colcon_core.verb:set package 'publisher' build argument 'cmake_target_skip_unavailable' from command line to 'False'
[3.949s] Level 5:colcon.colcon_core.verb:set package 'publisher' build argument 'cmake_clean_cache' from command line to 'False'
[3.949s] Level 5:colcon.colcon_core.verb:set package 'publisher' build argument 'cmake_clean_first' from command line to 'False'
[3.949s] Level 5:colcon.colcon_core.verb:set package 'publisher' build argument 'cmake_force_configure' from command line to 'False'
[3.949s] Level 5:colcon.colcon_core.verb:set package 'publisher' build argument 'ament_cmake_args' from command line to 'None'
[3.949s] Level 5:colcon.colcon_core.verb:set package 'publisher' build argument 'catkin_cmake_args' from command line to 'None'
[3.949s] Level 5:colcon.colcon_core.verb:set package 'publisher' build argument 'catkin_skip_building_tests' from command line to 'False'
[3.950s] DEBUG:colcon.colcon_core.verb:Building package 'publisher' with the following arguments: {'ament_cmake_args': None, 'build_base': '/home/kakacafu/gazebo2/build/publisher', 'catkin_cmake_args': None, 'catkin_skip_building_tests': False, 'cmake_args': None, 'cmake_clean_cache': False, 'cmake_clean_first': False, 'cmake_force_configure': False, 'cmake_target': None, 'cmake_target_skip_unavailable': False, 'install_base': '/home/kakacafu/gazebo2/install/publisher', 'merge_install': False, 'path': '/home/kakacafu/gazebo2/src/publisher', 'symlink_install': False, 'test_result_base': None}
[4.004s] Level 5:colcon.colcon_core.verb:set package 'robot_gazebo_test_description' build argument 'cmake_args' from command line to 'None'
[4.004s] Level 5:colcon.colcon_core.verb:set package 'robot_gazebo_test_description' build argument 'cmake_target' from command line to 'None'
[4.004s] Level 5:colcon.colcon_core.verb:set package 'robot_gazebo_test_description' build argument 'cmake_target_skip_unavailable' from command line to 'False'
[4.005s] Level 5:colcon.colcon_core.verb:set package 'robot_gazebo_test_description' build argument 'cmake_clean_cache' from command line to 'False'
[4.005s] Level 5:colcon.colcon_core.verb:set package 'robot_gazebo_test_description' build argument 'cmake_clean_first' from command line to 'False'
[4.005s] Level 5:colcon.colcon_core.verb:set package 'robot_gazebo_test_description' build argument 'cmake_force_configure' from command line to 'False'
[4.005s] Level 5:colcon.colcon_core.verb:set package 'robot_gazebo_test_description' build argument 'ament_cmake_args' from command line to 'None'
[4.005s] Level 5:colcon.colcon_core.verb:set package 'robot_gazebo_test_description' build argument 'catkin_cmake_args' from command line to 'None'
[4.005s] Level 5:colcon.colcon_core.verb:set package 'robot_gazebo_test_description' build argument 'catkin_skip_building_tests' from command line to 'False'
[4.005s] DEBUG:colcon.colcon_core.verb:Building package 'robot_gazebo_test_description' with the following arguments: {'ament_cmake_args': None, 'build_base': '/home/kakacafu/gazebo2/build/robot_gazebo_test_description', 'catkin_cmake_args': None, 'catkin_skip_building_tests': False, 'cmake_args': None, 'cmake_clean_cache': False, 'cmake_clean_first': False, 'cmake_force_configure': False, 'cmake_target': None, 'cmake_target_skip_unavailable': False, 'install_base': '/home/kakacafu/gazebo2/install/robot_gazebo_test_description', 'merge_install': False, 'path': '/home/kakacafu/gazebo2/src/robot_gazebo_test_description', 'symlink_install': False, 'test_result_base': None}
[4.047s] INFO:colcon.colcon_core.executor:Executing jobs using 'parallel' executor
[4.093s] DEBUG:colcon.colcon_parallel_executor.executor.parallel:run_until_complete
[4.094s] INFO:colcon.colcon_ros.task.ament_python.build:Building ROS package in '/home/kakacafu/gazebo2/src/move' with build type 'ament_python'
[4.094s] Level 1:colcon.colcon_core.shell:create_environment_hook('move', 'ament_prefix_path')
[4.162s] INFO:colcon.colcon_core.plugin_system:Skipping extension 'colcon_core.shell.bat': Not used on non-Windows systems
[4.163s] INFO:colcon.colcon_core.shell:Creating environment hook '/home/kakacafu/gazebo2/install/move/share/move/hook/ament_prefix_path.ps1'
[4.165s] INFO:colcon.colcon_core.shell:Creating environment descriptor '/home/kakacafu/gazebo2/install/move/share/move/hook/ament_prefix_path.dsv'
[4.166s] INFO:colcon.colcon_core.shell:Creating environment hook '/home/kakacafu/gazebo2/install/move/share/move/hook/ament_prefix_path.sh'
[4.214s] INFO:colcon.colcon_core.shell:Skip shell extension 'powershell' for command environment: Not usable outside of PowerShell
[4.215s] DEBUG:colcon.colcon_core.shell:Skip shell extension 'dsv' for command environment
[4.398s] INFO:colcon.colcon_ros.task.ament_python.build:Building ROS package in '/home/kakacafu/gazebo2/src/move_back' with build type 'ament_python'
[4.398s] Level 1:colcon.colcon_core.shell:create_environment_hook('move_back', 'ament_prefix_path')
[4.463s] INFO:colcon.colcon_core.shell:Creating environment hook '/home/kakacafu/gazebo2/install/move_back/share/move_back/hook/ament_prefix_path.ps1'
[4.465s] INFO:colcon.colcon_core.shell:Creating environment descriptor '/home/kakacafu/gazebo2/install/move_back/share/move_back/hook/ament_prefix_path.dsv'
[4.466s] INFO:colcon.colcon_core.shell:Creating environment hook '/home/kakacafu/gazebo2/install/move_back/share/move_back/hook/ament_prefix_path.sh'
[4.526s] INFO:colcon.colcon_core.shell:Skip shell extension 'powershell' for command environment: Not usable outside of PowerShell
[4.526s] DEBUG:colcon.colcon_core.shell:Skip shell extension 'dsv' for command environment
[4.700s] INFO:colcon.colcon_ros.task.ament_python.build:Building ROS package in '/home/kakacafu/gazebo2/src/move_front' with build type 'ament_python'
[4.701s] Level 1:colcon.colcon_core.shell:create_environment_hook('move_front', 'ament_prefix_path')
[4.758s] INFO:colcon.colcon_core.shell:Creating environment hook '/home/kakacafu/gazebo2/install/move_front/share/move_front/hook/ament_prefix_path.ps1'
[4.760s] INFO:colcon.colcon_core.shell:Creating environment descriptor '/home/kakacafu/gazebo2/install/move_front/share/move_front/hook/ament_prefix_path.dsv'
[4.761s] INFO:colcon.colcon_core.shell:Creating environment hook '/home/kakacafu/gazebo2/install/move_front/share/move_front/hook/ament_prefix_path.sh'
[4.813s] INFO:colcon.colcon_core.shell:Skip shell extension 'powershell' for command environment: Not usable outside of PowerShell
[4.813s] DEBUG:colcon.colcon_core.shell:Skip shell extension 'dsv' for command environment
[4.957s] INFO:colcon.colcon_ros.task.ament_python.build:Building ROS package in '/home/kakacafu/gazebo2/src/publisher' with build type 'ament_python'
[4.958s] Level 1:colcon.colcon_core.shell:create_environment_hook('publisher', 'ament_prefix_path')
[5.015s] INFO:colcon.colcon_core.shell:Creating environment hook '/home/kakacafu/gazebo2/install/publisher/share/publisher/hook/ament_prefix_path.ps1'
[5.016s] INFO:colcon.colcon_core.shell:Creating environment descriptor '/home/kakacafu/gazebo2/install/publisher/share/publisher/hook/ament_prefix_path.dsv'
[5.017s] INFO:colcon.colcon_core.shell:Creating environment hook '/home/kakacafu/gazebo2/install/publisher/share/publisher/hook/ament_prefix_path.sh'
[5.072s] INFO:colcon.colcon_core.shell:Skip shell extension 'powershell' for command environment: Not usable outside of PowerShell
[5.072s] DEBUG:colcon.colcon_core.shell:Skip shell extension 'dsv' for command environment
[6.102s] INFO:colcon.colcon_core.task.python.build:Building Python package in '/home/kakacafu/gazebo2/src/move'
[6.145s] INFO:colcon.colcon_core.shell:Skip shell extension 'powershell' for command environment: Not usable outside of PowerShell
[6.145s] DEBUG:colcon.colcon_core.shell:Skip shell extension 'dsv' for command environment
[7.017s] INFO:colcon.colcon_core.task.python.build:Building Python package in '/home/kakacafu/gazebo2/src/move_back'
[7.058s] INFO:colcon.colcon_core.shell:Skip shell extension 'powershell' for command environment: Not usable outside of PowerShell
[7.059s] DEBUG:colcon.colcon_core.shell:Skip shell extension 'dsv' for command environment
[7.818s] INFO:colcon.colcon_core.task.python.build:Building Python package in '/home/kakacafu/gazebo2/src/move_front'
[7.852s] INFO:colcon.colcon_core.shell:Skip shell extension 'powershell' for command environment: Not usable outside of PowerShell
[7.853s] DEBUG:colcon.colcon_core.shell:Skip shell extension 'dsv' for command environment
[8.802s] INFO:colcon.colcon_core.task.python.build:Building Python package in '/home/kakacafu/gazebo2/src/publisher'
[8.856s] INFO:colcon.colcon_core.shell:Skip shell extension 'powershell' for command environment: Not usable outside of PowerShell
[8.857s] DEBUG:colcon.colcon_core.shell:Skip shell extension 'dsv' for command environment
[10.492s] DEBUG:colcon.colcon_core.event_handler.log_command:Invoking command in '/home/kakacafu/gazebo2/src/move_back': PYTHONPATH=/home/kakacafu/gazebo2/build/move_back/prefix_override:/home/kakacafu/gazebo2/install/move_back/lib/python3.10/site-packages:${PYTHONPATH} /usr/bin/python3 setup.py egg_info --egg-base ../../build/move_back build --build-base /home/kakacafu/gazebo2/build/move_back/build install --record /home/kakacafu/gazebo2/build/move_back/install.log --single-version-externally-managed
[10.522s] DEBUG:colcon.colcon_core.event_handler.log_command:Invoking command in '/home/kakacafu/gazebo2/src/move_front': PYTHONPATH=/home/kakacafu/gazebo2/build/move_front/prefix_override:/home/kakacafu/gazebo2/install/move_front/lib/python3.10/site-packages:${PYTHONPATH} /usr/bin/python3 setup.py egg_info --egg-base ../../build/move_front build --build-base /home/kakacafu/gazebo2/build/move_front/build install --record /home/kakacafu/gazebo2/build/move_front/install.log --single-version-externally-managed
[10.602s] DEBUG:colcon.colcon_core.event_handler.log_command:Invoking command in '/home/kakacafu/gazebo2/src/publisher': PYTHONPATH=/home/kakacafu/gazebo2/build/publisher/prefix_override:/home/kakacafu/gazebo2/install/publisher/lib/python3.10/site-packages:${PYTHONPATH} /usr/bin/python3 setup.py egg_info --egg-base ../../build/publisher build --build-base /home/kakacafu/gazebo2/build/publisher/build install --record /home/kakacafu/gazebo2/build/publisher/install.log --single-version-externally-managed
[10.624s] DEBUG:colcon.colcon_core.event_handler.log_command:Invoking command in '/home/kakacafu/gazebo2/src/move': PYTHONPATH=/home/kakacafu/gazebo2/build/move/prefix_override:/home/kakacafu/gazebo2/install/move/lib/python3.10/site-packages:${PYTHONPATH} /usr/bin/python3 setup.py egg_info --egg-base ../../build/move build --build-base /home/kakacafu/gazebo2/build/move/build install --record /home/kakacafu/gazebo2/build/move/install.log --single-version-externally-managed
[11.588s] DEBUG:colcon.colcon_core.event_handler.log_command:Invoked command in '/home/kakacafu/gazebo2/src/move_back' returned '0': PYTHONPATH=/home/kakacafu/gazebo2/build/move_back/prefix_override:/home/kakacafu/gazebo2/install/move_back/lib/python3.10/site-packages:${PYTHONPATH} /usr/bin/python3 setup.py egg_info --egg-base ../../build/move_back build --build-base /home/kakacafu/gazebo2/build/move_back/build install --record /home/kakacafu/gazebo2/build/move_back/install.log --single-version-externally-managed
[11.644s] Level 1:colcon.colcon_core.environment:checking '/home/kakacafu/gazebo2/install/move_back' for CMake module files
[11.645s] Level 1:colcon.colcon_core.environment:checking '/home/kakacafu/gazebo2/install/move_back' for CMake config files
[11.647s] Level 1:colcon.colcon_core.environment:checking '/home/kakacafu/gazebo2/install/move_back/lib'
[11.647s] Level 1:colcon.colcon_core.environment:checking '/home/kakacafu/gazebo2/install/move_back/bin'
[11.647s] Level 1:colcon.colcon_core.environment:checking '/home/kakacafu/gazebo2/install/move_back/lib/pkgconfig/move_back.pc'
[11.647s] Level 1:colcon.colcon_core.environment:checking '/home/kakacafu/gazebo2/install/move_back/lib/python3.10/site-packages'
[11.648s] Level 1:colcon.colcon_core.shell:create_environment_hook('move_back', 'pythonpath')
[11.711s] INFO:colcon.colcon_core.shell:Creating environment hook '/home/kakacafu/gazebo2/install/move_back/share/move_back/hook/pythonpath.ps1'
[11.712s] INFO:colcon.colcon_core.shell:Creating environment descriptor '/home/kakacafu/gazebo2/install/move_back/share/move_back/hook/pythonpath.dsv'
[11.713s] INFO:colcon.colcon_core.shell:Creating environment hook '/home/kakacafu/gazebo2/install/move_back/share/move_back/hook/pythonpath.sh'
[11.714s] Level 1:colcon.colcon_core.environment:checking '/home/kakacafu/gazebo2/install/move_back/bin'
[11.714s] Level 1:colcon.colcon_core.environment:create_environment_scripts_only(move_back)
[11.819s] INFO:colcon.colcon_core.shell:Creating package script '/home/kakacafu/gazebo2/install/move_back/share/move_back/package.ps1'
[11.822s] INFO:colcon.colcon_core.shell:Creating package descriptor '/home/kakacafu/gazebo2/install/move_back/share/move_back/package.dsv'
[11.823s] INFO:colcon.colcon_core.shell:Creating package script '/home/kakacafu/gazebo2/install/move_back/share/move_back/package.sh'
[11.824s] INFO:colcon.colcon_core.shell:Creating package script '/home/kakacafu/gazebo2/install/move_back/share/move_back/package.bash'
[11.826s] INFO:colcon.colcon_core.shell:Creating package script '/home/kakacafu/gazebo2/install/move_back/share/move_back/package.zsh'
[11.828s] Level 1:colcon.colcon_core.environment:create_file_with_runtime_dependencies(/home/kakacafu/gazebo2/install/move_back/share/colcon-core/packages/move_back)
[11.829s] INFO:colcon.colcon_ros.task.ament_python.build:Building ROS package in '/home/kakacafu/gazebo2/src/robot_gazebo_test_description' with build type 'ament_python'
[11.829s] Level 1:colcon.colcon_core.shell:create_environment_hook('robot_gazebo_test_description', 'ament_prefix_path')
[11.882s] INFO:colcon.colcon_core.shell:Creating environment hook '/home/kakacafu/gazebo2/install/robot_gazebo_test_description/share/robot_gazebo_test_description/hook/ament_prefix_path.ps1'
[11.883s] INFO:colcon.colcon_core.shell:Creating environment descriptor '/home/kakacafu/gazebo2/install/robot_gazebo_test_description/share/robot_gazebo_test_description/hook/ament_prefix_path.dsv'
[11.885s] INFO:colcon.colcon_core.shell:Creating environment hook '/home/kakacafu/gazebo2/install/robot_gazebo_test_description/share/robot_gazebo_test_description/hook/ament_prefix_path.sh'
[11.937s] INFO:colcon.colcon_core.shell:Skip shell extension 'powershell' for command environment: Not usable outside of PowerShell
[11.937s] DEBUG:colcon.colcon_core.shell:Skip shell extension 'dsv' for command environment
[12.070s] DEBUG:colcon.colcon_core.event_handler.log_command:Invoked command in '/home/kakacafu/gazebo2/src/move_front' returned '0': PYTHONPATH=/home/kakacafu/gazebo2/build/move_front/prefix_override:/home/kakacafu/gazebo2/install/move_front/lib/python3.10/site-packages:${PYTHONPATH} /usr/bin/python3 setup.py egg_info --egg-base ../../build/move_front build --build-base /home/kakacafu/gazebo2/build/move_front/build install --record /home/kakacafu/gazebo2/build/move_front/install.log --single-version-externally-managed
[12.120s] Level 1:colcon.colcon_core.environment:checking '/home/kakacafu/gazebo2/install/move_front' for CMake module files
[12.121s] Level 1:colcon.colcon_core.environment:checking '/home/kakacafu/gazebo2/install/move_front' for CMake config files
[12.122s] Level 1:colcon.colcon_core.environment:checking '/home/kakacafu/gazebo2/install/move_front/lib'
[12.123s] Level 1:colcon.colcon_core.environment:checking '/home/kakacafu/gazebo2/install/move_front/bin'
[12.123s] Level 1:colcon.colcon_core.environment:checking '/home/kakacafu/gazebo2/install/move_front/lib/pkgconfig/move_front.pc'
[12.123s] Level 1:colcon.colcon_core.environment:checking '/home/kakacafu/gazebo2/install/move_front/lib/python3.10/site-packages'
[12.123s] Level 1:colcon.colcon_core.shell:create_environment_hook('move_front', 'pythonpath')
[12.161s] INFO:colcon.colcon_core.shell:Creating environment hook '/home/kakacafu/gazebo2/install/move_front/share/move_front/hook/pythonpath.ps1'
[12.162s] INFO:colcon.colcon_core.shell:Creating environment descriptor '/home/kakacafu/gazebo2/install/move_front/share/move_front/hook/pythonpath.dsv'
[12.163s] INFO:colcon.colcon_core.shell:Creating environment hook '/home/kakacafu/gazebo2/install/move_front/share/move_front/hook/pythonpath.sh'
[12.164s] Level 1:colcon.colcon_core.environment:checking '/home/kakacafu/gazebo2/install/move_front/bin'
[12.164s] Level 1:colcon.colcon_core.environment:create_environment_scripts_only(move_front)
[12.207s] INFO:colcon.colcon_core.shell:Creating package script '/home/kakacafu/gazebo2/install/move_front/share/move_front/package.ps1'
[12.209s] INFO:colcon.colcon_core.shell:Creating package descriptor '/home/kakacafu/gazebo2/install/move_front/share/move_front/package.dsv'
[12.210s] INFO:colcon.colcon_core.shell:Creating package script '/home/kakacafu/gazebo2/install/move_front/share/move_front/package.sh'
[12.210s] INFO:colcon.colcon_core.shell:Creating package script '/home/kakacafu/gazebo2/install/move_front/share/move_front/package.bash'
[12.211s] INFO:colcon.colcon_core.shell:Creating package script '/home/kakacafu/gazebo2/install/move_front/share/move_front/package.zsh'
[12.212s] Level 1:colcon.colcon_core.environment:create_file_with_runtime_dependencies(/home/kakacafu/gazebo2/install/move_front/share/colcon-core/packages/move_front)
[12.217s] DEBUG:colcon.colcon_core.event_handler.log_command:Invoked command in '/home/kakacafu/gazebo2/src/publisher' returned '0': PYTHONPATH=/home/kakacafu/gazebo2/build/publisher/prefix_override:/home/kakacafu/gazebo2/install/publisher/lib/python3.10/site-packages:${PYTHONPATH} /usr/bin/python3 setup.py egg_info --egg-base ../../build/publisher build --build-base /home/kakacafu/gazebo2/build/publisher/build install --record /home/kakacafu/gazebo2/build/publisher/install.log --single-version-externally-managed
[12.255s] Level 1:colcon.colcon_core.environment:checking '/home/kakacafu/gazebo2/install/publisher' for CMake module files
[12.256s] Level 1:colcon.colcon_core.environment:checking '/home/kakacafu/gazebo2/install/publisher' for CMake config files
[12.257s] Level 1:colcon.colcon_core.environment:checking '/home/kakacafu/gazebo2/install/publisher/lib'
[12.258s] Level 1:colcon.colcon_core.environment:checking '/home/kakacafu/gazebo2/install/publisher/bin'
[12.258s] Level 1:colcon.colcon_core.environment:checking '/home/kakacafu/gazebo2/install/publisher/lib/pkgconfig/publisher.pc'
[12.258s] Level 1:colcon.colcon_core.environment:checking '/home/kakacafu/gazebo2/install/publisher/lib/python3.10/site-packages'
[12.258s] Level 1:colcon.colcon_core.shell:create_environment_hook('publisher', 'pythonpath')
[12.301s] INFO:colcon.colcon_core.shell:Creating environment hook '/home/kakacafu/gazebo2/install/publisher/share/publisher/hook/pythonpath.ps1'
[12.303s] INFO:colcon.colcon_core.shell:Creating environment descriptor '/home/kakacafu/gazebo2/install/publisher/share/publisher/hook/pythonpath.dsv'
[12.304s] INFO:colcon.colcon_core.shell:Creating environment hook '/home/kakacafu/gazebo2/install/publisher/share/publisher/hook/pythonpath.sh'
[12.305s] Level 1:colcon.colcon_core.environment:checking '/home/kakacafu/gazebo2/install/publisher/bin'
[12.305s] Level 1:colcon.colcon_core.environment:create_environment_scripts_only(publisher)
[12.345s] INFO:colcon.colcon_core.shell:Creating package script '/home/kakacafu/gazebo2/install/publisher/share/publisher/package.ps1'
[12.346s] INFO:colcon.colcon_core.shell:Creating package descriptor '/home/kakacafu/gazebo2/install/publisher/share/publisher/package.dsv'
[12.347s] INFO:colcon.colcon_core.shell:Creating package script '/home/kakacafu/gazebo2/install/publisher/share/publisher/package.sh'
[12.348s] INFO:colcon.colcon_core.shell:Creating package script '/home/kakacafu/gazebo2/install/publisher/share/publisher/package.bash'
[12.349s] INFO:colcon.colcon_core.shell:Creating package script '/home/kakacafu/gazebo2/install/publisher/share/publisher/package.zsh'
[12.350s] Level 1:colcon.colcon_core.environment:create_file_with_runtime_dependencies(/home/kakacafu/gazebo2/install/publisher/share/colcon-core/packages/publisher)
[12.356s] DEBUG:colcon.colcon_core.event_handler.log_command:Invoked command in '/home/kakacafu/gazebo2/src/move' returned '0': PYTHONPATH=/home/kakacafu/gazebo2/build/move/prefix_override:/home/kakacafu/gazebo2/install/move/lib/python3.10/site-packages:${PYTHONPATH} /usr/bin/python3 setup.py egg_info --egg-base ../../build/move build --build-base /home/kakacafu/gazebo2/build/move/build install --record /home/kakacafu/gazebo2/build/move/install.log --single-version-externally-managed
[12.395s] Level 1:colcon.colcon_core.environment:checking '/home/kakacafu/gazebo2/install/move' for CMake module files
[12.396s] Level 1:colcon.colcon_core.environment:checking '/home/kakacafu/gazebo2/install/move' for CMake config files
[12.397s] Level 1:colcon.colcon_core.environment:checking '/home/kakacafu/gazebo2/install/move/lib'
[12.397s] Level 1:colcon.colcon_core.environment:checking '/home/kakacafu/gazebo2/install/move/bin'
[12.398s] Level 1:colcon.colcon_core.environment:checking '/home/kakacafu/gazebo2/install/move/lib/pkgconfig/move.pc'
[12.398s] Level 1:colcon.colcon_core.environment:checking '/home/kakacafu/gazebo2/install/move/lib/python3.10/site-packages'
[12.398s] Level 1:colcon.colcon_core.shell:create_environment_hook('move', 'pythonpath')
[12.436s] INFO:colcon.colcon_core.shell:Creating environment hook '/home/kakacafu/gazebo2/install/move/share/move/hook/pythonpath.ps1'
[12.437s] INFO:colcon.colcon_core.shell:Creating environment descriptor '/home/kakacafu/gazebo2/install/move/share/move/hook/pythonpath.dsv'
[12.438s] INFO:colcon.colcon_core.shell:Creating environment hook '/home/kakacafu/gazebo2/install/move/share/move/hook/pythonpath.sh'
[12.439s] Level 1:colcon.colcon_core.environment:checking '/home/kakacafu/gazebo2/install/move/bin'
[12.440s] Level 1:colcon.colcon_core.environment:create_environment_scripts_only(move)
[12.475s] INFO:colcon.colcon_core.shell:Creating package script '/home/kakacafu/gazebo2/install/move/share/move/package.ps1'
[12.478s] INFO:colcon.colcon_core.shell:Creating package descriptor '/home/kakacafu/gazebo2/install/move/share/move/package.dsv'
[12.479s] INFO:colcon.colcon_core.shell:Creating package script '/home/kakacafu/gazebo2/install/move/share/move/package.sh'
[12.480s] INFO:colcon.colcon_core.shell:Creating package script '/home/kakacafu/gazebo2/install/move/share/move/package.bash'
[12.481s] INFO:colcon.colcon_core.shell:Creating package script '/home/kakacafu/gazebo2/install/move/share/move/package.zsh'
[12.482s] Level 1:colcon.colcon_core.environment:create_file_with_runtime_dependencies(/home/kakacafu/gazebo2/install/move/share/colcon-core/packages/move)
[13.265s] INFO:colcon.colcon_core.task.python.build:Building Python package in '/home/kakacafu/gazebo2/src/robot_gazebo_test_description'
[13.310s] INFO:colcon.colcon_core.shell:Skip shell extension 'powershell' for command environment: Not usable outside of PowerShell
[13.310s] DEBUG:colcon.colcon_core.shell:Skip shell extension 'dsv' for command environment
[14.255s] DEBUG:colcon.colcon_core.event_handler.log_command:Invoking command in '/home/kakacafu/gazebo2/src/robot_gazebo_test_description': PYTHONPATH=/home/kakacafu/gazebo2/build/robot_gazebo_test_description/prefix_override:/home/kakacafu/gazebo2/install/robot_gazebo_test_description/lib/python3.10/site-packages:${PYTHONPATH} /usr/bin/python3 setup.py egg_info --egg-base ../../build/robot_gazebo_test_description build --build-base /home/kakacafu/gazebo2/build/robot_gazebo_test_description/build install --record /home/kakacafu/gazebo2/build/robot_gazebo_test_description/install.log --single-version-externally-managed
[14.917s] DEBUG:colcon.colcon_core.event_handler.log_command:Invoked command in '/home/kakacafu/gazebo2/src/robot_gazebo_test_description' returned '0': PYTHONPATH=/home/kakacafu/gazebo2/build/robot_gazebo_test_description/prefix_override:/home/kakacafu/gazebo2/install/robot_gazebo_test_description/lib/python3.10/site-packages:${PYTHONPATH} /usr/bin/python3 setup.py egg_info --egg-base ../../build/robot_gazebo_test_description build --build-base /home/kakacafu/gazebo2/build/robot_gazebo_test_description/build install --record /home/kakacafu/gazebo2/build/robot_gazebo_test_description/install.log --single-version-externally-managed
[14.951s] Level 1:colcon.colcon_core.environment:checking '/home/kakacafu/gazebo2/install/robot_gazebo_test_description' for CMake module files
[14.952s] Level 1:colcon.colcon_core.environment:checking '/home/kakacafu/gazebo2/install/robot_gazebo_test_description' for CMake config files
[14.953s] Level 1:colcon.colcon_core.environment:checking '/home/kakacafu/gazebo2/install/robot_gazebo_test_description/lib'
[14.953s] Level 1:colcon.colcon_core.environment:checking '/home/kakacafu/gazebo2/install/robot_gazebo_test_description/bin'
[14.953s] Level 1:colcon.colcon_core.environment:checking '/home/kakacafu/gazebo2/install/robot_gazebo_test_description/lib/pkgconfig/robot_gazebo_test_description.pc'
[14.954s] Level 1:colcon.colcon_core.environment:checking '/home/kakacafu/gazebo2/install/robot_gazebo_test_description/lib/python3.10/site-packages'
[14.954s] Level 1:colcon.colcon_core.shell:create_environment_hook('robot_gazebo_test_description', 'pythonpath')
[14.996s] INFO:colcon.colcon_core.shell:Creating environment hook '/home/kakacafu/gazebo2/install/robot_gazebo_test_description/share/robot_gazebo_test_description/hook/pythonpath.ps1'
[14.997s] INFO:colcon.colcon_core.shell:Creating environment descriptor '/home/kakacafu/gazebo2/install/robot_gazebo_test_description/share/robot_gazebo_test_description/hook/pythonpath.dsv'
[14.998s] INFO:colcon.colcon_core.shell:Creating environment hook '/home/kakacafu/gazebo2/install/robot_gazebo_test_description/share/robot_gazebo_test_description/hook/pythonpath.sh'
[14.999s] Level 1:colcon.colcon_core.environment:checking '/home/kakacafu/gazebo2/install/robot_gazebo_test_description/bin'
[14.999s] Level 1:colcon.colcon_core.environment:create_environment_scripts_only(robot_gazebo_test_description)
[15.042s] INFO:colcon.colcon_core.shell:Creating package script '/home/kakacafu/gazebo2/install/robot_gazebo_test_description/share/robot_gazebo_test_description/package.ps1'
[15.044s] INFO:colcon.colcon_core.shell:Creating package descriptor '/home/kakacafu/gazebo2/install/robot_gazebo_test_description/share/robot_gazebo_test_description/package.dsv'
[15.045s] INFO:colcon.colcon_core.shell:Creating package script '/home/kakacafu/gazebo2/install/robot_gazebo_test_description/share/robot_gazebo_test_description/package.sh'
[15.046s] INFO:colcon.colcon_core.shell:Creating package script '/home/kakacafu/gazebo2/install/robot_gazebo_test_description/share/robot_gazebo_test_description/package.bash'
[15.046s] INFO:colcon.colcon_core.shell:Creating package script '/home/kakacafu/gazebo2/install/robot_gazebo_test_description/share/robot_gazebo_test_description/package.zsh'
[15.047s] Level 1:colcon.colcon_core.environment:create_file_with_runtime_dependencies(/home/kakacafu/gazebo2/install/robot_gazebo_test_description/share/colcon-core/packages/robot_gazebo_test_description)
[15.048s] DEBUG:colcon.colcon_parallel_executor.executor.parallel:closing loop
[15.049s] DEBUG:colcon.colcon_parallel_executor.executor.parallel:loop closed
[15.049s] DEBUG:colcon.colcon_parallel_executor.executor.parallel:run_until_complete finished with '0'
[15.050s] DEBUG:colcon.colcon_core.event_reactor:joining thread
[15.109s] INFO:colcon.colcon_core.plugin_system:Skipping extension 'colcon_notification.desktop_notification.terminal_notifier': Not used on non-Darwin systems
[15.109s] INFO:colcon.colcon_core.plugin_system:Skipping extension 'colcon_notification.desktop_notification.win32': Not used on non-Windows systems
[15.109s] INFO:colcon.colcon_notification.desktop_notification:Sending desktop notification using 'notify2'
[15.139s] DEBUG:colcon.colcon_core.event_reactor:joined thread
[15.180s] INFO:colcon.colcon_core.shell:Creating prefix script '/home/kakacafu/gazebo2/install/local_setup.ps1'
[15.182s] INFO:colcon.colcon_core.shell:Creating prefix util module '/home/kakacafu/gazebo2/install/_local_setup_util_ps1.py'
[15.186s] INFO:colcon.colcon_core.shell:Creating prefix chain script '/home/kakacafu/gazebo2/install/setup.ps1'
[15.233s] INFO:colcon.colcon_core.shell:Creating prefix script '/home/kakacafu/gazebo2/install/local_setup.sh'
[15.238s] INFO:colcon.colcon_core.shell:Creating prefix util module '/home/kakacafu/gazebo2/install/_local_setup_util_sh.py'
[15.240s] INFO:colcon.colcon_core.shell:Creating prefix chain script '/home/kakacafu/gazebo2/install/setup.sh'
[15.285s] INFO:colcon.colcon_core.shell:Creating prefix script '/home/kakacafu/gazebo2/install/local_setup.bash'
[15.289s] INFO:colcon.colcon_core.shell:Creating prefix chain script '/home/kakacafu/gazebo2/install/setup.bash'
[15.331s] INFO:colcon.colcon_core.shell:Creating prefix script '/home/kakacafu/gazebo2/install/local_setup.zsh'
[15.332s] INFO:colcon.colcon_core.shell:Creating prefix chain script '/home/kakacafu/gazebo2/install/setup.zsh'
