[5.308s] Invoking command in '/home/kakacafu/gazebo2/src/move': PYTHONPATH=/home/kakacafu/gazebo2/build/move/prefix_override:/home/kakacafu/gazebo2/install/move/lib/python3.10/site-packages:${PYTHONPATH} /usr/bin/python3 setup.py egg_info --egg-base ../../build/move build --build-base /home/kakacafu/gazebo2/build/move/build install --record /home/kakacafu/gazebo2/build/move/install.log --single-version-externally-managed
[6.463s] running egg_info
[6.467s] writing ../../build/move/move.egg-info/PKG-INFO
[6.472s] writing dependency_links to ../../build/move/move.egg-info/dependency_links.txt
[6.474s] writing entry points to ../../build/move/move.egg-info/entry_points.txt
[6.475s] writing requirements to ../../build/move/move.egg-info/requires.txt
[6.475s] writing top-level names to ../../build/move/move.egg-info/top_level.txt
[6.479s] reading manifest file '../../build/move/move.egg-info/SOURCES.txt'
[6.483s] writing manifest file '../../build/move/move.egg-info/SOURCES.txt'
[6.484s] running build
[6.484s] running build_py
[6.486s] running install
[6.488s] running install_lib
[6.494s] running install_data
[6.496s] running install_egg_info
[6.502s] removing '/home/kakacafu/gazebo2/install/move/lib/python3.10/site-packages/move-0.0.0-py3.10.egg-info' (and everything under it)
[6.504s] Copying ../../build/move/move.egg-info to /home/kakacafu/gazebo2/install/move/lib/python3.10/site-packages/move-0.0.0-py3.10.egg-info
[6.515s] running install_scripts
[6.572s] Installing move_node script to /home/kakacafu/gazebo2/install/move/lib/move
[6.577s] writing list of installed files to '/home/kakacafu/gazebo2/build/move/install.log'
[6.872s] Invoked command in '/home/kakacafu/gazebo2/src/move' returned '0': PYTHONPATH=/home/kakacafu/gazebo2/build/move/prefix_override:/home/kakacafu/gazebo2/install/move/lib/python3.10/site-packages:${PYTHONPATH} /usr/bin/python3 setup.py egg_info --egg-base ../../build/move build --build-base /home/kakacafu/gazebo2/build/move/build install --record /home/kakacafu/gazebo2/build/move/install.log --single-version-externally-managed
