[6.674s] Invoking command in '/home/kakacafu/gazebo2/src/publisher': PYTHONPATH=/home/kakacafu/gazebo2/build/publisher/prefix_override:/home/kakacafu/gazebo2/install/publisher/lib/python3.10/site-packages:${PYTHONPATH} /usr/bin/python3 setup.py egg_info --egg-base ../../build/publisher build --build-base /home/kakacafu/gazebo2/build/publisher/build install --record /home/kakacafu/gazebo2/build/publisher/install.log --single-version-externally-managed
[8.039s] running egg_info
[8.042s] writing ../../build/publisher/publisher.egg-info/PKG-INFO
[8.043s] writing dependency_links to ../../build/publisher/publisher.egg-info/dependency_links.txt
[8.057s] writing entry points to ../../build/publisher/publisher.egg-info/entry_points.txt
[8.061s] writing requirements to ../../build/publisher/publisher.egg-info/requires.txt
[8.062s] writing top-level names to ../../build/publisher/publisher.egg-info/top_level.txt
[8.169s] reading manifest file '../../build/publisher/publisher.egg-info/SOURCES.txt'
[8.179s] writing manifest file '../../build/publisher/publisher.egg-info/SOURCES.txt'
[8.181s] running build
[8.182s] running build_py
[8.184s] running install
[8.185s] running install_lib
[8.189s] running install_data
[8.192s] running install_egg_info
[8.204s] removing '/home/kakacafu/gazebo2/install/publisher/lib/python3.10/site-packages/publisher-0.0.0-py3.10.egg-info' (and everything under it)
[8.205s] Copying ../../build/publisher/publisher.egg-info to /home/kakacafu/gazebo2/install/publisher/lib/python3.10/site-packages/publisher-0.0.0-py3.10.egg-info
[8.214s] running install_scripts
[8.308s] Installing publisher_node script to /home/kakacafu/gazebo2/install/publisher/lib/publisher
[8.311s] writing list of installed files to '/home/kakacafu/gazebo2/build/publisher/install.log'
[8.394s] Invoked command in '/home/kakacafu/gazebo2/src/publisher' returned '0': PYTHONPATH=/home/kakacafu/gazebo2/build/publisher/prefix_override:/home/kakacafu/gazebo2/install/publisher/lib/python3.10/site-packages:${PYTHONPATH} /usr/bin/python3 setup.py egg_info --egg-base ../../build/publisher build --build-base /home/kakacafu/gazebo2/build/publisher/build install --record /home/kakacafu/gazebo2/build/publisher/install.log --single-version-externally-managed
