[2.077s] DEBUG:colcon:Command line arguments: ['/usr/bin/colcon', 'build']
[2.077s] DEBUG:colcon:Parsed command line arguments: Namespace(log_base=None, log_level=None, verb_name='build', build_base='build', install_base='install', merge_install=False, symlink_install=False, test_result_base=None, continue_on_error=False, executor='parallel', parallel_workers=2, event_handlers=None, ignore_user_meta=False, metas=['./colcon.meta'], base_paths=['.'], packages_ignore=None, packages_ignore_regex=None, paths=None, packages_up_to=None, packages_up_to_regex=None, packages_above=None, packages_above_and_dependencies=None, packages_above_depth=None, packages_select_by_dep=None, packages_skip_by_dep=None, packages_skip_up_to=None, packages_select_build_failed=False, packages_skip_build_finished=False, packages_select_test_failures=False, packages_skip_test_passed=False, packages_select=None, packages_skip=None, packages_select_regex=None, packages_skip_regex=None, packages_start=None, packages_end=None, allow_overriding=[], cmake_args=None, cmake_target=None, cmake_target_skip_unavailable=False, cmake_clean_cache=False, cmake_clean_first=False, cmake_force_configure=False, ament_cmake_args=None, catkin_cmake_args=None, catkin_skip_building_tests=False, verb_parser=<colcon_defaults.argument_parser.defaults.DefaultArgumentsDecorator object at 0x7f8c5424eda0>, verb_extension=<colcon_core.verb.build.BuildVerb object at 0x7f8c5424c490>, main=<bound method BuildVerb.main of <colcon_core.verb.build.BuildVerb object at 0x7f8c5424c490>>)
[2.170s] Level 1:colcon.colcon_core.package_discovery:discover_packages(colcon_meta) check parameters
[2.170s] Level 1:colcon.colcon_core.package_discovery:discover_packages(recursive) check parameters
[2.170s] Level 1:colcon.colcon_core.package_discovery:discover_packages(ignore) check parameters
[2.170s] Level 1:colcon.colcon_core.package_discovery:discover_packages(path) check parameters
[2.170s] Level 1:colcon.colcon_core.package_discovery:discover_packages(colcon_meta) discover
[2.170s] Level 1:colcon.colcon_core.package_discovery:discover_packages(recursive) discover
[2.170s] INFO:colcon.colcon_core.package_discovery:Crawling recursively for packages in '/home/kakacafu/gazebo2'
[2.170s] Level 1:colcon.colcon_core.package_identification:_identify(.) by extensions ['ignore', 'ignore_ament_install']
[2.170s] Level 1:colcon.colcon_core.package_identification:_identify(.) by extension 'ignore'
[2.171s] Level 1:colcon.colcon_core.package_identification:_identify(.) by extension 'ignore_ament_install'
[2.171s] Level 1:colcon.colcon_core.package_identification:_identify(.) by extensions ['colcon_pkg']
[2.171s] Level 1:colcon.colcon_core.package_identification:_identify(.) by extension 'colcon_pkg'
[2.171s] Level 1:colcon.colcon_core.package_identification:_identify(.) by extensions ['colcon_meta']
[2.171s] Level 1:colcon.colcon_core.package_identification:_identify(.) by extension 'colcon_meta'
[2.171s] Level 1:colcon.colcon_core.package_identification:_identify(.) by extensions ['ros']
[2.171s] Level 1:colcon.colcon_core.package_identification:_identify(.) by extension 'ros'
[2.206s] Level 1:colcon.colcon_core.package_identification:_identify(.) by extensions ['cmake', 'python']
[2.206s] Level 1:colcon.colcon_core.package_identification:_identify(.) by extension 'cmake'
[2.206s] Level 1:colcon.colcon_core.package_identification:_identify(.) by extension 'python'
[2.206s] Level 1:colcon.colcon_core.package_identification:_identify(.) by extensions ['python_setup_py']
[2.206s] Level 1:colcon.colcon_core.package_identification:_identify(.) by extension 'python_setup_py'
[2.206s] Level 1:colcon.colcon_core.package_identification:_identify(build) by extensions ['ignore', 'ignore_ament_install']
[2.206s] Level 1:colcon.colcon_core.package_identification:_identify(build) by extension 'ignore'
[2.206s] Level 1:colcon.colcon_core.package_identification:_identify(build) ignored
[2.207s] Level 1:colcon.colcon_core.package_identification:_identify(install) by extensions ['ignore', 'ignore_ament_install']
[2.207s] Level 1:colcon.colcon_core.package_identification:_identify(install) by extension 'ignore'
[2.207s] Level 1:colcon.colcon_core.package_identification:_identify(install) ignored
[2.207s] Level 1:colcon.colcon_core.package_identification:_identify(log) by extensions ['ignore', 'ignore_ament_install']
[2.207s] Level 1:colcon.colcon_core.package_identification:_identify(log) by extension 'ignore'
[2.207s] Level 1:colcon.colcon_core.package_identification:_identify(log) ignored
[2.207s] Level 1:colcon.colcon_core.package_identification:_identify(src) by extensions ['ignore', 'ignore_ament_install']
[2.207s] Level 1:colcon.colcon_core.package_identification:_identify(src) by extension 'ignore'
[2.208s] Level 1:colcon.colcon_core.package_identification:_identify(src) by extension 'ignore_ament_install'
[2.208s] Level 1:colcon.colcon_core.package_identification:_identify(src) by extensions ['colcon_pkg']
[2.208s] Level 1:colcon.colcon_core.package_identification:_identify(src) by extension 'colcon_pkg'
[2.208s] Level 1:colcon.colcon_core.package_identification:_identify(src) by extensions ['colcon_meta']
[2.208s] Level 1:colcon.colcon_core.package_identification:_identify(src) by extension 'colcon_meta'
[2.208s] Level 1:colcon.colcon_core.package_identification:_identify(src) by extensions ['ros']
[2.208s] Level 1:colcon.colcon_core.package_identification:_identify(src) by extension 'ros'
[2.208s] Level 1:colcon.colcon_core.package_identification:_identify(src) by extensions ['cmake', 'python']
[2.208s] Level 1:colcon.colcon_core.package_identification:_identify(src) by extension 'cmake'
[2.208s] Level 1:colcon.colcon_core.package_identification:_identify(src) by extension 'python'
[2.208s] Level 1:colcon.colcon_core.package_identification:_identify(src) by extensions ['python_setup_py']
[2.208s] Level 1:colcon.colcon_core.package_identification:_identify(src) by extension 'python_setup_py'
[2.209s] Level 1:colcon.colcon_core.package_identification:_identify(src/publisher) by extensions ['ignore', 'ignore_ament_install']
[2.209s] Level 1:colcon.colcon_core.package_identification:_identify(src/publisher) by extension 'ignore'
[2.209s] Level 1:colcon.colcon_core.package_identification:_identify(src/publisher) by extension 'ignore_ament_install'
[2.209s] Level 1:colcon.colcon_core.package_identification:_identify(src/publisher) by extensions ['colcon_pkg']
[2.209s] Level 1:colcon.colcon_core.package_identification:_identify(src/publisher) by extension 'colcon_pkg'
[2.209s] Level 1:colcon.colcon_core.package_identification:_identify(src/publisher) by extensions ['colcon_meta']
[2.209s] Level 1:colcon.colcon_core.package_identification:_identify(src/publisher) by extension 'colcon_meta'
[2.209s] Level 1:colcon.colcon_core.package_identification:_identify(src/publisher) by extensions ['ros']
[2.209s] Level 1:colcon.colcon_core.package_identification:_identify(src/publisher) by extension 'ros'
[2.212s] DEBUG:colcon.colcon_core.package_identification:Package 'src/publisher' with type 'ros.ament_python' and name 'publisher'
[2.212s] Level 1:colcon.colcon_core.package_identification:_identify(src/robot_gazebo_test_description) by extensions ['ignore', 'ignore_ament_install']
[2.212s] Level 1:colcon.colcon_core.package_identification:_identify(src/robot_gazebo_test_description) by extension 'ignore'
[2.212s] Level 1:colcon.colcon_core.package_identification:_identify(src/robot_gazebo_test_description) by extension 'ignore_ament_install'
[2.213s] Level 1:colcon.colcon_core.package_identification:_identify(src/robot_gazebo_test_description) by extensions ['colcon_pkg']
[2.213s] Level 1:colcon.colcon_core.package_identification:_identify(src/robot_gazebo_test_description) by extension 'colcon_pkg'
[2.213s] Level 1:colcon.colcon_core.package_identification:_identify(src/robot_gazebo_test_description) by extensions ['colcon_meta']
[2.213s] Level 1:colcon.colcon_core.package_identification:_identify(src/robot_gazebo_test_description) by extension 'colcon_meta'
[2.213s] Level 1:colcon.colcon_core.package_identification:_identify(src/robot_gazebo_test_description) by extensions ['ros']
[2.213s] Level 1:colcon.colcon_core.package_identification:_identify(src/robot_gazebo_test_description) by extension 'ros'
[2.214s] DEBUG:colcon.colcon_core.package_identification:Package 'src/robot_gazebo_test_description' with type 'ros.ament_python' and name 'robot_gazebo_test_description'
[2.214s] Level 1:colcon.colcon_core.package_discovery:discover_packages(recursive) using defaults
[2.214s] Level 1:colcon.colcon_core.package_discovery:discover_packages(ignore) discover
[2.214s] Level 1:colcon.colcon_core.package_discovery:discover_packages(ignore) using defaults
[2.214s] Level 1:colcon.colcon_core.package_discovery:discover_packages(path) discover
[2.214s] Level 1:colcon.colcon_core.package_discovery:discover_packages(path) using defaults
[2.397s] Level 1:colcon.colcon_core.package_discovery:discover_packages(prefix_path) check parameters
[2.397s] Level 1:colcon.colcon_core.package_discovery:discover_packages(prefix_path) discover
[2.472s] DEBUG:colcon.colcon_installed_package_information.package_discovery:Found 2 installed packages in /home/kakacafu/gazebo2/install
[2.505s] DEBUG:colcon.colcon_installed_package_information.package_discovery:Found 364 installed packages in /opt/ros/humble
[2.507s] Level 1:colcon.colcon_core.package_discovery:discover_packages(prefix_path) using defaults
[2.677s] Level 5:colcon.colcon_core.verb:set package 'publisher' build argument 'cmake_args' from command line to 'None'
[2.677s] Level 5:colcon.colcon_core.verb:set package 'publisher' build argument 'cmake_target' from command line to 'None'
[2.677s] Level 5:colcon.colcon_core.verb:set package 'publisher' build argument 'cmake_target_skip_unavailable' from command line to 'False'
[2.678s] Level 5:colcon.colcon_core.verb:set package 'publisher' build argument 'cmake_clean_cache' from command line to 'False'
[2.678s] Level 5:colcon.colcon_core.verb:set package 'publisher' build argument 'cmake_clean_first' from command line to 'False'
[2.678s] Level 5:colcon.colcon_core.verb:set package 'publisher' build argument 'cmake_force_configure' from command line to 'False'
[2.678s] Level 5:colcon.colcon_core.verb:set package 'publisher' build argument 'ament_cmake_args' from command line to 'None'
[2.678s] Level 5:colcon.colcon_core.verb:set package 'publisher' build argument 'catkin_cmake_args' from command line to 'None'
[2.678s] Level 5:colcon.colcon_core.verb:set package 'publisher' build argument 'catkin_skip_building_tests' from command line to 'False'
[2.678s] DEBUG:colcon.colcon_core.verb:Building package 'publisher' with the following arguments: {'ament_cmake_args': None, 'build_base': '/home/kakacafu/gazebo2/build/publisher', 'catkin_cmake_args': None, 'catkin_skip_building_tests': False, 'cmake_args': None, 'cmake_clean_cache': False, 'cmake_clean_first': False, 'cmake_force_configure': False, 'cmake_target': None, 'cmake_target_skip_unavailable': False, 'install_base': '/home/kakacafu/gazebo2/install/publisher', 'merge_install': False, 'path': '/home/kakacafu/gazebo2/src/publisher', 'symlink_install': False, 'test_result_base': None}
[2.706s] Level 5:colcon.colcon_core.verb:set package 'robot_gazebo_test_description' build argument 'cmake_args' from command line to 'None'
[2.707s] Level 5:colcon.colcon_core.verb:set package 'robot_gazebo_test_description' build argument 'cmake_target' from command line to 'None'
[2.707s] Level 5:colcon.colcon_core.verb:set package 'robot_gazebo_test_description' build argument 'cmake_target_skip_unavailable' from command line to 'False'
[2.707s] Level 5:colcon.colcon_core.verb:set package 'robot_gazebo_test_description' build argument 'cmake_clean_cache' from command line to 'False'
[2.707s] Level 5:colcon.colcon_core.verb:set package 'robot_gazebo_test_description' build argument 'cmake_clean_first' from command line to 'False'
[2.707s] Level 5:colcon.colcon_core.verb:set package 'robot_gazebo_test_description' build argument 'cmake_force_configure' from command line to 'False'
[2.707s] Level 5:colcon.colcon_core.verb:set package 'robot_gazebo_test_description' build argument 'ament_cmake_args' from command line to 'None'
[2.707s] Level 5:colcon.colcon_core.verb:set package 'robot_gazebo_test_description' build argument 'catkin_cmake_args' from command line to 'None'
[2.707s] Level 5:colcon.colcon_core.verb:set package 'robot_gazebo_test_description' build argument 'catkin_skip_building_tests' from command line to 'False'
[2.707s] DEBUG:colcon.colcon_core.verb:Building package 'robot_gazebo_test_description' with the following arguments: {'ament_cmake_args': None, 'build_base': '/home/kakacafu/gazebo2/build/robot_gazebo_test_description', 'catkin_cmake_args': None, 'catkin_skip_building_tests': False, 'cmake_args': None, 'cmake_clean_cache': False, 'cmake_clean_first': False, 'cmake_force_configure': False, 'cmake_target': None, 'cmake_target_skip_unavailable': False, 'install_base': '/home/kakacafu/gazebo2/install/robot_gazebo_test_description', 'merge_install': False, 'path': '/home/kakacafu/gazebo2/src/robot_gazebo_test_description', 'symlink_install': False, 'test_result_base': None}
[2.734s] INFO:colcon.colcon_core.executor:Executing jobs using 'parallel' executor
[2.764s] DEBUG:colcon.colcon_parallel_executor.executor.parallel:run_until_complete
[2.764s] INFO:colcon.colcon_ros.task.ament_python.build:Building ROS package in '/home/kakacafu/gazebo2/src/publisher' with build type 'ament_python'
[2.764s] Level 1:colcon.colcon_core.shell:create_environment_hook('publisher', 'ament_prefix_path')
[2.803s] INFO:colcon.colcon_core.plugin_system:Skipping extension 'colcon_core.shell.bat': Not used on non-Windows systems
[2.803s] INFO:colcon.colcon_core.shell:Creating environment hook '/home/kakacafu/gazebo2/install/publisher/share/publisher/hook/ament_prefix_path.ps1'
[2.804s] INFO:colcon.colcon_core.shell:Creating environment descriptor '/home/kakacafu/gazebo2/install/publisher/share/publisher/hook/ament_prefix_path.dsv'
[2.805s] INFO:colcon.colcon_core.shell:Creating environment hook '/home/kakacafu/gazebo2/install/publisher/share/publisher/hook/ament_prefix_path.sh'
[2.834s] INFO:colcon.colcon_core.shell:Skip shell extension 'powershell' for command environment: Not usable outside of PowerShell
[2.834s] DEBUG:colcon.colcon_core.shell:Skip shell extension 'dsv' for command environment
[2.944s] INFO:colcon.colcon_ros.task.ament_python.build:Building ROS package in '/home/kakacafu/gazebo2/src/robot_gazebo_test_description' with build type 'ament_python'
[2.945s] Level 1:colcon.colcon_core.shell:create_environment_hook('robot_gazebo_test_description', 'ament_prefix_path')
[2.995s] INFO:colcon.colcon_core.shell:Creating environment hook '/home/kakacafu/gazebo2/install/robot_gazebo_test_description/share/robot_gazebo_test_description/hook/ament_prefix_path.ps1'
[2.996s] INFO:colcon.colcon_core.shell:Creating environment descriptor '/home/kakacafu/gazebo2/install/robot_gazebo_test_description/share/robot_gazebo_test_description/hook/ament_prefix_path.dsv'
[2.997s] INFO:colcon.colcon_core.shell:Creating environment hook '/home/kakacafu/gazebo2/install/robot_gazebo_test_description/share/robot_gazebo_test_description/hook/ament_prefix_path.sh'
[3.028s] INFO:colcon.colcon_core.shell:Skip shell extension 'powershell' for command environment: Not usable outside of PowerShell
[3.028s] DEBUG:colcon.colcon_core.shell:Skip shell extension 'dsv' for command environment
[3.705s] INFO:colcon.colcon_core.task.python.build:Building Python package in '/home/kakacafu/gazebo2/src/publisher'
[3.740s] INFO:colcon.colcon_core.shell:Skip shell extension 'powershell' for command environment: Not usable outside of PowerShell
[3.740s] DEBUG:colcon.colcon_core.shell:Skip shell extension 'dsv' for command environment
[4.357s] INFO:colcon.colcon_core.task.python.build:Building Python package in '/home/kakacafu/gazebo2/src/robot_gazebo_test_description'
[4.388s] INFO:colcon.colcon_core.shell:Skip shell extension 'powershell' for command environment: Not usable outside of PowerShell
[4.388s] DEBUG:colcon.colcon_core.shell:Skip shell extension 'dsv' for command environment
[5.671s] DEBUG:colcon.colcon_core.event_handler.log_command:Invoking command in '/home/kakacafu/gazebo2/src/publisher': PYTHONPATH=/home/kakacafu/gazebo2/build/publisher/prefix_override:/home/kakacafu/gazebo2/install/publisher/lib/python3.10/site-packages:${PYTHONPATH} /usr/bin/python3 setup.py egg_info --egg-base ../../build/publisher build --build-base /home/kakacafu/gazebo2/build/publisher/build install --record /home/kakacafu/gazebo2/build/publisher/install.log --single-version-externally-managed
[5.909s] DEBUG:colcon.colcon_core.event_handler.log_command:Invoking command in '/home/kakacafu/gazebo2/src/robot_gazebo_test_description': PYTHONPATH=/home/kakacafu/gazebo2/build/robot_gazebo_test_description/prefix_override:/home/kakacafu/gazebo2/install/robot_gazebo_test_description/lib/python3.10/site-packages:${PYTHONPATH} /usr/bin/python3 setup.py egg_info --egg-base ../../build/robot_gazebo_test_description build --build-base /home/kakacafu/gazebo2/build/robot_gazebo_test_description/build install --record /home/kakacafu/gazebo2/build/robot_gazebo_test_description/install.log --single-version-externally-managed
[6.825s] DEBUG:colcon.colcon_core.event_handler.log_command:Invoked command in '/home/kakacafu/gazebo2/src/publisher' returned '0': PYTHONPATH=/home/kakacafu/gazebo2/build/publisher/prefix_override:/home/kakacafu/gazebo2/install/publisher/lib/python3.10/site-packages:${PYTHONPATH} /usr/bin/python3 setup.py egg_info --egg-base ../../build/publisher build --build-base /home/kakacafu/gazebo2/build/publisher/build install --record /home/kakacafu/gazebo2/build/publisher/install.log --single-version-externally-managed
[6.927s] Level 1:colcon.colcon_core.environment:checking '/home/kakacafu/gazebo2/install/publisher' for CMake module files
[6.929s] Level 1:colcon.colcon_core.environment:checking '/home/kakacafu/gazebo2/install/publisher' for CMake config files
[6.933s] Level 1:colcon.colcon_core.environment:checking '/home/kakacafu/gazebo2/install/publisher/lib'
[6.934s] Level 1:colcon.colcon_core.environment:checking '/home/kakacafu/gazebo2/install/publisher/bin'
[6.935s] Level 1:colcon.colcon_core.environment:checking '/home/kakacafu/gazebo2/install/publisher/lib/pkgconfig/publisher.pc'
[6.935s] Level 1:colcon.colcon_core.environment:checking '/home/kakacafu/gazebo2/install/publisher/lib/python3.10/site-packages'
[6.935s] Level 1:colcon.colcon_core.shell:create_environment_hook('publisher', 'pythonpath')
[7.004s] INFO:colcon.colcon_core.shell:Creating environment hook '/home/kakacafu/gazebo2/install/publisher/share/publisher/hook/pythonpath.ps1'
[7.005s] INFO:colcon.colcon_core.shell:Creating environment descriptor '/home/kakacafu/gazebo2/install/publisher/share/publisher/hook/pythonpath.dsv'
[7.006s] INFO:colcon.colcon_core.shell:Creating environment hook '/home/kakacafu/gazebo2/install/publisher/share/publisher/hook/pythonpath.sh'
[7.007s] Level 1:colcon.colcon_core.environment:checking '/home/kakacafu/gazebo2/install/publisher/bin'
[7.007s] Level 1:colcon.colcon_core.environment:create_environment_scripts_only(publisher)
[7.045s] INFO:colcon.colcon_core.shell:Creating package script '/home/kakacafu/gazebo2/install/publisher/share/publisher/package.ps1'
[7.047s] INFO:colcon.colcon_core.shell:Creating package descriptor '/home/kakacafu/gazebo2/install/publisher/share/publisher/package.dsv'
[7.048s] INFO:colcon.colcon_core.shell:Creating package script '/home/kakacafu/gazebo2/install/publisher/share/publisher/package.sh'
[7.049s] INFO:colcon.colcon_core.shell:Creating package script '/home/kakacafu/gazebo2/install/publisher/share/publisher/package.bash'
[7.050s] INFO:colcon.colcon_core.shell:Creating package script '/home/kakacafu/gazebo2/install/publisher/share/publisher/package.zsh'
[7.051s] Level 1:colcon.colcon_core.environment:create_file_with_runtime_dependencies(/home/kakacafu/gazebo2/install/publisher/share/colcon-core/packages/publisher)
[7.055s] DEBUG:colcon.colcon_core.event_handler.log_command:Invoked command in '/home/kakacafu/gazebo2/src/robot_gazebo_test_description' returned '0': PYTHONPATH=/home/kakacafu/gazebo2/build/robot_gazebo_test_description/prefix_override:/home/kakacafu/gazebo2/install/robot_gazebo_test_description/lib/python3.10/site-packages:${PYTHONPATH} /usr/bin/python3 setup.py egg_info --egg-base ../../build/robot_gazebo_test_description build --build-base /home/kakacafu/gazebo2/build/robot_gazebo_test_description/build install --record /home/kakacafu/gazebo2/build/robot_gazebo_test_description/install.log --single-version-externally-managed
[7.095s] Level 1:colcon.colcon_core.environment:checking '/home/kakacafu/gazebo2/install/robot_gazebo_test_description' for CMake module files
[7.096s] Level 1:colcon.colcon_core.environment:checking '/home/kakacafu/gazebo2/install/robot_gazebo_test_description' for CMake config files
[7.099s] Level 1:colcon.colcon_core.environment:checking '/home/kakacafu/gazebo2/install/robot_gazebo_test_description/lib'
[7.099s] Level 1:colcon.colcon_core.environment:checking '/home/kakacafu/gazebo2/install/robot_gazebo_test_description/bin'
[7.099s] Level 1:colcon.colcon_core.environment:checking '/home/kakacafu/gazebo2/install/robot_gazebo_test_description/lib/pkgconfig/robot_gazebo_test_description.pc'
[7.099s] Level 1:colcon.colcon_core.environment:checking '/home/kakacafu/gazebo2/install/robot_gazebo_test_description/lib/python3.10/site-packages'
[7.100s] Level 1:colcon.colcon_core.shell:create_environment_hook('robot_gazebo_test_description', 'pythonpath')
[7.145s] INFO:colcon.colcon_core.shell:Creating environment hook '/home/kakacafu/gazebo2/install/robot_gazebo_test_description/share/robot_gazebo_test_description/hook/pythonpath.ps1'
[7.147s] INFO:colcon.colcon_core.shell:Creating environment descriptor '/home/kakacafu/gazebo2/install/robot_gazebo_test_description/share/robot_gazebo_test_description/hook/pythonpath.dsv'
[7.147s] INFO:colcon.colcon_core.shell:Creating environment hook '/home/kakacafu/gazebo2/install/robot_gazebo_test_description/share/robot_gazebo_test_description/hook/pythonpath.sh'
[7.149s] Level 1:colcon.colcon_core.environment:checking '/home/kakacafu/gazebo2/install/robot_gazebo_test_description/bin'
[7.149s] Level 1:colcon.colcon_core.environment:create_environment_scripts_only(robot_gazebo_test_description)
[7.184s] INFO:colcon.colcon_core.shell:Creating package script '/home/kakacafu/gazebo2/install/robot_gazebo_test_description/share/robot_gazebo_test_description/package.ps1'
[7.185s] INFO:colcon.colcon_core.shell:Creating package descriptor '/home/kakacafu/gazebo2/install/robot_gazebo_test_description/share/robot_gazebo_test_description/package.dsv'
[7.186s] INFO:colcon.colcon_core.shell:Creating package script '/home/kakacafu/gazebo2/install/robot_gazebo_test_description/share/robot_gazebo_test_description/package.sh'
[7.186s] INFO:colcon.colcon_core.shell:Creating package script '/home/kakacafu/gazebo2/install/robot_gazebo_test_description/share/robot_gazebo_test_description/package.bash'
[7.187s] INFO:colcon.colcon_core.shell:Creating package script '/home/kakacafu/gazebo2/install/robot_gazebo_test_description/share/robot_gazebo_test_description/package.zsh'
[7.188s] Level 1:colcon.colcon_core.environment:create_file_with_runtime_dependencies(/home/kakacafu/gazebo2/install/robot_gazebo_test_description/share/colcon-core/packages/robot_gazebo_test_description)
[7.189s] DEBUG:colcon.colcon_parallel_executor.executor.parallel:closing loop
[7.189s] DEBUG:colcon.colcon_parallel_executor.executor.parallel:loop closed
[7.190s] DEBUG:colcon.colcon_parallel_executor.executor.parallel:run_until_complete finished with '0'
[7.190s] DEBUG:colcon.colcon_core.event_reactor:joining thread
[7.240s] INFO:colcon.colcon_core.plugin_system:Skipping extension 'colcon_notification.desktop_notification.terminal_notifier': Not used on non-Darwin systems
[7.240s] INFO:colcon.colcon_core.plugin_system:Skipping extension 'colcon_notification.desktop_notification.win32': Not used on non-Windows systems
[7.240s] INFO:colcon.colcon_notification.desktop_notification:Sending desktop notification using 'notify2'
[7.273s] DEBUG:colcon.colcon_core.event_reactor:joined thread
[7.318s] INFO:colcon.colcon_core.shell:Creating prefix script '/home/kakacafu/gazebo2/install/local_setup.ps1'
[7.319s] INFO:colcon.colcon_core.shell:Creating prefix util module '/home/kakacafu/gazebo2/install/_local_setup_util_ps1.py'
[7.322s] INFO:colcon.colcon_core.shell:Creating prefix chain script '/home/kakacafu/gazebo2/install/setup.ps1'
[7.372s] INFO:colcon.colcon_core.shell:Creating prefix script '/home/kakacafu/gazebo2/install/local_setup.sh'
[7.373s] INFO:colcon.colcon_core.shell:Creating prefix util module '/home/kakacafu/gazebo2/install/_local_setup_util_sh.py'
[7.374s] INFO:colcon.colcon_core.shell:Creating prefix chain script '/home/kakacafu/gazebo2/install/setup.sh'
[7.414s] INFO:colcon.colcon_core.shell:Creating prefix script '/home/kakacafu/gazebo2/install/local_setup.bash'
[7.415s] INFO:colcon.colcon_core.shell:Creating prefix chain script '/home/kakacafu/gazebo2/install/setup.bash'
[7.443s] INFO:colcon.colcon_core.shell:Creating prefix script '/home/kakacafu/gazebo2/install/local_setup.zsh'
[7.444s] INFO:colcon.colcon_core.shell:Creating prefix chain script '/home/kakacafu/gazebo2/install/setup.zsh'
