[2.307s] DEBUG:colcon:Command line arguments: ['/usr/bin/colcon', 'build']
[2.307s] DEBUG:colcon:Parsed command line arguments: Namespace(log_base=None, log_level=None, verb_name='build', build_base='build', install_base='install', merge_install=False, symlink_install=False, test_result_base=None, continue_on_error=False, executor='parallel', parallel_workers=2, event_handlers=None, ignore_user_meta=False, metas=['./colcon.meta'], base_paths=['.'], packages_ignore=None, packages_ignore_regex=None, paths=None, packages_up_to=None, packages_up_to_regex=None, packages_above=None, packages_above_and_dependencies=None, packages_above_depth=None, packages_select_by_dep=None, packages_skip_by_dep=None, packages_skip_up_to=None, packages_select_build_failed=False, packages_skip_build_finished=False, packages_select_test_failures=False, packages_skip_test_passed=False, packages_select=None, packages_skip=None, packages_select_regex=None, packages_skip_regex=None, packages_start=None, packages_end=None, allow_overriding=[], cmake_args=None, cmake_target=None, cmake_target_skip_unavailable=False, cmake_clean_cache=False, cmake_clean_first=False, cmake_force_configure=False, ament_cmake_args=None, catkin_cmake_args=None, catkin_skip_building_tests=False, verb_parser=<colcon_defaults.argument_parser.defaults.DefaultArgumentsDecorator object at 0x7f9316a0ae30>, verb_extension=<colcon_core.verb.build.BuildVerb object at 0x7f9316a08520>, main=<bound method BuildVerb.main of <colcon_core.verb.build.BuildVerb object at 0x7f9316a08520>>)
[2.411s] Level 1:colcon.colcon_core.package_discovery:discover_packages(colcon_meta) check parameters
[2.411s] Level 1:colcon.colcon_core.package_discovery:discover_packages(recursive) check parameters
[2.411s] Level 1:colcon.colcon_core.package_discovery:discover_packages(ignore) check parameters
[2.411s] Level 1:colcon.colcon_core.package_discovery:discover_packages(path) check parameters
[2.411s] Level 1:colcon.colcon_core.package_discovery:discover_packages(colcon_meta) discover
[2.411s] Level 1:colcon.colcon_core.package_discovery:discover_packages(recursive) discover
[2.411s] INFO:colcon.colcon_core.package_discovery:Crawling recursively for packages in '/home/kakacafu/gazebo2'
[2.411s] Level 1:colcon.colcon_core.package_identification:_identify(.) by extensions ['ignore', 'ignore_ament_install']
[2.412s] Level 1:colcon.colcon_core.package_identification:_identify(.) by extension 'ignore'
[2.412s] Level 1:colcon.colcon_core.package_identification:_identify(.) by extension 'ignore_ament_install'
[2.412s] Level 1:colcon.colcon_core.package_identification:_identify(.) by extensions ['colcon_pkg']
[2.412s] Level 1:colcon.colcon_core.package_identification:_identify(.) by extension 'colcon_pkg'
[2.412s] Level 1:colcon.colcon_core.package_identification:_identify(.) by extensions ['colcon_meta']
[2.412s] Level 1:colcon.colcon_core.package_identification:_identify(.) by extension 'colcon_meta'
[2.412s] Level 1:colcon.colcon_core.package_identification:_identify(.) by extensions ['ros']
[2.412s] Level 1:colcon.colcon_core.package_identification:_identify(.) by extension 'ros'
[2.454s] Level 1:colcon.colcon_core.package_identification:_identify(.) by extensions ['cmake', 'python']
[2.454s] Level 1:colcon.colcon_core.package_identification:_identify(.) by extension 'cmake'
[2.454s] Level 1:colcon.colcon_core.package_identification:_identify(.) by extension 'python'
[2.454s] Level 1:colcon.colcon_core.package_identification:_identify(.) by extensions ['python_setup_py']
[2.454s] Level 1:colcon.colcon_core.package_identification:_identify(.) by extension 'python_setup_py'
[2.455s] Level 1:colcon.colcon_core.package_identification:_identify(build) by extensions ['ignore', 'ignore_ament_install']
[2.455s] Level 1:colcon.colcon_core.package_identification:_identify(build) by extension 'ignore'
[2.455s] Level 1:colcon.colcon_core.package_identification:_identify(build) ignored
[2.455s] Level 1:colcon.colcon_core.package_identification:_identify(install) by extensions ['ignore', 'ignore_ament_install']
[2.455s] Level 1:colcon.colcon_core.package_identification:_identify(install) by extension 'ignore'
[2.455s] Level 1:colcon.colcon_core.package_identification:_identify(install) ignored
[2.456s] Level 1:colcon.colcon_core.package_identification:_identify(log) by extensions ['ignore', 'ignore_ament_install']
[2.456s] Level 1:colcon.colcon_core.package_identification:_identify(log) by extension 'ignore'
[2.456s] Level 1:colcon.colcon_core.package_identification:_identify(log) ignored
[2.456s] Level 1:colcon.colcon_core.package_identification:_identify(src) by extensions ['ignore', 'ignore_ament_install']
[2.456s] Level 1:colcon.colcon_core.package_identification:_identify(src) by extension 'ignore'
[2.456s] Level 1:colcon.colcon_core.package_identification:_identify(src) by extension 'ignore_ament_install'
[2.456s] Level 1:colcon.colcon_core.package_identification:_identify(src) by extensions ['colcon_pkg']
[2.457s] Level 1:colcon.colcon_core.package_identification:_identify(src) by extension 'colcon_pkg'
[2.457s] Level 1:colcon.colcon_core.package_identification:_identify(src) by extensions ['colcon_meta']
[2.457s] Level 1:colcon.colcon_core.package_identification:_identify(src) by extension 'colcon_meta'
[2.457s] Level 1:colcon.colcon_core.package_identification:_identify(src) by extensions ['ros']
[2.457s] Level 1:colcon.colcon_core.package_identification:_identify(src) by extension 'ros'
[2.457s] Level 1:colcon.colcon_core.package_identification:_identify(src) by extensions ['cmake', 'python']
[2.457s] Level 1:colcon.colcon_core.package_identification:_identify(src) by extension 'cmake'
[2.457s] Level 1:colcon.colcon_core.package_identification:_identify(src) by extension 'python'
[2.457s] Level 1:colcon.colcon_core.package_identification:_identify(src) by extensions ['python_setup_py']
[2.457s] Level 1:colcon.colcon_core.package_identification:_identify(src) by extension 'python_setup_py'
[2.458s] Level 1:colcon.colcon_core.package_identification:_identify(src/publisher) by extensions ['ignore', 'ignore_ament_install']
[2.458s] Level 1:colcon.colcon_core.package_identification:_identify(src/publisher) by extension 'ignore'
[2.458s] Level 1:colcon.colcon_core.package_identification:_identify(src/publisher) by extension 'ignore_ament_install'
[2.458s] Level 1:colcon.colcon_core.package_identification:_identify(src/publisher) by extensions ['colcon_pkg']
[2.458s] Level 1:colcon.colcon_core.package_identification:_identify(src/publisher) by extension 'colcon_pkg'
[2.458s] Level 1:colcon.colcon_core.package_identification:_identify(src/publisher) by extensions ['colcon_meta']
[2.458s] Level 1:colcon.colcon_core.package_identification:_identify(src/publisher) by extension 'colcon_meta'
[2.458s] Level 1:colcon.colcon_core.package_identification:_identify(src/publisher) by extensions ['ros']
[2.458s] Level 1:colcon.colcon_core.package_identification:_identify(src/publisher) by extension 'ros'
[2.461s] DEBUG:colcon.colcon_core.package_identification:Package 'src/publisher' with type 'ros.ament_python' and name 'publisher'
[2.461s] Level 1:colcon.colcon_core.package_identification:_identify(src/robot_gazebo_test_description) by extensions ['ignore', 'ignore_ament_install']
[2.462s] Level 1:colcon.colcon_core.package_identification:_identify(src/robot_gazebo_test_description) by extension 'ignore'
[2.462s] Level 1:colcon.colcon_core.package_identification:_identify(src/robot_gazebo_test_description) by extension 'ignore_ament_install'
[2.462s] Level 1:colcon.colcon_core.package_identification:_identify(src/robot_gazebo_test_description) by extensions ['colcon_pkg']
[2.462s] Level 1:colcon.colcon_core.package_identification:_identify(src/robot_gazebo_test_description) by extension 'colcon_pkg'
[2.462s] Level 1:colcon.colcon_core.package_identification:_identify(src/robot_gazebo_test_description) by extensions ['colcon_meta']
[2.462s] Level 1:colcon.colcon_core.package_identification:_identify(src/robot_gazebo_test_description) by extension 'colcon_meta'
[2.462s] Level 1:colcon.colcon_core.package_identification:_identify(src/robot_gazebo_test_description) by extensions ['ros']
[2.462s] Level 1:colcon.colcon_core.package_identification:_identify(src/robot_gazebo_test_description) by extension 'ros'
[2.463s] DEBUG:colcon.colcon_core.package_identification:Package 'src/robot_gazebo_test_description' with type 'ros.ament_python' and name 'robot_gazebo_test_description'
[2.463s] Level 1:colcon.colcon_core.package_discovery:discover_packages(recursive) using defaults
[2.463s] Level 1:colcon.colcon_core.package_discovery:discover_packages(ignore) discover
[2.463s] Level 1:colcon.colcon_core.package_discovery:discover_packages(ignore) using defaults
[2.464s] Level 1:colcon.colcon_core.package_discovery:discover_packages(path) discover
[2.464s] Level 1:colcon.colcon_core.package_discovery:discover_packages(path) using defaults
[2.669s] Level 1:colcon.colcon_core.package_discovery:discover_packages(prefix_path) check parameters
[2.669s] Level 1:colcon.colcon_core.package_discovery:discover_packages(prefix_path) discover
[2.756s] DEBUG:colcon.colcon_installed_package_information.package_discovery:Found 1 installed packages in /home/kakacafu/gazebo2/install
[2.796s] DEBUG:colcon.colcon_installed_package_information.package_discovery:Found 364 installed packages in /opt/ros/humble
[2.797s] Level 1:colcon.colcon_core.package_discovery:discover_packages(prefix_path) using defaults
[2.996s] Level 5:colcon.colcon_core.verb:set package 'publisher' build argument 'cmake_args' from command line to 'None'
[2.997s] Level 5:colcon.colcon_core.verb:set package 'publisher' build argument 'cmake_target' from command line to 'None'
[2.997s] Level 5:colcon.colcon_core.verb:set package 'publisher' build argument 'cmake_target_skip_unavailable' from command line to 'False'
[2.997s] Level 5:colcon.colcon_core.verb:set package 'publisher' build argument 'cmake_clean_cache' from command line to 'False'
[2.997s] Level 5:colcon.colcon_core.verb:set package 'publisher' build argument 'cmake_clean_first' from command line to 'False'
[2.997s] Level 5:colcon.colcon_core.verb:set package 'publisher' build argument 'cmake_force_configure' from command line to 'False'
[2.997s] Level 5:colcon.colcon_core.verb:set package 'publisher' build argument 'ament_cmake_args' from command line to 'None'
[2.997s] Level 5:colcon.colcon_core.verb:set package 'publisher' build argument 'catkin_cmake_args' from command line to 'None'
[2.997s] Level 5:colcon.colcon_core.verb:set package 'publisher' build argument 'catkin_skip_building_tests' from command line to 'False'
[2.997s] DEBUG:colcon.colcon_core.verb:Building package 'publisher' with the following arguments: {'ament_cmake_args': None, 'build_base': '/home/kakacafu/gazebo2/build/publisher', 'catkin_cmake_args': None, 'catkin_skip_building_tests': False, 'cmake_args': None, 'cmake_clean_cache': False, 'cmake_clean_first': False, 'cmake_force_configure': False, 'cmake_target': None, 'cmake_target_skip_unavailable': False, 'install_base': '/home/kakacafu/gazebo2/install/publisher', 'merge_install': False, 'path': '/home/kakacafu/gazebo2/src/publisher', 'symlink_install': False, 'test_result_base': None}
[3.027s] Level 5:colcon.colcon_core.verb:set package 'robot_gazebo_test_description' build argument 'cmake_args' from command line to 'None'
[3.028s] Level 5:colcon.colcon_core.verb:set package 'robot_gazebo_test_description' build argument 'cmake_target' from command line to 'None'
[3.028s] Level 5:colcon.colcon_core.verb:set package 'robot_gazebo_test_description' build argument 'cmake_target_skip_unavailable' from command line to 'False'
[3.028s] Level 5:colcon.colcon_core.verb:set package 'robot_gazebo_test_description' build argument 'cmake_clean_cache' from command line to 'False'
[3.028s] Level 5:colcon.colcon_core.verb:set package 'robot_gazebo_test_description' build argument 'cmake_clean_first' from command line to 'False'
[3.028s] Level 5:colcon.colcon_core.verb:set package 'robot_gazebo_test_description' build argument 'cmake_force_configure' from command line to 'False'
[3.028s] Level 5:colcon.colcon_core.verb:set package 'robot_gazebo_test_description' build argument 'ament_cmake_args' from command line to 'None'
[3.028s] Level 5:colcon.colcon_core.verb:set package 'robot_gazebo_test_description' build argument 'catkin_cmake_args' from command line to 'None'
[3.028s] Level 5:colcon.colcon_core.verb:set package 'robot_gazebo_test_description' build argument 'catkin_skip_building_tests' from command line to 'False'
[3.028s] DEBUG:colcon.colcon_core.verb:Building package 'robot_gazebo_test_description' with the following arguments: {'ament_cmake_args': None, 'build_base': '/home/kakacafu/gazebo2/build/robot_gazebo_test_description', 'catkin_cmake_args': None, 'catkin_skip_building_tests': False, 'cmake_args': None, 'cmake_clean_cache': False, 'cmake_clean_first': False, 'cmake_force_configure': False, 'cmake_target': None, 'cmake_target_skip_unavailable': False, 'install_base': '/home/kakacafu/gazebo2/install/robot_gazebo_test_description', 'merge_install': False, 'path': '/home/kakacafu/gazebo2/src/robot_gazebo_test_description', 'symlink_install': False, 'test_result_base': None}
[3.060s] INFO:colcon.colcon_core.executor:Executing jobs using 'parallel' executor
[3.096s] DEBUG:colcon.colcon_parallel_executor.executor.parallel:run_until_complete
[3.096s] INFO:colcon.colcon_ros.task.ament_python.build:Building ROS package in '/home/kakacafu/gazebo2/src/publisher' with build type 'ament_python'
[3.096s] Level 1:colcon.colcon_core.shell:create_environment_hook('publisher', 'ament_prefix_path')
[3.136s] INFO:colcon.colcon_core.plugin_system:Skipping extension 'colcon_core.shell.bat': Not used on non-Windows systems
[3.136s] INFO:colcon.colcon_core.shell:Creating environment hook '/home/kakacafu/gazebo2/install/publisher/share/publisher/hook/ament_prefix_path.ps1'
[3.138s] INFO:colcon.colcon_core.shell:Creating environment descriptor '/home/kakacafu/gazebo2/install/publisher/share/publisher/hook/ament_prefix_path.dsv'
[3.139s] INFO:colcon.colcon_core.shell:Creating environment hook '/home/kakacafu/gazebo2/install/publisher/share/publisher/hook/ament_prefix_path.sh'
[3.174s] INFO:colcon.colcon_core.shell:Skip shell extension 'powershell' for command environment: Not usable outside of PowerShell
[3.175s] DEBUG:colcon.colcon_core.shell:Skip shell extension 'dsv' for command environment
[3.314s] INFO:colcon.colcon_ros.task.ament_python.build:Building ROS package in '/home/kakacafu/gazebo2/src/robot_gazebo_test_description' with build type 'ament_python'
[3.315s] Level 1:colcon.colcon_core.shell:create_environment_hook('robot_gazebo_test_description', 'ament_prefix_path')
[3.352s] INFO:colcon.colcon_core.shell:Creating environment hook '/home/kakacafu/gazebo2/install/robot_gazebo_test_description/share/robot_gazebo_test_description/hook/ament_prefix_path.ps1'
[3.354s] INFO:colcon.colcon_core.shell:Creating environment descriptor '/home/kakacafu/gazebo2/install/robot_gazebo_test_description/share/robot_gazebo_test_description/hook/ament_prefix_path.dsv'
[3.355s] INFO:colcon.colcon_core.shell:Creating environment hook '/home/kakacafu/gazebo2/install/robot_gazebo_test_description/share/robot_gazebo_test_description/hook/ament_prefix_path.sh'
[3.387s] INFO:colcon.colcon_core.shell:Skip shell extension 'powershell' for command environment: Not usable outside of PowerShell
[3.388s] DEBUG:colcon.colcon_core.shell:Skip shell extension 'dsv' for command environment
[4.110s] INFO:colcon.colcon_core.task.python.build:Building Python package in '/home/kakacafu/gazebo2/src/publisher'
[4.148s] INFO:colcon.colcon_core.shell:Skip shell extension 'powershell' for command environment: Not usable outside of PowerShell
[4.148s] DEBUG:colcon.colcon_core.shell:Skip shell extension 'dsv' for command environment
[4.913s] INFO:colcon.colcon_core.task.python.build:Building Python package in '/home/kakacafu/gazebo2/src/robot_gazebo_test_description'
[4.950s] INFO:colcon.colcon_core.shell:Skip shell extension 'powershell' for command environment: Not usable outside of PowerShell
[4.950s] DEBUG:colcon.colcon_core.shell:Skip shell extension 'dsv' for command environment
[6.377s] DEBUG:colcon.colcon_core.event_handler.log_command:Invoking command in '/home/kakacafu/gazebo2/src/robot_gazebo_test_description': PYTHONPATH=/home/kakacafu/gazebo2/build/robot_gazebo_test_description/prefix_override:/home/kakacafu/gazebo2/install/robot_gazebo_test_description/lib/python3.10/site-packages:${PYTHONPATH} /usr/bin/python3 setup.py egg_info --egg-base ../../build/robot_gazebo_test_description build --build-base /home/kakacafu/gazebo2/build/robot_gazebo_test_description/build install --record /home/kakacafu/gazebo2/build/robot_gazebo_test_description/install.log --install-scripts $base/lib/robot_gazebo_test_description --single-version-externally-managed
[7.351s] DEBUG:colcon.colcon_core.event_handler.log_command:Invoked command in '/home/kakacafu/gazebo2/src/robot_gazebo_test_description' returned '0': PYTHONPATH=/home/kakacafu/gazebo2/build/robot_gazebo_test_description/prefix_override:/home/kakacafu/gazebo2/install/robot_gazebo_test_description/lib/python3.10/site-packages:${PYTHONPATH} /usr/bin/python3 setup.py egg_info --egg-base ../../build/robot_gazebo_test_description build --build-base /home/kakacafu/gazebo2/build/robot_gazebo_test_description/build install --record /home/kakacafu/gazebo2/build/robot_gazebo_test_description/install.log --install-scripts $base/lib/robot_gazebo_test_description --single-version-externally-managed
[7.406s] Level 1:colcon.colcon_core.environment:checking '/home/kakacafu/gazebo2/install/robot_gazebo_test_description' for CMake module files
[7.408s] Level 1:colcon.colcon_core.environment:checking '/home/kakacafu/gazebo2/install/robot_gazebo_test_description' for CMake config files
[7.412s] Level 1:colcon.colcon_core.environment:checking '/home/kakacafu/gazebo2/install/robot_gazebo_test_description/lib'
[7.412s] Level 1:colcon.colcon_core.environment:checking '/home/kakacafu/gazebo2/install/robot_gazebo_test_description/bin'
[7.413s] Level 1:colcon.colcon_core.environment:checking '/home/kakacafu/gazebo2/install/robot_gazebo_test_description/lib/pkgconfig/robot_gazebo_test_description.pc'
[7.413s] Level 1:colcon.colcon_core.environment:checking '/home/kakacafu/gazebo2/install/robot_gazebo_test_description/lib/python3.10/site-packages'
[7.413s] Level 1:colcon.colcon_core.shell:create_environment_hook('robot_gazebo_test_description', 'pythonpath')
[7.452s] INFO:colcon.colcon_core.shell:Creating environment hook '/home/kakacafu/gazebo2/install/robot_gazebo_test_description/share/robot_gazebo_test_description/hook/pythonpath.ps1'
[7.453s] INFO:colcon.colcon_core.shell:Creating environment descriptor '/home/kakacafu/gazebo2/install/robot_gazebo_test_description/share/robot_gazebo_test_description/hook/pythonpath.dsv'
[7.455s] INFO:colcon.colcon_core.shell:Creating environment hook '/home/kakacafu/gazebo2/install/robot_gazebo_test_description/share/robot_gazebo_test_description/hook/pythonpath.sh'
[7.458s] Level 1:colcon.colcon_core.environment:checking '/home/kakacafu/gazebo2/install/robot_gazebo_test_description/bin'
[7.458s] Level 1:colcon.colcon_core.environment:create_environment_scripts_only(robot_gazebo_test_description)
[7.506s] INFO:colcon.colcon_core.shell:Creating package script '/home/kakacafu/gazebo2/install/robot_gazebo_test_description/share/robot_gazebo_test_description/package.ps1'
[7.508s] INFO:colcon.colcon_core.shell:Creating package descriptor '/home/kakacafu/gazebo2/install/robot_gazebo_test_description/share/robot_gazebo_test_description/package.dsv'
[7.509s] INFO:colcon.colcon_core.shell:Creating package script '/home/kakacafu/gazebo2/install/robot_gazebo_test_description/share/robot_gazebo_test_description/package.sh'
[7.510s] INFO:colcon.colcon_core.shell:Creating package script '/home/kakacafu/gazebo2/install/robot_gazebo_test_description/share/robot_gazebo_test_description/package.bash'
[7.512s] INFO:colcon.colcon_core.shell:Creating package script '/home/kakacafu/gazebo2/install/robot_gazebo_test_description/share/robot_gazebo_test_description/package.zsh'
[7.513s] Level 1:colcon.colcon_core.environment:create_file_with_runtime_dependencies(/home/kakacafu/gazebo2/install/robot_gazebo_test_description/share/colcon-core/packages/robot_gazebo_test_description)
[7.518s] DEBUG:colcon.colcon_core.event_handler.log_command:Invoking command in '/home/kakacafu/gazebo2/src/publisher': PYTHONPATH=/home/kakacafu/gazebo2/build/publisher/prefix_override:/home/kakacafu/gazebo2/install/publisher/lib/python3.10/site-packages:${PYTHONPATH} /usr/bin/python3 setup.py egg_info --egg-base ../../build/publisher build --build-base /home/kakacafu/gazebo2/build/publisher/build install --record /home/kakacafu/gazebo2/build/publisher/install.log --single-version-externally-managed
[8.318s] DEBUG:colcon.colcon_core.event_handler.log_command:Invoked command in '/home/kakacafu/gazebo2/src/publisher' returned '0': PYTHONPATH=/home/kakacafu/gazebo2/build/publisher/prefix_override:/home/kakacafu/gazebo2/install/publisher/lib/python3.10/site-packages:${PYTHONPATH} /usr/bin/python3 setup.py egg_info --egg-base ../../build/publisher build --build-base /home/kakacafu/gazebo2/build/publisher/build install --record /home/kakacafu/gazebo2/build/publisher/install.log --single-version-externally-managed
[8.369s] Level 1:colcon.colcon_core.environment:checking '/home/kakacafu/gazebo2/install/publisher' for CMake module files
[8.371s] Level 1:colcon.colcon_core.environment:checking '/home/kakacafu/gazebo2/install/publisher' for CMake config files
[8.375s] Level 1:colcon.colcon_core.environment:checking '/home/kakacafu/gazebo2/install/publisher/lib'
[8.376s] Level 1:colcon.colcon_core.environment:checking '/home/kakacafu/gazebo2/install/publisher/bin'
[8.376s] Level 1:colcon.colcon_core.environment:checking '/home/kakacafu/gazebo2/install/publisher/lib/pkgconfig/publisher.pc'
[8.376s] Level 1:colcon.colcon_core.environment:checking '/home/kakacafu/gazebo2/install/publisher/lib/python3.10/site-packages'
[8.376s] Level 1:colcon.colcon_core.shell:create_environment_hook('publisher', 'pythonpath')
[8.432s] INFO:colcon.colcon_core.shell:Creating environment hook '/home/kakacafu/gazebo2/install/publisher/share/publisher/hook/pythonpath.ps1'
[8.433s] INFO:colcon.colcon_core.shell:Creating environment descriptor '/home/kakacafu/gazebo2/install/publisher/share/publisher/hook/pythonpath.dsv'
[8.439s] INFO:colcon.colcon_core.shell:Creating environment hook '/home/kakacafu/gazebo2/install/publisher/share/publisher/hook/pythonpath.sh'
[8.440s] Level 1:colcon.colcon_core.environment:checking '/home/kakacafu/gazebo2/install/publisher/bin'
[8.441s] Level 1:colcon.colcon_core.environment:create_environment_scripts_only(publisher)
[8.490s] INFO:colcon.colcon_core.shell:Creating package script '/home/kakacafu/gazebo2/install/publisher/share/publisher/package.ps1'
[8.491s] INFO:colcon.colcon_core.shell:Creating package descriptor '/home/kakacafu/gazebo2/install/publisher/share/publisher/package.dsv'
[8.492s] INFO:colcon.colcon_core.shell:Creating package script '/home/kakacafu/gazebo2/install/publisher/share/publisher/package.sh'
[8.493s] INFO:colcon.colcon_core.shell:Creating package script '/home/kakacafu/gazebo2/install/publisher/share/publisher/package.bash'
[8.494s] INFO:colcon.colcon_core.shell:Creating package script '/home/kakacafu/gazebo2/install/publisher/share/publisher/package.zsh'
[8.495s] Level 1:colcon.colcon_core.environment:create_file_with_runtime_dependencies(/home/kakacafu/gazebo2/install/publisher/share/colcon-core/packages/publisher)
[8.501s] DEBUG:colcon.colcon_parallel_executor.executor.parallel:closing loop
[8.502s] DEBUG:colcon.colcon_parallel_executor.executor.parallel:loop closed
[8.503s] DEBUG:colcon.colcon_parallel_executor.executor.parallel:run_until_complete finished with '0'
[8.504s] DEBUG:colcon.colcon_core.event_reactor:joining thread
[8.577s] INFO:colcon.colcon_core.plugin_system:Skipping extension 'colcon_notification.desktop_notification.terminal_notifier': Not used on non-Darwin systems
[8.577s] INFO:colcon.colcon_core.plugin_system:Skipping extension 'colcon_notification.desktop_notification.win32': Not used on non-Windows systems
[8.577s] INFO:colcon.colcon_notification.desktop_notification:Sending desktop notification using 'notify2'
[8.622s] DEBUG:colcon.colcon_core.event_reactor:joined thread
[8.722s] INFO:colcon.colcon_core.shell:Creating prefix script '/home/kakacafu/gazebo2/install/local_setup.ps1'
[8.724s] INFO:colcon.colcon_core.shell:Creating prefix util module '/home/kakacafu/gazebo2/install/_local_setup_util_ps1.py'
[8.727s] INFO:colcon.colcon_core.shell:Creating prefix chain script '/home/kakacafu/gazebo2/install/setup.ps1'
[8.797s] INFO:colcon.colcon_core.shell:Creating prefix script '/home/kakacafu/gazebo2/install/local_setup.sh'
[8.798s] INFO:colcon.colcon_core.shell:Creating prefix util module '/home/kakacafu/gazebo2/install/_local_setup_util_sh.py'
[8.802s] INFO:colcon.colcon_core.shell:Creating prefix chain script '/home/kakacafu/gazebo2/install/setup.sh'
[8.882s] INFO:colcon.colcon_core.shell:Creating prefix script '/home/kakacafu/gazebo2/install/local_setup.bash'
[8.883s] INFO:colcon.colcon_core.shell:Creating prefix chain script '/home/kakacafu/gazebo2/install/setup.bash'
[8.961s] INFO:colcon.colcon_core.shell:Creating prefix script '/home/kakacafu/gazebo2/install/local_setup.zsh'
[8.963s] INFO:colcon.colcon_core.shell:Creating prefix chain script '/home/kakacafu/gazebo2/install/setup.zsh'
