[12.653s] Invoking command in '/home/kakacafu/gazebo2/src/move': PYTHONPATH=/home/kakacafu/gazebo2/build/move/prefix_override:/home/kakacafu/gazebo2/install/move/lib/python3.10/site-packages:${PYTHONPATH} /usr/bin/python3 setup.py egg_info --egg-base ../../build/move build --build-base /home/kakacafu/gazebo2/build/move/build install --record /home/kakacafu/gazebo2/build/move/install.log --single-version-externally-managed
[16.903s] running egg_info
[16.922s] writing ../../build/move/move.egg-info/PKG-INFO
[16.936s] writing dependency_links to ../../build/move/move.egg-info/dependency_links.txt
[16.939s] writing entry points to ../../build/move/move.egg-info/entry_points.txt
[16.944s] writing requirements to ../../build/move/move.egg-info/requires.txt
[16.949s] writing top-level names to ../../build/move/move.egg-info/top_level.txt
[16.985s] reading manifest file '../../build/move/move.egg-info/SOURCES.txt'
[16.999s] writing manifest file '../../build/move/move.egg-info/SOURCES.txt'
[17.004s] running build
[17.005s] running build_py
[17.011s] copying move/move_node.py -> /home/kakacafu/gazebo2/build/move/build/lib/move
[17.016s] running install
[17.020s] running install_lib
[17.043s] copying /home/kakacafu/gazebo2/build/move/build/lib/move/move_node.py -> /home/kakacafu/gazebo2/install/move/lib/python3.10/site-packages/move
[17.047s] byte-compiling /home/kakacafu/gazebo2/install/move/lib/python3.10/site-packages/move/move_node.py to move_node.cpython-310.pyc
[17.066s] running install_data
[17.073s] running install_egg_info
[17.109s] removing '/home/kakacafu/gazebo2/install/move/lib/python3.10/site-packages/move-0.0.0-py3.10.egg-info' (and everything under it)
[17.112s] Copying ../../build/move/move.egg-info to /home/kakacafu/gazebo2/install/move/lib/python3.10/site-packages/move-0.0.0-py3.10.egg-info
[17.136s] running install_scripts
[17.459s] Installing move_node script to /home/kakacafu/gazebo2/install/move/lib/move
[17.467s] writing list of installed files to '/home/kakacafu/gazebo2/build/move/install.log'
[19.276s] Invoked command in '/home/kakacafu/gazebo2/src/move' returned '0': PYTHONPATH=/home/kakacafu/gazebo2/build/move/prefix_override:/home/kakacafu/gazebo2/install/move/lib/python3.10/site-packages:${PYTHONPATH} /usr/bin/python3 setup.py egg_info --egg-base ../../build/move build --build-base /home/kakacafu/gazebo2/build/move/build install --record /home/kakacafu/gazebo2/build/move/install.log --single-version-externally-managed
