[4.164s] DEBUG:colcon:Command line arguments: ['/usr/bin/colcon', 'build']
[4.164s] DEBUG:colcon:Parsed command line arguments: Namespace(log_base=None, log_level=None, verb_name='build', build_base='build', install_base='install', merge_install=False, symlink_install=False, test_result_base=None, continue_on_error=False, executor='parallel', parallel_workers=2, event_handlers=None, ignore_user_meta=False, metas=['./colcon.meta'], base_paths=['.'], packages_ignore=None, packages_ignore_regex=None, paths=None, packages_up_to=None, packages_up_to_regex=None, packages_above=None, packages_above_and_dependencies=None, packages_above_depth=None, packages_select_by_dep=None, packages_skip_by_dep=None, packages_skip_up_to=None, packages_select_build_failed=False, packages_skip_build_finished=False, packages_select_test_failures=False, packages_skip_test_passed=False, packages_select=None, packages_skip=None, packages_select_regex=None, packages_skip_regex=None, packages_start=None, packages_end=None, allow_overriding=[], cmake_args=None, cmake_target=None, cmake_target_skip_unavailable=False, cmake_clean_cache=False, cmake_clean_first=False, cmake_force_configure=False, ament_cmake_args=None, catkin_cmake_args=None, catkin_skip_building_tests=False, verb_parser=<colcon_defaults.argument_parser.defaults.DefaultArgumentsDecorator object at 0x7fc27e63ee90>, verb_extension=<colcon_core.verb.build.BuildVerb object at 0x7fc27e63c580>, main=<bound method BuildVerb.main of <colcon_core.verb.build.BuildVerb object at 0x7fc27e63c580>>)
[4.329s] Level 1:colcon.colcon_core.package_discovery:discover_packages(colcon_meta) check parameters
[4.329s] Level 1:colcon.colcon_core.package_discovery:discover_packages(recursive) check parameters
[4.329s] Level 1:colcon.colcon_core.package_discovery:discover_packages(ignore) check parameters
[4.330s] Level 1:colcon.colcon_core.package_discovery:discover_packages(path) check parameters
[4.330s] Level 1:colcon.colcon_core.package_discovery:discover_packages(colcon_meta) discover
[4.330s] Level 1:colcon.colcon_core.package_discovery:discover_packages(recursive) discover
[4.330s] INFO:colcon.colcon_core.package_discovery:Crawling recursively for packages in '/home/kakacafu/gazebo2'
[4.330s] Level 1:colcon.colcon_core.package_identification:_identify(.) by extensions ['ignore', 'ignore_ament_install']
[4.330s] Level 1:colcon.colcon_core.package_identification:_identify(.) by extension 'ignore'
[4.331s] Level 1:colcon.colcon_core.package_identification:_identify(.) by extension 'ignore_ament_install'
[4.331s] Level 1:colcon.colcon_core.package_identification:_identify(.) by extensions ['colcon_pkg']
[4.331s] Level 1:colcon.colcon_core.package_identification:_identify(.) by extension 'colcon_pkg'
[4.331s] Level 1:colcon.colcon_core.package_identification:_identify(.) by extensions ['colcon_meta']
[4.331s] Level 1:colcon.colcon_core.package_identification:_identify(.) by extension 'colcon_meta'
[4.331s] Level 1:colcon.colcon_core.package_identification:_identify(.) by extensions ['ros']
[4.331s] Level 1:colcon.colcon_core.package_identification:_identify(.) by extension 'ros'
[4.391s] Level 1:colcon.colcon_core.package_identification:_identify(.) by extensions ['cmake', 'python']
[4.391s] Level 1:colcon.colcon_core.package_identification:_identify(.) by extension 'cmake'
[4.392s] Level 1:colcon.colcon_core.package_identification:_identify(.) by extension 'python'
[4.392s] Level 1:colcon.colcon_core.package_identification:_identify(.) by extensions ['python_setup_py']
[4.392s] Level 1:colcon.colcon_core.package_identification:_identify(.) by extension 'python_setup_py'
[4.392s] Level 1:colcon.colcon_core.package_identification:_identify(build) by extensions ['ignore', 'ignore_ament_install']
[4.392s] Level 1:colcon.colcon_core.package_identification:_identify(build) by extension 'ignore'
[4.392s] Level 1:colcon.colcon_core.package_identification:_identify(build) ignored
[4.393s] Level 1:colcon.colcon_core.package_identification:_identify(install) by extensions ['ignore', 'ignore_ament_install']
[4.393s] Level 1:colcon.colcon_core.package_identification:_identify(install) by extension 'ignore'
[4.394s] Level 1:colcon.colcon_core.package_identification:_identify(install) ignored
[4.394s] Level 1:colcon.colcon_core.package_identification:_identify(log) by extensions ['ignore', 'ignore_ament_install']
[4.395s] Level 1:colcon.colcon_core.package_identification:_identify(log) by extension 'ignore'
[4.395s] Level 1:colcon.colcon_core.package_identification:_identify(log) ignored
[4.395s] Level 1:colcon.colcon_core.package_identification:_identify(src) by extensions ['ignore', 'ignore_ament_install']
[4.396s] Level 1:colcon.colcon_core.package_identification:_identify(src) by extension 'ignore'
[4.396s] Level 1:colcon.colcon_core.package_identification:_identify(src) by extension 'ignore_ament_install'
[4.396s] Level 1:colcon.colcon_core.package_identification:_identify(src) by extensions ['colcon_pkg']
[4.396s] Level 1:colcon.colcon_core.package_identification:_identify(src) by extension 'colcon_pkg'
[4.397s] Level 1:colcon.colcon_core.package_identification:_identify(src) by extensions ['colcon_meta']
[4.397s] Level 1:colcon.colcon_core.package_identification:_identify(src) by extension 'colcon_meta'
[4.397s] Level 1:colcon.colcon_core.package_identification:_identify(src) by extensions ['ros']
[4.397s] Level 1:colcon.colcon_core.package_identification:_identify(src) by extension 'ros'
[4.397s] Level 1:colcon.colcon_core.package_identification:_identify(src) by extensions ['cmake', 'python']
[4.397s] Level 1:colcon.colcon_core.package_identification:_identify(src) by extension 'cmake'
[4.397s] Level 1:colcon.colcon_core.package_identification:_identify(src) by extension 'python'
[4.398s] Level 1:colcon.colcon_core.package_identification:_identify(src) by extensions ['python_setup_py']
[4.398s] Level 1:colcon.colcon_core.package_identification:_identify(src) by extension 'python_setup_py'
[4.398s] Level 1:colcon.colcon_core.package_identification:_identify(src/publisher) by extensions ['ignore', 'ignore_ament_install']
[4.398s] Level 1:colcon.colcon_core.package_identification:_identify(src/publisher) by extension 'ignore'
[4.398s] Level 1:colcon.colcon_core.package_identification:_identify(src/publisher) by extension 'ignore_ament_install'
[4.398s] Level 1:colcon.colcon_core.package_identification:_identify(src/publisher) by extensions ['colcon_pkg']
[4.398s] Level 1:colcon.colcon_core.package_identification:_identify(src/publisher) by extension 'colcon_pkg'
[4.399s] Level 1:colcon.colcon_core.package_identification:_identify(src/publisher) by extensions ['colcon_meta']
[4.399s] Level 1:colcon.colcon_core.package_identification:_identify(src/publisher) by extension 'colcon_meta'
[4.399s] Level 1:colcon.colcon_core.package_identification:_identify(src/publisher) by extensions ['ros']
[4.399s] Level 1:colcon.colcon_core.package_identification:_identify(src/publisher) by extension 'ros'
[4.403s] DEBUG:colcon.colcon_core.package_identification:Package 'src/publisher' with type 'ros.ament_python' and name 'publisher'
[4.403s] Level 1:colcon.colcon_core.package_identification:_identify(src/robot_gazebo_test_description) by extensions ['ignore', 'ignore_ament_install']
[4.404s] Level 1:colcon.colcon_core.package_identification:_identify(src/robot_gazebo_test_description) by extension 'ignore'
[4.404s] Level 1:colcon.colcon_core.package_identification:_identify(src/robot_gazebo_test_description) by extension 'ignore_ament_install'
[4.404s] Level 1:colcon.colcon_core.package_identification:_identify(src/robot_gazebo_test_description) by extensions ['colcon_pkg']
[4.404s] Level 1:colcon.colcon_core.package_identification:_identify(src/robot_gazebo_test_description) by extension 'colcon_pkg'
[4.404s] Level 1:colcon.colcon_core.package_identification:_identify(src/robot_gazebo_test_description) by extensions ['colcon_meta']
[4.404s] Level 1:colcon.colcon_core.package_identification:_identify(src/robot_gazebo_test_description) by extension 'colcon_meta'
[4.405s] Level 1:colcon.colcon_core.package_identification:_identify(src/robot_gazebo_test_description) by extensions ['ros']
[4.405s] Level 1:colcon.colcon_core.package_identification:_identify(src/robot_gazebo_test_description) by extension 'ros'
[4.407s] DEBUG:colcon.colcon_core.package_identification:Package 'src/robot_gazebo_test_description' with type 'ros.ament_python' and name 'robot_gazebo_test_description'
[4.407s] Level 1:colcon.colcon_core.package_discovery:discover_packages(recursive) using defaults
[4.407s] Level 1:colcon.colcon_core.package_discovery:discover_packages(ignore) discover
[4.407s] Level 1:colcon.colcon_core.package_discovery:discover_packages(ignore) using defaults
[4.407s] Level 1:colcon.colcon_core.package_discovery:discover_packages(path) discover
[4.407s] Level 1:colcon.colcon_core.package_discovery:discover_packages(path) using defaults
[4.720s] Level 1:colcon.colcon_core.package_discovery:discover_packages(prefix_path) check parameters
[4.720s] Level 1:colcon.colcon_core.package_discovery:discover_packages(prefix_path) discover
[4.840s] DEBUG:colcon.colcon_installed_package_information.package_discovery:Found 2 installed packages in /home/kakacafu/gazebo2/install
[4.898s] DEBUG:colcon.colcon_installed_package_information.package_discovery:Found 364 installed packages in /opt/ros/humble
[4.901s] Level 1:colcon.colcon_core.package_discovery:discover_packages(prefix_path) using defaults
[5.154s] Level 5:colcon.colcon_core.verb:set package 'publisher' build argument 'cmake_args' from command line to 'None'
[5.154s] Level 5:colcon.colcon_core.verb:set package 'publisher' build argument 'cmake_target' from command line to 'None'
[5.155s] Level 5:colcon.colcon_core.verb:set package 'publisher' build argument 'cmake_target_skip_unavailable' from command line to 'False'
[5.155s] Level 5:colcon.colcon_core.verb:set package 'publisher' build argument 'cmake_clean_cache' from command line to 'False'
[5.155s] Level 5:colcon.colcon_core.verb:set package 'publisher' build argument 'cmake_clean_first' from command line to 'False'
[5.155s] Level 5:colcon.colcon_core.verb:set package 'publisher' build argument 'cmake_force_configure' from command line to 'False'
[5.155s] Level 5:colcon.colcon_core.verb:set package 'publisher' build argument 'ament_cmake_args' from command line to 'None'
[5.155s] Level 5:colcon.colcon_core.verb:set package 'publisher' build argument 'catkin_cmake_args' from command line to 'None'
[5.155s] Level 5:colcon.colcon_core.verb:set package 'publisher' build argument 'catkin_skip_building_tests' from command line to 'False'
[5.155s] DEBUG:colcon.colcon_core.verb:Building package 'publisher' with the following arguments: {'ament_cmake_args': None, 'build_base': '/home/kakacafu/gazebo2/build/publisher', 'catkin_cmake_args': None, 'catkin_skip_building_tests': False, 'cmake_args': None, 'cmake_clean_cache': False, 'cmake_clean_first': False, 'cmake_force_configure': False, 'cmake_target': None, 'cmake_target_skip_unavailable': False, 'install_base': '/home/kakacafu/gazebo2/install/publisher', 'merge_install': False, 'path': '/home/kakacafu/gazebo2/src/publisher', 'symlink_install': False, 'test_result_base': None}
[5.194s] Level 5:colcon.colcon_core.verb:set package 'robot_gazebo_test_description' build argument 'cmake_args' from command line to 'None'
[5.194s] Level 5:colcon.colcon_core.verb:set package 'robot_gazebo_test_description' build argument 'cmake_target' from command line to 'None'
[5.195s] Level 5:colcon.colcon_core.verb:set package 'robot_gazebo_test_description' build argument 'cmake_target_skip_unavailable' from command line to 'False'
[5.195s] Level 5:colcon.colcon_core.verb:set package 'robot_gazebo_test_description' build argument 'cmake_clean_cache' from command line to 'False'
[5.195s] Level 5:colcon.colcon_core.verb:set package 'robot_gazebo_test_description' build argument 'cmake_clean_first' from command line to 'False'
[5.195s] Level 5:colcon.colcon_core.verb:set package 'robot_gazebo_test_description' build argument 'cmake_force_configure' from command line to 'False'
[5.195s] Level 5:colcon.colcon_core.verb:set package 'robot_gazebo_test_description' build argument 'ament_cmake_args' from command line to 'None'
[5.195s] Level 5:colcon.colcon_core.verb:set package 'robot_gazebo_test_description' build argument 'catkin_cmake_args' from command line to 'None'
[5.195s] Level 5:colcon.colcon_core.verb:set package 'robot_gazebo_test_description' build argument 'catkin_skip_building_tests' from command line to 'False'
[5.196s] DEBUG:colcon.colcon_core.verb:Building package 'robot_gazebo_test_description' with the following arguments: {'ament_cmake_args': None, 'build_base': '/home/kakacafu/gazebo2/build/robot_gazebo_test_description', 'catkin_cmake_args': None, 'catkin_skip_building_tests': False, 'cmake_args': None, 'cmake_clean_cache': False, 'cmake_clean_first': False, 'cmake_force_configure': False, 'cmake_target': None, 'cmake_target_skip_unavailable': False, 'install_base': '/home/kakacafu/gazebo2/install/robot_gazebo_test_description', 'merge_install': False, 'path': '/home/kakacafu/gazebo2/src/robot_gazebo_test_description', 'symlink_install': False, 'test_result_base': None}
[5.236s] INFO:colcon.colcon_core.executor:Executing jobs using 'parallel' executor
[5.283s] DEBUG:colcon.colcon_parallel_executor.executor.parallel:run_until_complete
[5.284s] INFO:colcon.colcon_ros.task.ament_python.build:Building ROS package in '/home/kakacafu/gazebo2/src/publisher' with build type 'ament_python'
[5.288s] Level 1:colcon.colcon_core.shell:create_environment_hook('publisher', 'ament_prefix_path')
[5.375s] INFO:colcon.colcon_core.plugin_system:Skipping extension 'colcon_core.shell.bat': Not used on non-Windows systems
[5.375s] INFO:colcon.colcon_core.shell:Creating environment hook '/home/kakacafu/gazebo2/install/publisher/share/publisher/hook/ament_prefix_path.ps1'
[5.377s] INFO:colcon.colcon_core.shell:Creating environment descriptor '/home/kakacafu/gazebo2/install/publisher/share/publisher/hook/ament_prefix_path.dsv'
[5.379s] INFO:colcon.colcon_core.shell:Creating environment hook '/home/kakacafu/gazebo2/install/publisher/share/publisher/hook/ament_prefix_path.sh'
[5.436s] INFO:colcon.colcon_core.shell:Skip shell extension 'powershell' for command environment: Not usable outside of PowerShell
[5.436s] DEBUG:colcon.colcon_core.shell:Skip shell extension 'dsv' for command environment
[5.641s] INFO:colcon.colcon_ros.task.ament_python.build:Building ROS package in '/home/kakacafu/gazebo2/src/robot_gazebo_test_description' with build type 'ament_python'
[5.641s] Level 1:colcon.colcon_core.shell:create_environment_hook('robot_gazebo_test_description', 'ament_prefix_path')
[5.747s] INFO:colcon.colcon_core.shell:Creating environment hook '/home/kakacafu/gazebo2/install/robot_gazebo_test_description/share/robot_gazebo_test_description/hook/ament_prefix_path.ps1'
[5.751s] INFO:colcon.colcon_core.shell:Creating environment descriptor '/home/kakacafu/gazebo2/install/robot_gazebo_test_description/share/robot_gazebo_test_description/hook/ament_prefix_path.dsv'
[5.754s] INFO:colcon.colcon_core.shell:Creating environment hook '/home/kakacafu/gazebo2/install/robot_gazebo_test_description/share/robot_gazebo_test_description/hook/ament_prefix_path.sh'
[5.824s] INFO:colcon.colcon_core.shell:Skip shell extension 'powershell' for command environment: Not usable outside of PowerShell
[5.825s] DEBUG:colcon.colcon_core.shell:Skip shell extension 'dsv' for command environment
[6.999s] INFO:colcon.colcon_core.task.python.build:Building Python package in '/home/kakacafu/gazebo2/src/publisher'
[7.053s] INFO:colcon.colcon_core.shell:Skip shell extension 'powershell' for command environment: Not usable outside of PowerShell
[7.054s] DEBUG:colcon.colcon_core.shell:Skip shell extension 'dsv' for command environment
[8.223s] INFO:colcon.colcon_core.task.python.build:Building Python package in '/home/kakacafu/gazebo2/src/robot_gazebo_test_description'
[8.283s] INFO:colcon.colcon_core.shell:Skip shell extension 'powershell' for command environment: Not usable outside of PowerShell
[8.283s] DEBUG:colcon.colcon_core.shell:Skip shell extension 'dsv' for command environment
[9.840s] DEBUG:colcon.colcon_core.event_handler.log_command:Invoking command in '/home/kakacafu/gazebo2/src/robot_gazebo_test_description': PYTHONPATH=/home/kakacafu/gazebo2/build/robot_gazebo_test_description/prefix_override:/home/kakacafu/gazebo2/install/robot_gazebo_test_description/lib/python3.10/site-packages:${PYTHONPATH} /usr/bin/python3 setup.py egg_info --egg-base ../../build/robot_gazebo_test_description build --build-base /home/kakacafu/gazebo2/build/robot_gazebo_test_description/build install --record /home/kakacafu/gazebo2/build/robot_gazebo_test_description/install.log --install-scripts $base/lib/robot_gazebo_test_description --single-version-externally-managed
[10.018s] DEBUG:colcon.colcon_core.event_handler.log_command:Invoking command in '/home/kakacafu/gazebo2/src/publisher': PYTHONPATH=/home/kakacafu/gazebo2/build/publisher/prefix_override:/home/kakacafu/gazebo2/install/publisher/lib/python3.10/site-packages:${PYTHONPATH} /usr/bin/python3 setup.py egg_info --egg-base ../../build/publisher build --build-base /home/kakacafu/gazebo2/build/publisher/build install --record /home/kakacafu/gazebo2/build/publisher/install.log --single-version-externally-managed
[10.874s] DEBUG:colcon.colcon_core.event_handler.log_command:Invoked command in '/home/kakacafu/gazebo2/src/robot_gazebo_test_description' returned '0': PYTHONPATH=/home/kakacafu/gazebo2/build/robot_gazebo_test_description/prefix_override:/home/kakacafu/gazebo2/install/robot_gazebo_test_description/lib/python3.10/site-packages:${PYTHONPATH} /usr/bin/python3 setup.py egg_info --egg-base ../../build/robot_gazebo_test_description build --build-base /home/kakacafu/gazebo2/build/robot_gazebo_test_description/build install --record /home/kakacafu/gazebo2/build/robot_gazebo_test_description/install.log --install-scripts $base/lib/robot_gazebo_test_description --single-version-externally-managed
[10.994s] Level 1:colcon.colcon_core.environment:checking '/home/kakacafu/gazebo2/install/robot_gazebo_test_description' for CMake module files
[10.998s] Level 1:colcon.colcon_core.environment:checking '/home/kakacafu/gazebo2/install/robot_gazebo_test_description' for CMake config files
[11.005s] Level 1:colcon.colcon_core.environment:checking '/home/kakacafu/gazebo2/install/robot_gazebo_test_description/lib'
[11.006s] Level 1:colcon.colcon_core.environment:checking '/home/kakacafu/gazebo2/install/robot_gazebo_test_description/bin'
[11.007s] Level 1:colcon.colcon_core.environment:checking '/home/kakacafu/gazebo2/install/robot_gazebo_test_description/lib/pkgconfig/robot_gazebo_test_description.pc'
[11.007s] Level 1:colcon.colcon_core.environment:checking '/home/kakacafu/gazebo2/install/robot_gazebo_test_description/lib/python3.10/site-packages'
[11.008s] Level 1:colcon.colcon_core.shell:create_environment_hook('robot_gazebo_test_description', 'pythonpath')
[11.124s] INFO:colcon.colcon_core.shell:Creating environment hook '/home/kakacafu/gazebo2/install/robot_gazebo_test_description/share/robot_gazebo_test_description/hook/pythonpath.ps1'
[11.128s] INFO:colcon.colcon_core.shell:Creating environment descriptor '/home/kakacafu/gazebo2/install/robot_gazebo_test_description/share/robot_gazebo_test_description/hook/pythonpath.dsv'
[11.132s] INFO:colcon.colcon_core.shell:Creating environment hook '/home/kakacafu/gazebo2/install/robot_gazebo_test_description/share/robot_gazebo_test_description/hook/pythonpath.sh'
[11.134s] Level 1:colcon.colcon_core.environment:checking '/home/kakacafu/gazebo2/install/robot_gazebo_test_description/bin'
[11.134s] Level 1:colcon.colcon_core.environment:create_environment_scripts_only(robot_gazebo_test_description)
[11.207s] INFO:colcon.colcon_core.shell:Creating package script '/home/kakacafu/gazebo2/install/robot_gazebo_test_description/share/robot_gazebo_test_description/package.ps1'
[11.208s] INFO:colcon.colcon_core.shell:Creating package descriptor '/home/kakacafu/gazebo2/install/robot_gazebo_test_description/share/robot_gazebo_test_description/package.dsv'
[11.210s] INFO:colcon.colcon_core.shell:Creating package script '/home/kakacafu/gazebo2/install/robot_gazebo_test_description/share/robot_gazebo_test_description/package.sh'
[11.212s] INFO:colcon.colcon_core.shell:Creating package script '/home/kakacafu/gazebo2/install/robot_gazebo_test_description/share/robot_gazebo_test_description/package.bash'
[11.214s] INFO:colcon.colcon_core.shell:Creating package script '/home/kakacafu/gazebo2/install/robot_gazebo_test_description/share/robot_gazebo_test_description/package.zsh'
[11.215s] Level 1:colcon.colcon_core.environment:create_file_with_runtime_dependencies(/home/kakacafu/gazebo2/install/robot_gazebo_test_description/share/colcon-core/packages/robot_gazebo_test_description)
[11.219s] DEBUG:colcon.colcon_core.event_handler.log_command:Invoked command in '/home/kakacafu/gazebo2/src/publisher' returned '0': PYTHONPATH=/home/kakacafu/gazebo2/build/publisher/prefix_override:/home/kakacafu/gazebo2/install/publisher/lib/python3.10/site-packages:${PYTHONPATH} /usr/bin/python3 setup.py egg_info --egg-base ../../build/publisher build --build-base /home/kakacafu/gazebo2/build/publisher/build install --record /home/kakacafu/gazebo2/build/publisher/install.log --single-version-externally-managed
[11.258s] Level 1:colcon.colcon_core.environment:checking '/home/kakacafu/gazebo2/install/publisher' for CMake module files
[11.260s] Level 1:colcon.colcon_core.environment:checking '/home/kakacafu/gazebo2/install/publisher' for CMake config files
[11.262s] Level 1:colcon.colcon_core.environment:checking '/home/kakacafu/gazebo2/install/publisher/lib'
[11.262s] Level 1:colcon.colcon_core.environment:checking '/home/kakacafu/gazebo2/install/publisher/bin'
[11.262s] Level 1:colcon.colcon_core.environment:checking '/home/kakacafu/gazebo2/install/publisher/lib/pkgconfig/publisher.pc'
[11.263s] Level 1:colcon.colcon_core.environment:checking '/home/kakacafu/gazebo2/install/publisher/lib/python3.10/site-packages'
[11.263s] Level 1:colcon.colcon_core.shell:create_environment_hook('publisher', 'pythonpath')
[11.294s] INFO:colcon.colcon_core.shell:Creating environment hook '/home/kakacafu/gazebo2/install/publisher/share/publisher/hook/pythonpath.ps1'
[11.295s] INFO:colcon.colcon_core.shell:Creating environment descriptor '/home/kakacafu/gazebo2/install/publisher/share/publisher/hook/pythonpath.dsv'
[11.296s] INFO:colcon.colcon_core.shell:Creating environment hook '/home/kakacafu/gazebo2/install/publisher/share/publisher/hook/pythonpath.sh'
[11.298s] Level 1:colcon.colcon_core.environment:checking '/home/kakacafu/gazebo2/install/publisher/bin'
[11.298s] Level 1:colcon.colcon_core.environment:create_environment_scripts_only(publisher)
[11.332s] INFO:colcon.colcon_core.shell:Creating package script '/home/kakacafu/gazebo2/install/publisher/share/publisher/package.ps1'
[11.333s] INFO:colcon.colcon_core.shell:Creating package descriptor '/home/kakacafu/gazebo2/install/publisher/share/publisher/package.dsv'
[11.336s] INFO:colcon.colcon_core.shell:Creating package script '/home/kakacafu/gazebo2/install/publisher/share/publisher/package.sh'
[11.338s] INFO:colcon.colcon_core.shell:Creating package script '/home/kakacafu/gazebo2/install/publisher/share/publisher/package.bash'
[11.340s] INFO:colcon.colcon_core.shell:Creating package script '/home/kakacafu/gazebo2/install/publisher/share/publisher/package.zsh'
[11.341s] Level 1:colcon.colcon_core.environment:create_file_with_runtime_dependencies(/home/kakacafu/gazebo2/install/publisher/share/colcon-core/packages/publisher)
[11.344s] DEBUG:colcon.colcon_parallel_executor.executor.parallel:closing loop
[11.347s] DEBUG:colcon.colcon_parallel_executor.executor.parallel:loop closed
[11.347s] DEBUG:colcon.colcon_parallel_executor.executor.parallel:run_until_complete finished with '0'
[11.347s] DEBUG:colcon.colcon_core.event_reactor:joining thread
[11.424s] INFO:colcon.colcon_core.plugin_system:Skipping extension 'colcon_notification.desktop_notification.terminal_notifier': Not used on non-Darwin systems
[11.424s] INFO:colcon.colcon_core.plugin_system:Skipping extension 'colcon_notification.desktop_notification.win32': Not used on non-Windows systems
[11.424s] INFO:colcon.colcon_notification.desktop_notification:Sending desktop notification using 'notify2'
[11.457s] DEBUG:colcon.colcon_core.event_reactor:joined thread
[11.526s] INFO:colcon.colcon_core.shell:Creating prefix script '/home/kakacafu/gazebo2/install/local_setup.ps1'
[11.528s] INFO:colcon.colcon_core.shell:Creating prefix util module '/home/kakacafu/gazebo2/install/_local_setup_util_ps1.py'
[11.531s] INFO:colcon.colcon_core.shell:Creating prefix chain script '/home/kakacafu/gazebo2/install/setup.ps1'
[11.586s] INFO:colcon.colcon_core.shell:Creating prefix script '/home/kakacafu/gazebo2/install/local_setup.sh'
[11.587s] INFO:colcon.colcon_core.shell:Creating prefix util module '/home/kakacafu/gazebo2/install/_local_setup_util_sh.py'
[11.588s] INFO:colcon.colcon_core.shell:Creating prefix chain script '/home/kakacafu/gazebo2/install/setup.sh'
[11.632s] INFO:colcon.colcon_core.shell:Creating prefix script '/home/kakacafu/gazebo2/install/local_setup.bash'
[11.633s] INFO:colcon.colcon_core.shell:Creating prefix chain script '/home/kakacafu/gazebo2/install/setup.bash'
[11.669s] INFO:colcon.colcon_core.shell:Creating prefix script '/home/kakacafu/gazebo2/install/local_setup.zsh'
[11.670s] INFO:colcon.colcon_core.shell:Creating prefix chain script '/home/kakacafu/gazebo2/install/setup.zsh'
