[5.213s] Invoking command in '/home/kakacafu/gazebo2/src/publisher': PYTHONPATH=/home/kakacafu/gazebo2/build/publisher/prefix_override:/home/kakacafu/gazebo2/install/publisher/lib/python3.10/site-packages:${PYTHONPATH} /usr/bin/python3 setup.py egg_info --egg-base ../../build/publisher build --build-base /home/kakacafu/gazebo2/build/publisher/build install --record /home/kakacafu/gazebo2/build/publisher/install.log --single-version-externally-managed
[5.977s] running egg_info
[5.981s] writing ../../build/publisher/publisher.egg-info/PKG-INFO
[5.996s] writing dependency_links to ../../build/publisher/publisher.egg-info/dependency_links.txt
[5.996s] writing entry points to ../../build/publisher/publisher.egg-info/entry_points.txt
[5.997s] writing requirements to ../../build/publisher/publisher.egg-info/requires.txt
[5.997s] writing top-level names to ../../build/publisher/publisher.egg-info/top_level.txt
[5.997s] reading manifest file '../../build/publisher/publisher.egg-info/SOURCES.txt'
[5.999s] writing manifest file '../../build/publisher/publisher.egg-info/SOURCES.txt'
[5.999s] running build
[6.002s] running build_py
[6.002s] running install
[6.003s] running install_lib
[6.018s] running install_data
[6.020s] running install_egg_info
[6.034s] removing '/home/kakacafu/gazebo2/install/publisher/lib/python3.10/site-packages/publisher-0.0.0-py3.10.egg-info' (and everything under it)
[6.035s] Copying ../../build/publisher/publisher.egg-info to /home/kakacafu/gazebo2/install/publisher/lib/python3.10/site-packages/publisher-0.0.0-py3.10.egg-info
[6.048s] running install_scripts
[6.109s] Installing publisher_node script to /home/kakacafu/gazebo2/install/publisher/lib/publisher
[6.116s] writing list of installed files to '/home/kakacafu/gazebo2/build/publisher/install.log'
[6.163s] Invoked command in '/home/kakacafu/gazebo2/src/publisher' returned '0': PYTHONPATH=/home/kakacafu/gazebo2/build/publisher/prefix_override:/home/kakacafu/gazebo2/install/publisher/lib/python3.10/site-packages:${PYTHONPATH} /usr/bin/python3 setup.py egg_info --egg-base ../../build/publisher build --build-base /home/kakacafu/gazebo2/build/publisher/build install --record /home/kakacafu/gazebo2/build/publisher/install.log --single-version-externally-managed
