[3.061s] Invoking command in '/home/kakacafu/gazebo2/src/move': PYTHONPATH=/home/kakacafu/gazebo2/build/move/prefix_override:/home/kakacafu/gazebo2/install/move/lib/python3.10/site-packages:${PYTHONPATH} /usr/bin/python3 setup.py egg_info --egg-base ../../build/move build --build-base /home/kakacafu/gazebo2/build/move/build install --record /home/kakacafu/gazebo2/build/move/install.log --single-version-externally-managed
[4.125s] running egg_info
[4.125s] writing ../../build/move/move.egg-info/PKG-INFO
[4.126s] writing dependency_links to ../../build/move/move.egg-info/dependency_links.txt
[4.127s] writing entry points to ../../build/move/move.egg-info/entry_points.txt
[4.127s] writing requirements to ../../build/move/move.egg-info/requires.txt
[4.127s] writing top-level names to ../../build/move/move.egg-info/top_level.txt
[4.132s] reading manifest file '../../build/move/move.egg-info/SOURCES.txt'
[4.134s] writing manifest file '../../build/move/move.egg-info/SOURCES.txt'
[4.134s] running build
[4.135s] running build_py
[4.136s] copying move/move.py -> /home/kakacafu/gazebo2/build/move/build/lib/move
[4.139s] running install
[4.139s] Traceback (most recent call last):
[4.140s]   File "/home/kakacafu/gazebo2/src/move/setup.py", line 5, in <module>
[4.140s]     setup(
[4.141s]   File "/home/kakacafu/.local/lib/python3.10/site-packages/setuptools/__init__.py", line 153, in setup
[4.142s]     return distutils.core.setup(**attrs)
[4.144s]   File "/usr/lib/python3.10/distutils/core.py", line 148, in setup
[4.145s]     dist.run_commands()
[4.145s]   File "/usr/lib/python3.10/distutils/dist.py", line 966, in run_commands
[4.146s]     self.run_command(cmd)
[4.146s]   File "/usr/lib/python3.10/distutils/dist.py", line 983, in run_command
[4.147s]     cmd_obj = self.get_command_obj(command)
[4.147s]   File "/usr/lib/python3.10/distutils/dist.py", line 868, in get_command_obj
[4.147s]     self._set_command_options(cmd_obj, options)
[4.148s]   File "/home/kakacafu/.local/lib/python3.10/site-packages/setuptools/dist.py", line 774, in _set_command_options
[4.148s]     elif hasattr(command_obj, option):
[4.149s] TypeError: hasattr(): attribute name must be string
[4.168s] Invoked command in '/home/kakacafu/gazebo2/src/move' returned '1': PYTHONPATH=/home/kakacafu/gazebo2/build/move/prefix_override:/home/kakacafu/gazebo2/install/move/lib/python3.10/site-packages:${PYTHONPATH} /usr/bin/python3 setup.py egg_info --egg-base ../../build/move build --build-base /home/kakacafu/gazebo2/build/move/build install --record /home/kakacafu/gazebo2/build/move/install.log --single-version-externally-managed
