[7.635s] Invoking command in '/home/kakacafu/gazebo2/src/publisher': PYTHONPATH=/home/kakacafu/gazebo2/build/publisher/prefix_override:/home/kakacafu/gazebo2/install/publisher/lib/python3.10/site-packages:${PYTHONPATH} /usr/bin/python3 setup.py egg_info --egg-base ../../build/publisher build --build-base /home/kakacafu/gazebo2/build/publisher/build install --record /home/kakacafu/gazebo2/build/publisher/install.log --single-version-externally-managed
[10.605s] running egg_info
[10.605s] writing ../../build/publisher/publisher.egg-info/PKG-INFO
[10.613s] writing dependency_links to ../../build/publisher/publisher.egg-info/dependency_links.txt
[10.613s] writing entry points to ../../build/publisher/publisher.egg-info/entry_points.txt
[10.614s] writing requirements to ../../build/publisher/publisher.egg-info/requires.txt
[10.614s] writing top-level names to ../../build/publisher/publisher.egg-info/top_level.txt
[10.633s] reading manifest file '../../build/publisher/publisher.egg-info/SOURCES.txt'
[10.636s] writing manifest file '../../build/publisher/publisher.egg-info/SOURCES.txt'
[10.637s] running build
[10.637s] running build_py
[10.639s] running install
[10.646s] running install_lib
[10.659s] running install_data
[10.659s] running install_egg_info
[10.679s] removing '/home/kakacafu/gazebo2/install/publisher/lib/python3.10/site-packages/publisher-0.0.0-py3.10.egg-info' (and everything under it)
[10.686s] Copying ../../build/publisher/publisher.egg-info to /home/kakacafu/gazebo2/install/publisher/lib/python3.10/site-packages/publisher-0.0.0-py3.10.egg-info
[10.695s] running install_scripts
[10.857s] Installing publisher_node script to /home/kakacafu/gazebo2/install/publisher/lib/publisher
[10.864s] writing list of installed files to '/home/kakacafu/gazebo2/build/publisher/install.log'
[10.999s] Invoked command in '/home/kakacafu/gazebo2/src/publisher' returned '0': PYTHONPATH=/home/kakacafu/gazebo2/build/publisher/prefix_override:/home/kakacafu/gazebo2/install/publisher/lib/python3.10/site-packages:${PYTHONPATH} /usr/bin/python3 setup.py egg_info --egg-base ../../build/publisher build --build-base /home/kakacafu/gazebo2/build/publisher/build install --record /home/kakacafu/gazebo2/build/publisher/install.log --single-version-externally-managed
