[4.585s] Invoking command in '/home/kakacafu/gazebo2/src/move_back': PYTHONPATH=/home/kakacafu/gazebo2/build/move_back/prefix_override:/home/kakacafu/gazebo2/install/move_back/lib/python3.10/site-packages:${PYTHONPATH} /usr/bin/python3 setup.py egg_info --egg-base ../../build/move_back build --build-base /home/kakacafu/gazebo2/build/move_back/build install --record /home/kakacafu/gazebo2/build/move_back/install.log --single-version-externally-managed
[5.462s] running egg_info
[5.466s] writing ../../build/move_back/move_back.egg-info/PKG-INFO
[5.466s] writing dependency_links to ../../build/move_back/move_back.egg-info/dependency_links.txt
[5.466s] writing entry points to ../../build/move_back/move_back.egg-info/entry_points.txt
[5.467s] writing requirements to ../../build/move_back/move_back.egg-info/requires.txt
[5.467s] writing top-level names to ../../build/move_back/move_back.egg-info/top_level.txt
[5.474s] reading manifest file '../../build/move_back/move_back.egg-info/SOURCES.txt'
[5.475s] writing manifest file '../../build/move_back/move_back.egg-info/SOURCES.txt'
[5.476s] running build
[5.476s] running build_py
[5.479s] running install
[5.479s] running install_lib
[5.481s] running install_data
[5.483s] running install_egg_info
[5.491s] removing '/home/kakacafu/gazebo2/install/move_back/lib/python3.10/site-packages/move_back-0.0.0-py3.10.egg-info' (and everything under it)
[5.499s] Copying ../../build/move_back/move_back.egg-info to /home/kakacafu/gazebo2/install/move_back/lib/python3.10/site-packages/move_back-0.0.0-py3.10.egg-info
[5.504s] running install_scripts
[5.564s] Installing move_back_node script to /home/kakacafu/gazebo2/install/move_back/lib/move_back
[5.564s] writing list of installed files to '/home/kakacafu/gazebo2/build/move_back/install.log'
[6.000s] Invoked command in '/home/kakacafu/gazebo2/src/move_back' returned '0': PYTHONPATH=/home/kakacafu/gazebo2/build/move_back/prefix_override:/home/kakacafu/gazebo2/install/move_back/lib/python3.10/site-packages:${PYTHONPATH} /usr/bin/python3 setup.py egg_info --egg-base ../../build/move_back build --build-base /home/kakacafu/gazebo2/build/move_back/build install --record /home/kakacafu/gazebo2/build/move_back/install.log --single-version-externally-managed
