[2.879s] Invoking command in '/home/kakacafu/gazebo2/src/move': PYTHONPATH=/home/kakacafu/gazebo2/build/move/prefix_override:/home/kakacafu/gazebo2/install/move/lib/python3.10/site-packages:${PYTHONPATH} /usr/bin/python3 setup.py egg_info --egg-base ../../build/move build --build-base /home/kakacafu/gazebo2/build/move/build install --record /home/kakacafu/gazebo2/build/move/install.log --single-version-externally-managed
[3.565s] running egg_info
[3.566s] writing ../../build/move/move.egg-info/PKG-INFO
[3.568s] writing dependency_links to ../../build/move/move.egg-info/dependency_links.txt
[3.568s] writing entry points to ../../build/move/move.egg-info/entry_points.txt
[3.570s] writing requirements to ../../build/move/move.egg-info/requires.txt
[3.571s] writing top-level names to ../../build/move/move.egg-info/top_level.txt
[3.576s] reading manifest file '../../build/move/move.egg-info/SOURCES.txt'
[3.578s] writing manifest file '../../build/move/move.egg-info/SOURCES.txt'
[3.578s] running build
[3.578s] running build_py
[3.580s] copying move/move_node.py -> /home/kakacafu/gazebo2/build/move/build/lib/move
[3.581s] running install
[3.581s] Traceback (most recent call last):
[3.581s]   File "/home/kakacafu/gazebo2/src/move/setup.py", line 5, in <module>
[3.582s]     setup(
[3.582s]   File "/home/kakacafu/.local/lib/python3.10/site-packages/setuptools/__init__.py", line 153, in setup
[3.582s]     return distutils.core.setup(**attrs)
[3.582s]   File "/usr/lib/python3.10/distutils/core.py", line 148, in setup
[3.583s]     dist.run_commands()
[3.583s]   File "/usr/lib/python3.10/distutils/dist.py", line 966, in run_commands
[3.585s]     self.run_command(cmd)
[3.585s]   File "/usr/lib/python3.10/distutils/dist.py", line 983, in run_command
[3.585s]     cmd_obj = self.get_command_obj(command)
[3.585s]   File "/usr/lib/python3.10/distutils/dist.py", line 868, in get_command_obj
[3.586s]     self._set_command_options(cmd_obj, options)
[3.586s]   File "/home/kakacafu/.local/lib/python3.10/site-packages/setuptools/dist.py", line 774, in _set_command_options
[3.587s]     elif hasattr(command_obj, option):
[3.587s] TypeError: hasattr(): attribute name must be string
[3.615s] Invoked command in '/home/kakacafu/gazebo2/src/move' returned '1': PYTHONPATH=/home/kakacafu/gazebo2/build/move/prefix_override:/home/kakacafu/gazebo2/install/move/lib/python3.10/site-packages:${PYTHONPATH} /usr/bin/python3 setup.py egg_info --egg-base ../../build/move build --build-base /home/kakacafu/gazebo2/build/move/build install --record /home/kakacafu/gazebo2/build/move/install.log --single-version-externally-managed
