[3.538s] Invoking command in '/home/kakacafu/gazebo2/src/publisher': PYTHONPATH=/home/kakacafu/gazebo2/build/publisher/prefix_override:/home/kakacafu/gazebo2/install/publisher/lib/python3.10/site-packages:${PYTHONPATH} /usr/bin/python3 setup.py egg_info --egg-base ../../build/publisher build --build-base /home/kakacafu/gazebo2/build/publisher/build install --record /home/kakacafu/gazebo2/build/publisher/install.log --single-version-externally-managed
[4.378s] running egg_info
[4.379s] creating ../../build/publisher/publisher.egg-info
[4.380s] writing ../../build/publisher/publisher.egg-info/PKG-INFO
[4.380s] writing dependency_links to ../../build/publisher/publisher.egg-info/dependency_links.txt
[4.381s] writing entry points to ../../build/publisher/publisher.egg-info/entry_points.txt
[4.381s] writing requirements to ../../build/publisher/publisher.egg-info/requires.txt
[4.383s] writing top-level names to ../../build/publisher/publisher.egg-info/top_level.txt
[4.385s] writing manifest file '../../build/publisher/publisher.egg-info/SOURCES.txt'
[4.394s] reading manifest file '../../build/publisher/publisher.egg-info/SOURCES.txt'
[4.394s] writing manifest file '../../build/publisher/publisher.egg-info/SOURCES.txt'
[4.394s] running build
[4.395s] running build_py
[4.396s] creating /home/kakacafu/gazebo2/build/publisher/build
[4.397s] creating /home/kakacafu/gazebo2/build/publisher/build/lib
[4.397s] creating /home/kakacafu/gazebo2/build/publisher/build/lib/publisher
[4.398s] copying publisher/__init__.py -> /home/kakacafu/gazebo2/build/publisher/build/lib/publisher
[4.398s] copying publisher/publisher_node.py -> /home/kakacafu/gazebo2/build/publisher/build/lib/publisher
[4.399s] running install
[4.400s] Traceback (most recent call last):
[4.400s]   File "/home/kakacafu/gazebo2/src/publisher/setup.py", line 5, in <module>
[4.401s]     setup(
[4.402s]   File "/home/kakacafu/.local/lib/python3.10/site-packages/setuptools/__init__.py", line 153, in setup
[4.407s]     return distutils.core.setup(**attrs)
[4.408s]   File "/usr/lib/python3.10/distutils/core.py", line 148, in setup
[4.409s]     dist.run_commands()
[4.411s]   File "/usr/lib/python3.10/distutils/dist.py", line 966, in run_commands
[4.412s]     self.run_command(cmd)
[4.412s]   File "/usr/lib/python3.10/distutils/dist.py", line 983, in run_command
[4.412s]     cmd_obj = self.get_command_obj(command)
[4.412s]   File "/usr/lib/python3.10/distutils/dist.py", line 868, in get_command_obj
[4.412s]     self._set_command_options(cmd_obj, options)
[4.413s]   File "/home/kakacafu/.local/lib/python3.10/site-packages/setuptools/dist.py", line 774, in _set_command_options
[4.413s]     elif hasattr(command_obj, option):
[4.413s] TypeError: hasattr(): attribute name must be string
[4.437s] Invoked command in '/home/kakacafu/gazebo2/src/publisher' returned '1': PYTHONPATH=/home/kakacafu/gazebo2/build/publisher/prefix_override:/home/kakacafu/gazebo2/install/publisher/lib/python3.10/site-packages:${PYTHONPATH} /usr/bin/python3 setup.py egg_info --egg-base ../../build/publisher build --build-base /home/kakacafu/gazebo2/build/publisher/build install --record /home/kakacafu/gazebo2/build/publisher/install.log --single-version-externally-managed
