[8.677s] Invoking command in '/home/kakacafu/gazebo2/src/publisher': PYTHONPATH=/home/kakacafu/gazebo2/build/publisher/prefix_override:/home/kakacafu/gazebo2/install/publisher/lib/python3.10/site-packages:${PYTHONPATH} /usr/bin/python3 setup.py egg_info --egg-base ../../build/publisher build --build-base /home/kakacafu/gazebo2/build/publisher/build install --record /home/kakacafu/gazebo2/build/publisher/install.log --single-version-externally-managed
[13.868s] running egg_info
[13.870s] writing ../../build/publisher/publisher.egg-info/PKG-INFO
[13.871s] writing dependency_links to ../../build/publisher/publisher.egg-info/dependency_links.txt
[13.871s] writing entry points to ../../build/publisher/publisher.egg-info/entry_points.txt
[13.872s] writing requirements to ../../build/publisher/publisher.egg-info/requires.txt
[13.873s] writing top-level names to ../../build/publisher/publisher.egg-info/top_level.txt
[13.892s] reading manifest file '../../build/publisher/publisher.egg-info/SOURCES.txt'
[13.898s] writing manifest file '../../build/publisher/publisher.egg-info/SOURCES.txt'
[13.901s] running build
[13.902s] running build_py
[13.905s] running install
[13.906s] running install_lib
[13.918s] running install_data
[13.922s] running install_egg_info
[13.937s] removing '/home/kakacafu/gazebo2/install/publisher/lib/python3.10/site-packages/publisher-0.0.0-py3.10.egg-info' (and everything under it)
[13.938s] Copying ../../build/publisher/publisher.egg-info to /home/kakacafu/gazebo2/install/publisher/lib/python3.10/site-packages/publisher-0.0.0-py3.10.egg-info
[13.979s] running install_scripts
[14.148s] Installing publisher_node script to /home/kakacafu/gazebo2/install/publisher/lib/publisher
[14.151s] writing list of installed files to '/home/kakacafu/gazebo2/build/publisher/install.log'
[14.307s] Invoked command in '/home/kakacafu/gazebo2/src/publisher' returned '0': PYTHONPATH=/home/kakacafu/gazebo2/build/publisher/prefix_override:/home/kakacafu/gazebo2/install/publisher/lib/python3.10/site-packages:${PYTHONPATH} /usr/bin/python3 setup.py egg_info --egg-base ../../build/publisher build --build-base /home/kakacafu/gazebo2/build/publisher/build install --record /home/kakacafu/gazebo2/build/publisher/install.log --single-version-externally-managed
