[5.817s] DEBUG:colcon:Command line arguments: ['/usr/bin/colcon', 'list', '-p', '--base-paths', '/home/kakacafu/gazebo2']
[5.817s] DEBUG:colcon:Parsed command line arguments: Namespace(log_base=None, log_level=None, verb_name='list', build_base='build', ignore_user_meta=False, metas=['./colcon.meta'], base_paths=['/home/kakacafu/gazebo2'], packages_ignore=None, packages_ignore_regex=None, paths=None, packages_up_to=None, packages_up_to_regex=None, packages_above=None, packages_above_and_dependencies=None, packages_above_depth=None, packages_select_by_dep=None, packages_skip_by_dep=None, packages_skip_up_to=None, packages_select_build_failed=False, packages_skip_build_finished=False, packages_select_test_failures=False, packages_skip_test_passed=False, packages_select=None, packages_skip=None, packages_select_regex=None, packages_skip_regex=None, packages_start=None, packages_end=None, allow_overriding=[], topological_order=False, names_only=False, paths_only=True, topological_graph=False, topological_graph_dot=False, topological_graph_density=False, topological_graph_legend=False, topological_graph_dot_cluster=False, topological_graph_dot_include_skipped=False, verb_parser=<colcon_defaults.argument_parser.defaults.DefaultArgumentsDecorator object at 0x7f423d094100>, verb_extension=<colcon_package_information.verb.list.ListVerb object at 0x7f423d00c580>, main=<bound method ListVerb.main of <colcon_package_information.verb.list.ListVerb object at 0x7f423d00c580>>)
[5.988s] Level 1:colcon.colcon_core.package_discovery:discover_packages(colcon_meta) check parameters
[5.988s] Level 1:colcon.colcon_core.package_discovery:discover_packages(recursive) check parameters
[5.988s] Level 1:colcon.colcon_core.package_discovery:discover_packages(ignore) check parameters
[5.988s] Level 1:colcon.colcon_core.package_discovery:discover_packages(path) check parameters
[5.988s] Level 1:colcon.colcon_core.package_discovery:discover_packages(recursive) discover
[5.988s] INFO:colcon.colcon_core.package_discovery:Crawling recursively for packages in '/home/kakacafu/gazebo2'
[5.989s] Level 1:colcon.colcon_core.package_identification:_identify(/home/kakacafu/gazebo2) by extensions ['ignore', 'ignore_ament_install']
[5.989s] Level 1:colcon.colcon_core.package_identification:_identify(/home/kakacafu/gazebo2) by extension 'ignore'
[5.989s] Level 1:colcon.colcon_core.package_identification:_identify(/home/kakacafu/gazebo2) by extension 'ignore_ament_install'
[5.989s] Level 1:colcon.colcon_core.package_identification:_identify(/home/kakacafu/gazebo2) by extensions ['colcon_pkg']
[5.989s] Level 1:colcon.colcon_core.package_identification:_identify(/home/kakacafu/gazebo2) by extension 'colcon_pkg'
[5.989s] Level 1:colcon.colcon_core.package_identification:_identify(/home/kakacafu/gazebo2) by extensions ['colcon_meta']
[5.989s] Level 1:colcon.colcon_core.package_identification:_identify(/home/kakacafu/gazebo2) by extension 'colcon_meta'
[5.989s] Level 1:colcon.colcon_core.package_identification:_identify(/home/kakacafu/gazebo2) by extensions ['ros']
[5.998s] Level 1:colcon.colcon_core.package_identification:_identify(/home/kakacafu/gazebo2) by extension 'ros'
[6.113s] Level 1:colcon.colcon_core.package_identification:_identify(/home/kakacafu/gazebo2) by extensions ['cmake', 'python']
[6.113s] Level 1:colcon.colcon_core.package_identification:_identify(/home/kakacafu/gazebo2) by extension 'cmake'
[6.113s] Level 1:colcon.colcon_core.package_identification:_identify(/home/kakacafu/gazebo2) by extension 'python'
[6.113s] Level 1:colcon.colcon_core.package_identification:_identify(/home/kakacafu/gazebo2) by extensions ['python_setup_py']
[6.113s] Level 1:colcon.colcon_core.package_identification:_identify(/home/kakacafu/gazebo2) by extension 'python_setup_py'
[6.114s] Level 1:colcon.colcon_core.package_identification:_identify(/home/kakacafu/gazebo2/build) by extensions ['ignore', 'ignore_ament_install']
[6.114s] Level 1:colcon.colcon_core.package_identification:_identify(/home/kakacafu/gazebo2/build) by extension 'ignore'
[6.114s] Level 1:colcon.colcon_core.package_identification:_identify(/home/kakacafu/gazebo2/build) ignored
[6.114s] Level 1:colcon.colcon_core.package_identification:_identify(/home/kakacafu/gazebo2/install) by extensions ['ignore', 'ignore_ament_install']
[6.114s] Level 1:colcon.colcon_core.package_identification:_identify(/home/kakacafu/gazebo2/install) by extension 'ignore'
[6.114s] Level 1:colcon.colcon_core.package_identification:_identify(/home/kakacafu/gazebo2/install) ignored
[6.115s] Level 1:colcon.colcon_core.package_identification:_identify(/home/kakacafu/gazebo2/log) by extensions ['ignore', 'ignore_ament_install']
[6.115s] Level 1:colcon.colcon_core.package_identification:_identify(/home/kakacafu/gazebo2/log) by extension 'ignore'
[6.115s] Level 1:colcon.colcon_core.package_identification:_identify(/home/kakacafu/gazebo2/log) ignored
[6.115s] Level 1:colcon.colcon_core.package_identification:_identify(/home/kakacafu/gazebo2/src) by extensions ['ignore', 'ignore_ament_install']
[6.115s] Level 1:colcon.colcon_core.package_identification:_identify(/home/kakacafu/gazebo2/src) by extension 'ignore'
[6.115s] Level 1:colcon.colcon_core.package_identification:_identify(/home/kakacafu/gazebo2/src) by extension 'ignore_ament_install'
[6.115s] Level 1:colcon.colcon_core.package_identification:_identify(/home/kakacafu/gazebo2/src) by extensions ['colcon_pkg']
[6.115s] Level 1:colcon.colcon_core.package_identification:_identify(/home/kakacafu/gazebo2/src) by extension 'colcon_pkg'
[6.115s] Level 1:colcon.colcon_core.package_identification:_identify(/home/kakacafu/gazebo2/src) by extensions ['colcon_meta']
[6.116s] Level 1:colcon.colcon_core.package_identification:_identify(/home/kakacafu/gazebo2/src) by extension 'colcon_meta'
[6.116s] Level 1:colcon.colcon_core.package_identification:_identify(/home/kakacafu/gazebo2/src) by extensions ['ros']
[6.116s] Level 1:colcon.colcon_core.package_identification:_identify(/home/kakacafu/gazebo2/src) by extension 'ros'
[6.116s] Level 1:colcon.colcon_core.package_identification:_identify(/home/kakacafu/gazebo2/src) by extensions ['cmake', 'python']
[6.116s] Level 1:colcon.colcon_core.package_identification:_identify(/home/kakacafu/gazebo2/src) by extension 'cmake'
[6.116s] Level 1:colcon.colcon_core.package_identification:_identify(/home/kakacafu/gazebo2/src) by extension 'python'
[6.116s] Level 1:colcon.colcon_core.package_identification:_identify(/home/kakacafu/gazebo2/src) by extensions ['python_setup_py']
[6.116s] Level 1:colcon.colcon_core.package_identification:_identify(/home/kakacafu/gazebo2/src) by extension 'python_setup_py'
[6.117s] Level 1:colcon.colcon_core.package_identification:_identify(/home/kakacafu/gazebo2/src/move) by extensions ['ignore', 'ignore_ament_install']
[6.117s] Level 1:colcon.colcon_core.package_identification:_identify(/home/kakacafu/gazebo2/src/move) by extension 'ignore'
[6.117s] Level 1:colcon.colcon_core.package_identification:_identify(/home/kakacafu/gazebo2/src/move) by extension 'ignore_ament_install'
[6.117s] Level 1:colcon.colcon_core.package_identification:_identify(/home/kakacafu/gazebo2/src/move) by extensions ['colcon_pkg']
[6.117s] Level 1:colcon.colcon_core.package_identification:_identify(/home/kakacafu/gazebo2/src/move) by extension 'colcon_pkg'
[6.117s] Level 1:colcon.colcon_core.package_identification:_identify(/home/kakacafu/gazebo2/src/move) by extensions ['colcon_meta']
[6.117s] Level 1:colcon.colcon_core.package_identification:_identify(/home/kakacafu/gazebo2/src/move) by extension 'colcon_meta'
[6.118s] Level 1:colcon.colcon_core.package_identification:_identify(/home/kakacafu/gazebo2/src/move) by extensions ['ros']
[6.118s] Level 1:colcon.colcon_core.package_identification:_identify(/home/kakacafu/gazebo2/src/move) by extension 'ros'
[6.123s] DEBUG:colcon.colcon_core.package_identification:Package '/home/kakacafu/gazebo2/src/move' with type 'ros.ament_python' and name 'move'
[6.123s] Level 1:colcon.colcon_core.package_identification:_identify(/home/kakacafu/gazebo2/src/move_back) by extensions ['ignore', 'ignore_ament_install']
[6.124s] Level 1:colcon.colcon_core.package_identification:_identify(/home/kakacafu/gazebo2/src/move_back) by extension 'ignore'
[6.124s] Level 1:colcon.colcon_core.package_identification:_identify(/home/kakacafu/gazebo2/src/move_back) by extension 'ignore_ament_install'
[6.124s] Level 1:colcon.colcon_core.package_identification:_identify(/home/kakacafu/gazebo2/src/move_back) by extensions ['colcon_pkg']
[6.124s] Level 1:colcon.colcon_core.package_identification:_identify(/home/kakacafu/gazebo2/src/move_back) by extension 'colcon_pkg'
[6.124s] Level 1:colcon.colcon_core.package_identification:_identify(/home/kakacafu/gazebo2/src/move_back) by extensions ['colcon_meta']
[6.124s] Level 1:colcon.colcon_core.package_identification:_identify(/home/kakacafu/gazebo2/src/move_back) by extension 'colcon_meta'
[6.124s] Level 1:colcon.colcon_core.package_identification:_identify(/home/kakacafu/gazebo2/src/move_back) by extensions ['ros']
[6.124s] Level 1:colcon.colcon_core.package_identification:_identify(/home/kakacafu/gazebo2/src/move_back) by extension 'ros'
[6.125s] DEBUG:colcon.colcon_core.package_identification:Package '/home/kakacafu/gazebo2/src/move_back' with type 'ros.ament_python' and name 'move_back'
[6.125s] Level 1:colcon.colcon_core.package_identification:_identify(/home/kakacafu/gazebo2/src/move_front) by extensions ['ignore', 'ignore_ament_install']
[6.125s] Level 1:colcon.colcon_core.package_identification:_identify(/home/kakacafu/gazebo2/src/move_front) by extension 'ignore'
[6.126s] Level 1:colcon.colcon_core.package_identification:_identify(/home/kakacafu/gazebo2/src/move_front) by extension 'ignore_ament_install'
[6.126s] Level 1:colcon.colcon_core.package_identification:_identify(/home/kakacafu/gazebo2/src/move_front) by extensions ['colcon_pkg']
[6.126s] Level 1:colcon.colcon_core.package_identification:_identify(/home/kakacafu/gazebo2/src/move_front) by extension 'colcon_pkg'
[6.126s] Level 1:colcon.colcon_core.package_identification:_identify(/home/kakacafu/gazebo2/src/move_front) by extensions ['colcon_meta']
[6.126s] Level 1:colcon.colcon_core.package_identification:_identify(/home/kakacafu/gazebo2/src/move_front) by extension 'colcon_meta'
[6.126s] Level 1:colcon.colcon_core.package_identification:_identify(/home/kakacafu/gazebo2/src/move_front) by extensions ['ros']
[6.126s] Level 1:colcon.colcon_core.package_identification:_identify(/home/kakacafu/gazebo2/src/move_front) by extension 'ros'
[6.128s] DEBUG:colcon.colcon_core.package_identification:Package '/home/kakacafu/gazebo2/src/move_front' with type 'ros.ament_python' and name 'move_front'
[6.128s] Level 1:colcon.colcon_core.package_identification:_identify(/home/kakacafu/gazebo2/src/publisher) by extensions ['ignore', 'ignore_ament_install']
[6.129s] Level 1:colcon.colcon_core.package_identification:_identify(/home/kakacafu/gazebo2/src/publisher) by extension 'ignore'
[6.129s] Level 1:colcon.colcon_core.package_identification:_identify(/home/kakacafu/gazebo2/src/publisher) by extension 'ignore_ament_install'
[6.129s] Level 1:colcon.colcon_core.package_identification:_identify(/home/kakacafu/gazebo2/src/publisher) by extensions ['colcon_pkg']
[6.129s] Level 1:colcon.colcon_core.package_identification:_identify(/home/kakacafu/gazebo2/src/publisher) by extension 'colcon_pkg'
[6.129s] Level 1:colcon.colcon_core.package_identification:_identify(/home/kakacafu/gazebo2/src/publisher) by extensions ['colcon_meta']
[6.129s] Level 1:colcon.colcon_core.package_identification:_identify(/home/kakacafu/gazebo2/src/publisher) by extension 'colcon_meta'
[6.129s] Level 1:colcon.colcon_core.package_identification:_identify(/home/kakacafu/gazebo2/src/publisher) by extensions ['ros']
[6.130s] Level 1:colcon.colcon_core.package_identification:_identify(/home/kakacafu/gazebo2/src/publisher) by extension 'ros'
[6.130s] DEBUG:colcon.colcon_core.package_identification:Package '/home/kakacafu/gazebo2/src/publisher' with type 'ros.ament_python' and name 'publisher'
[6.131s] Level 1:colcon.colcon_core.package_identification:_identify(/home/kakacafu/gazebo2/src/robot_gazebo_test_description) by extensions ['ignore', 'ignore_ament_install']
[6.131s] Level 1:colcon.colcon_core.package_identification:_identify(/home/kakacafu/gazebo2/src/robot_gazebo_test_description) by extension 'ignore'
[6.131s] Level 1:colcon.colcon_core.package_identification:_identify(/home/kakacafu/gazebo2/src/robot_gazebo_test_description) by extension 'ignore_ament_install'
[6.131s] Level 1:colcon.colcon_core.package_identification:_identify(/home/kakacafu/gazebo2/src/robot_gazebo_test_description) by extensions ['colcon_pkg']
[6.131s] Level 1:colcon.colcon_core.package_identification:_identify(/home/kakacafu/gazebo2/src/robot_gazebo_test_description) by extension 'colcon_pkg'
[6.131s] Level 1:colcon.colcon_core.package_identification:_identify(/home/kakacafu/gazebo2/src/robot_gazebo_test_description) by extensions ['colcon_meta']
[6.131s] Level 1:colcon.colcon_core.package_identification:_identify(/home/kakacafu/gazebo2/src/robot_gazebo_test_description) by extension 'colcon_meta'
[6.131s] Level 1:colcon.colcon_core.package_identification:_identify(/home/kakacafu/gazebo2/src/robot_gazebo_test_description) by extensions ['ros']
[6.131s] Level 1:colcon.colcon_core.package_identification:_identify(/home/kakacafu/gazebo2/src/robot_gazebo_test_description) by extension 'ros'
[6.133s] DEBUG:colcon.colcon_core.package_identification:Package '/home/kakacafu/gazebo2/src/robot_gazebo_test_description' with type 'ros.ament_python' and name 'robot_gazebo_test_description'
[6.133s] Level 1:colcon.colcon_core.package_discovery:discover_packages(recursive) using defaults
