[4.406s] Invoking command in '/home/kakacafu/gazebo2/src/move_front': PYTHONPATH=/home/kakacafu/gazebo2/build/move_front/prefix_override:/home/kakacafu/gazebo2/install/move_front/lib/python3.10/site-packages:${PYTHONPATH} /usr/bin/python3 setup.py egg_info --egg-base ../../build/move_front build --build-base /home/kakacafu/gazebo2/build/move_front/build install --record /home/kakacafu/gazebo2/build/move_front/install.log --single-version-externally-managed
[5.002s] running egg_info
[5.006s] writing ../../build/move_front/move_front.egg-info/PKG-INFO
[5.008s] writing dependency_links to ../../build/move_front/move_front.egg-info/dependency_links.txt
[5.008s] writing entry points to ../../build/move_front/move_front.egg-info/entry_points.txt
[5.008s] writing requirements to ../../build/move_front/move_front.egg-info/requires.txt
[5.008s] writing top-level names to ../../build/move_front/move_front.egg-info/top_level.txt
[5.012s] reading manifest file '../../build/move_front/move_front.egg-info/SOURCES.txt'
[5.014s] writing manifest file '../../build/move_front/move_front.egg-info/SOURCES.txt'
[5.015s] running build
[5.015s] running build_py
[5.015s] running install
[5.015s] running install_lib
[5.018s] running install_data
[5.020s] running install_egg_info
[5.022s] removing '/home/kakacafu/gazebo2/install/move_front/lib/python3.10/site-packages/move_front-0.0.0-py3.10.egg-info' (and everything under it)
[5.026s] Copying ../../build/move_front/move_front.egg-info to /home/kakacafu/gazebo2/install/move_front/lib/python3.10/site-packages/move_front-0.0.0-py3.10.egg-info
[5.033s] running install_scripts
[5.080s] Installing move_front_node script to /home/kakacafu/gazebo2/install/move_front/lib/move_front
[5.081s] writing list of installed files to '/home/kakacafu/gazebo2/build/move_front/install.log'
[5.138s] Invoked command in '/home/kakacafu/gazebo2/src/move_front' returned '0': PYTHONPATH=/home/kakacafu/gazebo2/build/move_front/prefix_override:/home/kakacafu/gazebo2/install/move_front/lib/python3.10/site-packages:${PYTHONPATH} /usr/bin/python3 setup.py egg_info --egg-base ../../build/move_front build --build-base /home/kakacafu/gazebo2/build/move_front/build install --record /home/kakacafu/gazebo2/build/move_front/install.log --single-version-externally-managed
