[9.303s] DEBUG:colcon:Command line arguments: ['/usr/bin/colcon', 'list', '-p', '--base-paths', '/home/kakacafu/gazebo2']
[9.304s] DEBUG:colcon:Parsed command line arguments: Namespace(log_base=None, log_level=None, verb_name='list', build_base='build', ignore_user_meta=False, metas=['./colcon.meta'], base_paths=['/home/kakacafu/gazebo2'], packages_ignore=None, packages_ignore_regex=None, paths=None, packages_up_to=None, packages_up_to_regex=None, packages_above=None, packages_above_and_dependencies=None, packages_above_depth=None, packages_select_by_dep=None, packages_skip_by_dep=None, packages_skip_up_to=None, packages_select_build_failed=False, packages_skip_build_finished=False, packages_select_test_failures=False, packages_skip_test_passed=False, packages_select=None, packages_skip=None, packages_select_regex=None, packages_skip_regex=None, packages_start=None, packages_end=None, allow_overriding=[], topological_order=False, names_only=False, paths_only=True, topological_graph=False, topological_graph_dot=False, topological_graph_density=False, topological_graph_legend=False, topological_graph_dot_cluster=False, topological_graph_dot_include_skipped=False, verb_parser=<colcon_defaults.argument_parser.defaults.DefaultArgumentsDecorator object at 0x7f08657d0670>, verb_extension=<colcon_package_information.verb.list.ListVerb object at 0x7f08658d8b50>, main=<bound method ListVerb.main of <colcon_package_information.verb.list.ListVerb object at 0x7f08658d8b50>>)
[9.610s] Level 1:colcon.colcon_core.package_discovery:discover_packages(colcon_meta) check parameters
[9.610s] Level 1:colcon.colcon_core.package_discovery:discover_packages(recursive) check parameters
[9.610s] Level 1:colcon.colcon_core.package_discovery:discover_packages(ignore) check parameters
[9.610s] Level 1:colcon.colcon_core.package_discovery:discover_packages(path) check parameters
[9.610s] Level 1:colcon.colcon_core.package_discovery:discover_packages(recursive) discover
[9.610s] INFO:colcon.colcon_core.package_discovery:Crawling recursively for packages in '/home/kakacafu/gazebo2'
[9.611s] Level 1:colcon.colcon_core.package_identification:_identify(/home/kakacafu/gazebo2) by extensions ['ignore', 'ignore_ament_install']
[9.611s] Level 1:colcon.colcon_core.package_identification:_identify(/home/kakacafu/gazebo2) by extension 'ignore'
[9.611s] Level 1:colcon.colcon_core.package_identification:_identify(/home/kakacafu/gazebo2) by extension 'ignore_ament_install'
[9.611s] Level 1:colcon.colcon_core.package_identification:_identify(/home/kakacafu/gazebo2) by extensions ['colcon_pkg']
[9.611s] Level 1:colcon.colcon_core.package_identification:_identify(/home/kakacafu/gazebo2) by extension 'colcon_pkg'
[9.612s] Level 1:colcon.colcon_core.package_identification:_identify(/home/kakacafu/gazebo2) by extensions ['colcon_meta']
[9.612s] Level 1:colcon.colcon_core.package_identification:_identify(/home/kakacafu/gazebo2) by extension 'colcon_meta'
[9.612s] Level 1:colcon.colcon_core.package_identification:_identify(/home/kakacafu/gazebo2) by extensions ['ros']
[9.612s] Level 1:colcon.colcon_core.package_identification:_identify(/home/kakacafu/gazebo2) by extension 'ros'
[9.669s] Level 1:colcon.colcon_core.package_identification:_identify(/home/kakacafu/gazebo2) by extensions ['cmake', 'python']
[9.669s] Level 1:colcon.colcon_core.package_identification:_identify(/home/kakacafu/gazebo2) by extension 'cmake'
[9.669s] Level 1:colcon.colcon_core.package_identification:_identify(/home/kakacafu/gazebo2) by extension 'python'
[9.669s] Level 1:colcon.colcon_core.package_identification:_identify(/home/kakacafu/gazebo2) by extensions ['python_setup_py']
[9.670s] Level 1:colcon.colcon_core.package_identification:_identify(/home/kakacafu/gazebo2) by extension 'python_setup_py'
[9.670s] Level 1:colcon.colcon_core.package_identification:_identify(/home/kakacafu/gazebo2/build) by extensions ['ignore', 'ignore_ament_install']
[9.670s] Level 1:colcon.colcon_core.package_identification:_identify(/home/kakacafu/gazebo2/build) by extension 'ignore'
[9.670s] Level 1:colcon.colcon_core.package_identification:_identify(/home/kakacafu/gazebo2/build) ignored
[9.670s] Level 1:colcon.colcon_core.package_identification:_identify(/home/kakacafu/gazebo2/install) by extensions ['ignore', 'ignore_ament_install']
[9.670s] Level 1:colcon.colcon_core.package_identification:_identify(/home/kakacafu/gazebo2/install) by extension 'ignore'
[9.671s] Level 1:colcon.colcon_core.package_identification:_identify(/home/kakacafu/gazebo2/install) ignored
[9.671s] Level 1:colcon.colcon_core.package_identification:_identify(/home/kakacafu/gazebo2/log) by extensions ['ignore', 'ignore_ament_install']
[9.671s] Level 1:colcon.colcon_core.package_identification:_identify(/home/kakacafu/gazebo2/log) by extension 'ignore'
[9.671s] Level 1:colcon.colcon_core.package_identification:_identify(/home/kakacafu/gazebo2/log) ignored
[9.671s] Level 1:colcon.colcon_core.package_identification:_identify(/home/kakacafu/gazebo2/src) by extensions ['ignore', 'ignore_ament_install']
[9.672s] Level 1:colcon.colcon_core.package_identification:_identify(/home/kakacafu/gazebo2/src) by extension 'ignore'
[9.672s] Level 1:colcon.colcon_core.package_identification:_identify(/home/kakacafu/gazebo2/src) by extension 'ignore_ament_install'
[9.672s] Level 1:colcon.colcon_core.package_identification:_identify(/home/kakacafu/gazebo2/src) by extensions ['colcon_pkg']
[9.672s] Level 1:colcon.colcon_core.package_identification:_identify(/home/kakacafu/gazebo2/src) by extension 'colcon_pkg'
[9.679s] Level 1:colcon.colcon_core.package_identification:_identify(/home/kakacafu/gazebo2/src) by extensions ['colcon_meta']
[9.679s] Level 1:colcon.colcon_core.package_identification:_identify(/home/kakacafu/gazebo2/src) by extension 'colcon_meta'
[9.679s] Level 1:colcon.colcon_core.package_identification:_identify(/home/kakacafu/gazebo2/src) by extensions ['ros']
[9.679s] Level 1:colcon.colcon_core.package_identification:_identify(/home/kakacafu/gazebo2/src) by extension 'ros'
[9.680s] Level 1:colcon.colcon_core.package_identification:_identify(/home/kakacafu/gazebo2/src) by extensions ['cmake', 'python']
[9.680s] Level 1:colcon.colcon_core.package_identification:_identify(/home/kakacafu/gazebo2/src) by extension 'cmake'
[9.680s] Level 1:colcon.colcon_core.package_identification:_identify(/home/kakacafu/gazebo2/src) by extension 'python'
[9.680s] Level 1:colcon.colcon_core.package_identification:_identify(/home/kakacafu/gazebo2/src) by extensions ['python_setup_py']
[9.680s] Level 1:colcon.colcon_core.package_identification:_identify(/home/kakacafu/gazebo2/src) by extension 'python_setup_py'
[9.680s] Level 1:colcon.colcon_core.package_identification:_identify(/home/kakacafu/gazebo2/src/move) by extensions ['ignore', 'ignore_ament_install']
[9.680s] Level 1:colcon.colcon_core.package_identification:_identify(/home/kakacafu/gazebo2/src/move) by extension 'ignore'
[9.680s] Level 1:colcon.colcon_core.package_identification:_identify(/home/kakacafu/gazebo2/src/move) by extension 'ignore_ament_install'
[9.681s] Level 1:colcon.colcon_core.package_identification:_identify(/home/kakacafu/gazebo2/src/move) by extensions ['colcon_pkg']
[9.681s] Level 1:colcon.colcon_core.package_identification:_identify(/home/kakacafu/gazebo2/src/move) by extension 'colcon_pkg'
[9.681s] Level 1:colcon.colcon_core.package_identification:_identify(/home/kakacafu/gazebo2/src/move) by extensions ['colcon_meta']
[9.681s] Level 1:colcon.colcon_core.package_identification:_identify(/home/kakacafu/gazebo2/src/move) by extension 'colcon_meta'
[9.681s] Level 1:colcon.colcon_core.package_identification:_identify(/home/kakacafu/gazebo2/src/move) by extensions ['ros']
[9.681s] Level 1:colcon.colcon_core.package_identification:_identify(/home/kakacafu/gazebo2/src/move) by extension 'ros'
[9.689s] DEBUG:colcon.colcon_core.package_identification:Package '/home/kakacafu/gazebo2/src/move' with type 'ros.ament_python' and name 'move'
[9.689s] Level 1:colcon.colcon_core.package_identification:_identify(/home/kakacafu/gazebo2/src/robot_gazebo_test_description) by extensions ['ignore', 'ignore_ament_install']
[9.689s] Level 1:colcon.colcon_core.package_identification:_identify(/home/kakacafu/gazebo2/src/robot_gazebo_test_description) by extension 'ignore'
[9.690s] Level 1:colcon.colcon_core.package_identification:_identify(/home/kakacafu/gazebo2/src/robot_gazebo_test_description) by extension 'ignore_ament_install'
[9.690s] Level 1:colcon.colcon_core.package_identification:_identify(/home/kakacafu/gazebo2/src/robot_gazebo_test_description) by extensions ['colcon_pkg']
[9.690s] Level 1:colcon.colcon_core.package_identification:_identify(/home/kakacafu/gazebo2/src/robot_gazebo_test_description) by extension 'colcon_pkg'
[9.690s] Level 1:colcon.colcon_core.package_identification:_identify(/home/kakacafu/gazebo2/src/robot_gazebo_test_description) by extensions ['colcon_meta']
[9.690s] Level 1:colcon.colcon_core.package_identification:_identify(/home/kakacafu/gazebo2/src/robot_gazebo_test_description) by extension 'colcon_meta'
[9.691s] Level 1:colcon.colcon_core.package_identification:_identify(/home/kakacafu/gazebo2/src/robot_gazebo_test_description) by extensions ['ros']
[9.691s] Level 1:colcon.colcon_core.package_identification:_identify(/home/kakacafu/gazebo2/src/robot_gazebo_test_description) by extension 'ros'
[9.692s] DEBUG:colcon.colcon_core.package_identification:Package '/home/kakacafu/gazebo2/src/robot_gazebo_test_description' with type 'ros.ament_python' and name 'robot_gazebo_test_description'
[9.692s] Level 1:colcon.colcon_core.package_discovery:discover_packages(recursive) using defaults
