running egg_info
writing ../../build/move/move.egg-info/PKG-INFO
writing dependency_links to ../../build/move/move.egg-info/dependency_links.txt
writing entry points to ../../build/move/move.egg-info/entry_points.txt
writing requirements to ../../build/move/move.egg-info/requires.txt
writing top-level names to ../../build/move/move.egg-info/top_level.txt
reading manifest file '../../build/move/move.egg-info/SOURCES.txt'
writing manifest file '../../build/move/move.egg-info/SOURCES.txt'
Traceback (most recent call last):
  File "/home/kakacafu/gazebo2/src/move/setup.py", line 5, in <module>
    setup(
  File "/home/kakacafu/.local/lib/python3.10/site-packages/setuptools/__init__.py", line 153, in setup
running build
running build_py
running install
    return distutils.core.setup(**attrs)
  File "/usr/lib/python3.10/distutils/core.py", line 148, in setup
    dist.run_commands()
  File "/usr/lib/python3.10/distutils/dist.py", line 966, in run_commands
    self.run_command(cmd)
  File "/usr/lib/python3.10/distutils/dist.py", line 983, in run_command
    cmd_obj = self.get_command_obj(command)
  File "/usr/lib/python3.10/distutils/dist.py", line 868, in get_command_obj
    self._set_command_options(cmd_obj, options)
  File "/home/kakacafu/.local/lib/python3.10/site-packages/setuptools/dist.py", line 774, in _set_command_options
    elif hasattr(command_obj, option):
TypeError: hasattr(): attribute name must be string
