[9.183s] DEBUG:colcon:Command line arguments: ['/usr/bin/colcon', 'build']
[9.190s] DEBUG:colcon:Parsed command line arguments: Namespace(log_base=None, log_level=None, verb_name='build', build_base='build', install_base='install', merge_install=False, symlink_install=False, test_result_base=None, continue_on_error=False, executor='parallel', parallel_workers=2, event_handlers=None, ignore_user_meta=False, metas=['./colcon.meta'], base_paths=['.'], packages_ignore=None, packages_ignore_regex=None, paths=None, packages_up_to=None, packages_up_to_regex=None, packages_above=None, packages_above_and_dependencies=None, packages_above_depth=None, packages_select_by_dep=None, packages_skip_by_dep=None, packages_skip_up_to=None, packages_select_build_failed=False, packages_skip_build_finished=False, packages_select_test_failures=False, packages_skip_test_passed=False, packages_select=None, packages_skip=None, packages_select_regex=None, packages_skip_regex=None, packages_start=None, packages_end=None, allow_overriding=[], cmake_args=None, cmake_target=None, cmake_target_skip_unavailable=False, cmake_clean_cache=False, cmake_clean_first=False, cmake_force_configure=False, ament_cmake_args=None, catkin_cmake_args=None, catkin_skip_building_tests=False, verb_parser=<colcon_defaults.argument_parser.defaults.DefaultArgumentsDecorator object at 0x7f5619e46950>, verb_extension=<colcon_core.verb.build.BuildVerb object at 0x7f5619e450c0>, main=<bound method BuildVerb.main of <colcon_core.verb.build.BuildVerb object at 0x7f5619e450c0>>)
[9.577s] Level 1:colcon.colcon_core.package_discovery:discover_packages(colcon_meta) check parameters
[9.577s] Level 1:colcon.colcon_core.package_discovery:discover_packages(recursive) check parameters
[9.577s] Level 1:colcon.colcon_core.package_discovery:discover_packages(ignore) check parameters
[9.577s] Level 1:colcon.colcon_core.package_discovery:discover_packages(path) check parameters
[9.578s] Level 1:colcon.colcon_core.package_discovery:discover_packages(colcon_meta) discover
[9.578s] Level 1:colcon.colcon_core.package_discovery:discover_packages(recursive) discover
[9.578s] INFO:colcon.colcon_core.package_discovery:Crawling recursively for packages in '/home/kakacafu/gazebo2'
[9.578s] Level 1:colcon.colcon_core.package_identification:_identify(.) by extensions ['ignore', 'ignore_ament_install']
[9.578s] Level 1:colcon.colcon_core.package_identification:_identify(.) by extension 'ignore'
[9.578s] Level 1:colcon.colcon_core.package_identification:_identify(.) by extension 'ignore_ament_install'
[9.578s] Level 1:colcon.colcon_core.package_identification:_identify(.) by extensions ['colcon_pkg']
[9.578s] Level 1:colcon.colcon_core.package_identification:_identify(.) by extension 'colcon_pkg'
[9.578s] Level 1:colcon.colcon_core.package_identification:_identify(.) by extensions ['colcon_meta']
[9.579s] Level 1:colcon.colcon_core.package_identification:_identify(.) by extension 'colcon_meta'
[9.583s] Level 1:colcon.colcon_core.package_identification:_identify(.) by extensions ['ros']
[9.583s] Level 1:colcon.colcon_core.package_identification:_identify(.) by extension 'ros'
[9.723s] Level 1:colcon.colcon_core.package_identification:_identify(.) by extensions ['cmake', 'python']
[9.723s] Level 1:colcon.colcon_core.package_identification:_identify(.) by extension 'cmake'
[9.728s] Level 1:colcon.colcon_core.package_identification:_identify(.) by extension 'python'
[9.728s] Level 1:colcon.colcon_core.package_identification:_identify(.) by extensions ['python_setup_py']
[9.728s] Level 1:colcon.colcon_core.package_identification:_identify(.) by extension 'python_setup_py'
[9.728s] Level 1:colcon.colcon_core.package_identification:_identify(build) by extensions ['ignore', 'ignore_ament_install']
[9.728s] Level 1:colcon.colcon_core.package_identification:_identify(build) by extension 'ignore'
[9.731s] Level 1:colcon.colcon_core.package_identification:_identify(build) ignored
[9.732s] Level 1:colcon.colcon_core.package_identification:_identify(install) by extensions ['ignore', 'ignore_ament_install']
[9.732s] Level 1:colcon.colcon_core.package_identification:_identify(install) by extension 'ignore'
[9.732s] Level 1:colcon.colcon_core.package_identification:_identify(install) ignored
[9.732s] Level 1:colcon.colcon_core.package_identification:_identify(log) by extensions ['ignore', 'ignore_ament_install']
[9.732s] Level 1:colcon.colcon_core.package_identification:_identify(log) by extension 'ignore'
[9.733s] Level 1:colcon.colcon_core.package_identification:_identify(log) ignored
[9.733s] Level 1:colcon.colcon_core.package_identification:_identify(src) by extensions ['ignore', 'ignore_ament_install']
[9.733s] Level 1:colcon.colcon_core.package_identification:_identify(src) by extension 'ignore'
[9.733s] Level 1:colcon.colcon_core.package_identification:_identify(src) by extension 'ignore_ament_install'
[9.733s] Level 1:colcon.colcon_core.package_identification:_identify(src) by extensions ['colcon_pkg']
[9.733s] Level 1:colcon.colcon_core.package_identification:_identify(src) by extension 'colcon_pkg'
[9.733s] Level 1:colcon.colcon_core.package_identification:_identify(src) by extensions ['colcon_meta']
[9.733s] Level 1:colcon.colcon_core.package_identification:_identify(src) by extension 'colcon_meta'
[9.733s] Level 1:colcon.colcon_core.package_identification:_identify(src) by extensions ['ros']
[9.733s] Level 1:colcon.colcon_core.package_identification:_identify(src) by extension 'ros'
[9.734s] Level 1:colcon.colcon_core.package_identification:_identify(src) by extensions ['cmake', 'python']
[9.734s] Level 1:colcon.colcon_core.package_identification:_identify(src) by extension 'cmake'
[9.734s] Level 1:colcon.colcon_core.package_identification:_identify(src) by extension 'python'
[9.734s] Level 1:colcon.colcon_core.package_identification:_identify(src) by extensions ['python_setup_py']
[9.734s] Level 1:colcon.colcon_core.package_identification:_identify(src) by extension 'python_setup_py'
[9.734s] Level 1:colcon.colcon_core.package_identification:_identify(src/move) by extensions ['ignore', 'ignore_ament_install']
[9.734s] Level 1:colcon.colcon_core.package_identification:_identify(src/move) by extension 'ignore'
[9.734s] Level 1:colcon.colcon_core.package_identification:_identify(src/move) by extension 'ignore_ament_install'
[9.735s] Level 1:colcon.colcon_core.package_identification:_identify(src/move) by extensions ['colcon_pkg']
[9.742s] Level 1:colcon.colcon_core.package_identification:_identify(src/move) by extension 'colcon_pkg'
[9.742s] Level 1:colcon.colcon_core.package_identification:_identify(src/move) by extensions ['colcon_meta']
[9.742s] Level 1:colcon.colcon_core.package_identification:_identify(src/move) by extension 'colcon_meta'
[9.742s] Level 1:colcon.colcon_core.package_identification:_identify(src/move) by extensions ['ros']
[9.742s] Level 1:colcon.colcon_core.package_identification:_identify(src/move) by extension 'ros'
[9.746s] DEBUG:colcon.colcon_core.package_identification:Package 'src/move' with type 'ros.ament_python' and name 'move'
[9.746s] Level 1:colcon.colcon_core.package_identification:_identify(src/publisher) by extensions ['ignore', 'ignore_ament_install']
[9.746s] Level 1:colcon.colcon_core.package_identification:_identify(src/publisher) by extension 'ignore'
[9.746s] Level 1:colcon.colcon_core.package_identification:_identify(src/publisher) by extension 'ignore_ament_install'
[9.746s] Level 1:colcon.colcon_core.package_identification:_identify(src/publisher) by extensions ['colcon_pkg']
[9.746s] Level 1:colcon.colcon_core.package_identification:_identify(src/publisher) by extension 'colcon_pkg'
[9.746s] Level 1:colcon.colcon_core.package_identification:_identify(src/publisher) by extensions ['colcon_meta']
[9.747s] Level 1:colcon.colcon_core.package_identification:_identify(src/publisher) by extension 'colcon_meta'
[9.747s] Level 1:colcon.colcon_core.package_identification:_identify(src/publisher) by extensions ['ros']
[9.747s] Level 1:colcon.colcon_core.package_identification:_identify(src/publisher) by extension 'ros'
[9.761s] DEBUG:colcon.colcon_core.package_identification:Package 'src/publisher' with type 'ros.ament_python' and name 'publisher'
[9.762s] Level 1:colcon.colcon_core.package_identification:_identify(src/robot_gazebo_test_description) by extensions ['ignore', 'ignore_ament_install']
[9.762s] Level 1:colcon.colcon_core.package_identification:_identify(src/robot_gazebo_test_description) by extension 'ignore'
[9.762s] Level 1:colcon.colcon_core.package_identification:_identify(src/robot_gazebo_test_description) by extension 'ignore_ament_install'
[9.762s] Level 1:colcon.colcon_core.package_identification:_identify(src/robot_gazebo_test_description) by extensions ['colcon_pkg']
[9.762s] Level 1:colcon.colcon_core.package_identification:_identify(src/robot_gazebo_test_description) by extension 'colcon_pkg'
[9.762s] Level 1:colcon.colcon_core.package_identification:_identify(src/robot_gazebo_test_description) by extensions ['colcon_meta']
[9.762s] Level 1:colcon.colcon_core.package_identification:_identify(src/robot_gazebo_test_description) by extension 'colcon_meta'
[9.762s] Level 1:colcon.colcon_core.package_identification:_identify(src/robot_gazebo_test_description) by extensions ['ros']
[9.763s] Level 1:colcon.colcon_core.package_identification:_identify(src/robot_gazebo_test_description) by extension 'ros'
[9.769s] DEBUG:colcon.colcon_core.package_identification:Package 'src/robot_gazebo_test_description' with type 'ros.ament_python' and name 'robot_gazebo_test_description'
[9.769s] Level 1:colcon.colcon_core.package_discovery:discover_packages(recursive) using defaults
[9.770s] Level 1:colcon.colcon_core.package_discovery:discover_packages(ignore) discover
[9.770s] Level 1:colcon.colcon_core.package_discovery:discover_packages(ignore) using defaults
[9.770s] Level 1:colcon.colcon_core.package_discovery:discover_packages(path) discover
[9.770s] Level 1:colcon.colcon_core.package_discovery:discover_packages(path) using defaults
[10.618s] Level 1:colcon.colcon_core.package_discovery:discover_packages(prefix_path) check parameters
[10.618s] Level 1:colcon.colcon_core.package_discovery:discover_packages(prefix_path) discover
[10.922s] DEBUG:colcon.colcon_installed_package_information.package_discovery:Found 3 installed packages in /home/kakacafu/gazebo2/install
[11.083s] DEBUG:colcon.colcon_installed_package_information.package_discovery:Found 364 installed packages in /opt/ros/humble
[11.088s] Level 1:colcon.colcon_core.package_discovery:discover_packages(prefix_path) using defaults
[11.765s] Level 5:colcon.colcon_core.verb:set package 'move' build argument 'cmake_args' from command line to 'None'
[11.765s] Level 5:colcon.colcon_core.verb:set package 'move' build argument 'cmake_target' from command line to 'None'
[11.765s] Level 5:colcon.colcon_core.verb:set package 'move' build argument 'cmake_target_skip_unavailable' from command line to 'False'
[11.777s] Level 5:colcon.colcon_core.verb:set package 'move' build argument 'cmake_clean_cache' from command line to 'False'
[11.777s] Level 5:colcon.colcon_core.verb:set package 'move' build argument 'cmake_clean_first' from command line to 'False'
[11.777s] Level 5:colcon.colcon_core.verb:set package 'move' build argument 'cmake_force_configure' from command line to 'False'
[11.777s] Level 5:colcon.colcon_core.verb:set package 'move' build argument 'ament_cmake_args' from command line to 'None'
[11.777s] Level 5:colcon.colcon_core.verb:set package 'move' build argument 'catkin_cmake_args' from command line to 'None'
[11.777s] Level 5:colcon.colcon_core.verb:set package 'move' build argument 'catkin_skip_building_tests' from command line to 'False'
[11.777s] DEBUG:colcon.colcon_core.verb:Building package 'move' with the following arguments: {'ament_cmake_args': None, 'build_base': '/home/kakacafu/gazebo2/build/move', 'catkin_cmake_args': None, 'catkin_skip_building_tests': False, 'cmake_args': None, 'cmake_clean_cache': False, 'cmake_clean_first': False, 'cmake_force_configure': False, 'cmake_target': None, 'cmake_target_skip_unavailable': False, 'install_base': '/home/kakacafu/gazebo2/install/move', 'merge_install': False, 'path': '/home/kakacafu/gazebo2/src/move', 'symlink_install': False, 'test_result_base': None}
[11.908s] Level 5:colcon.colcon_core.verb:set package 'publisher' build argument 'cmake_args' from command line to 'None'
[11.908s] Level 5:colcon.colcon_core.verb:set package 'publisher' build argument 'cmake_target' from command line to 'None'
[11.909s] Level 5:colcon.colcon_core.verb:set package 'publisher' build argument 'cmake_target_skip_unavailable' from command line to 'False'
[11.911s] Level 5:colcon.colcon_core.verb:set package 'publisher' build argument 'cmake_clean_cache' from command line to 'False'
[11.911s] Level 5:colcon.colcon_core.verb:set package 'publisher' build argument 'cmake_clean_first' from command line to 'False'
[11.911s] Level 5:colcon.colcon_core.verb:set package 'publisher' build argument 'cmake_force_configure' from command line to 'False'
[11.912s] Level 5:colcon.colcon_core.verb:set package 'publisher' build argument 'ament_cmake_args' from command line to 'None'
[11.913s] Level 5:colcon.colcon_core.verb:set package 'publisher' build argument 'catkin_cmake_args' from command line to 'None'
[11.913s] Level 5:colcon.colcon_core.verb:set package 'publisher' build argument 'catkin_skip_building_tests' from command line to 'False'
[11.913s] DEBUG:colcon.colcon_core.verb:Building package 'publisher' with the following arguments: {'ament_cmake_args': None, 'build_base': '/home/kakacafu/gazebo2/build/publisher', 'catkin_cmake_args': None, 'catkin_skip_building_tests': False, 'cmake_args': None, 'cmake_clean_cache': False, 'cmake_clean_first': False, 'cmake_force_configure': False, 'cmake_target': None, 'cmake_target_skip_unavailable': False, 'install_base': '/home/kakacafu/gazebo2/install/publisher', 'merge_install': False, 'path': '/home/kakacafu/gazebo2/src/publisher', 'symlink_install': False, 'test_result_base': None}
[12.043s] Level 5:colcon.colcon_core.verb:set package 'robot_gazebo_test_description' build argument 'cmake_args' from command line to 'None'
[12.047s] Level 5:colcon.colcon_core.verb:set package 'robot_gazebo_test_description' build argument 'cmake_target' from command line to 'None'
[12.047s] Level 5:colcon.colcon_core.verb:set package 'robot_gazebo_test_description' build argument 'cmake_target_skip_unavailable' from command line to 'False'
[12.047s] Level 5:colcon.colcon_core.verb:set package 'robot_gazebo_test_description' build argument 'cmake_clean_cache' from command line to 'False'
[12.047s] Level 5:colcon.colcon_core.verb:set package 'robot_gazebo_test_description' build argument 'cmake_clean_first' from command line to 'False'
[12.047s] Level 5:colcon.colcon_core.verb:set package 'robot_gazebo_test_description' build argument 'cmake_force_configure' from command line to 'False'
[12.047s] Level 5:colcon.colcon_core.verb:set package 'robot_gazebo_test_description' build argument 'ament_cmake_args' from command line to 'None'
[12.048s] Level 5:colcon.colcon_core.verb:set package 'robot_gazebo_test_description' build argument 'catkin_cmake_args' from command line to 'None'
[12.048s] Level 5:colcon.colcon_core.verb:set package 'robot_gazebo_test_description' build argument 'catkin_skip_building_tests' from command line to 'False'
[12.051s] DEBUG:colcon.colcon_core.verb:Building package 'robot_gazebo_test_description' with the following arguments: {'ament_cmake_args': None, 'build_base': '/home/kakacafu/gazebo2/build/robot_gazebo_test_description', 'catkin_cmake_args': None, 'catkin_skip_building_tests': False, 'cmake_args': None, 'cmake_clean_cache': False, 'cmake_clean_first': False, 'cmake_force_configure': False, 'cmake_target': None, 'cmake_target_skip_unavailable': False, 'install_base': '/home/kakacafu/gazebo2/install/robot_gazebo_test_description', 'merge_install': False, 'path': '/home/kakacafu/gazebo2/src/robot_gazebo_test_description', 'symlink_install': False, 'test_result_base': None}
[12.164s] INFO:colcon.colcon_core.executor:Executing jobs using 'parallel' executor
[12.284s] DEBUG:colcon.colcon_parallel_executor.executor.parallel:run_until_complete
[12.285s] INFO:colcon.colcon_ros.task.ament_python.build:Building ROS package in '/home/kakacafu/gazebo2/src/move' with build type 'ament_python'
[12.285s] Level 1:colcon.colcon_core.shell:create_environment_hook('move', 'ament_prefix_path')
[12.441s] INFO:colcon.colcon_core.plugin_system:Skipping extension 'colcon_core.shell.bat': Not used on non-Windows systems
[12.443s] INFO:colcon.colcon_core.shell:Creating environment hook '/home/kakacafu/gazebo2/install/move/share/move/hook/ament_prefix_path.ps1'
[12.447s] INFO:colcon.colcon_core.shell:Creating environment descriptor '/home/kakacafu/gazebo2/install/move/share/move/hook/ament_prefix_path.dsv'
[12.448s] INFO:colcon.colcon_core.shell:Creating environment hook '/home/kakacafu/gazebo2/install/move/share/move/hook/ament_prefix_path.sh'
[12.578s] INFO:colcon.colcon_core.shell:Skip shell extension 'powershell' for command environment: Not usable outside of PowerShell
[12.578s] DEBUG:colcon.colcon_core.shell:Skip shell extension 'dsv' for command environment
[13.020s] INFO:colcon.colcon_ros.task.ament_python.build:Building ROS package in '/home/kakacafu/gazebo2/src/publisher' with build type 'ament_python'
[13.020s] Level 1:colcon.colcon_core.shell:create_environment_hook('publisher', 'ament_prefix_path')
[13.199s] INFO:colcon.colcon_core.shell:Creating environment hook '/home/kakacafu/gazebo2/install/publisher/share/publisher/hook/ament_prefix_path.ps1'
[13.209s] INFO:colcon.colcon_core.shell:Creating environment descriptor '/home/kakacafu/gazebo2/install/publisher/share/publisher/hook/ament_prefix_path.dsv'
[13.221s] INFO:colcon.colcon_core.shell:Creating environment hook '/home/kakacafu/gazebo2/install/publisher/share/publisher/hook/ament_prefix_path.sh'
[13.369s] INFO:colcon.colcon_core.shell:Skip shell extension 'powershell' for command environment: Not usable outside of PowerShell
[13.370s] DEBUG:colcon.colcon_core.shell:Skip shell extension 'dsv' for command environment
[16.111s] INFO:colcon.colcon_core.task.python.build:Building Python package in '/home/kakacafu/gazebo2/src/move'
[16.252s] INFO:colcon.colcon_core.shell:Skip shell extension 'powershell' for command environment: Not usable outside of PowerShell
[16.253s] DEBUG:colcon.colcon_core.shell:Skip shell extension 'dsv' for command environment
[18.608s] INFO:colcon.colcon_core.task.python.build:Building Python package in '/home/kakacafu/gazebo2/src/publisher'
[18.726s] INFO:colcon.colcon_core.shell:Skip shell extension 'powershell' for command environment: Not usable outside of PowerShell
[18.727s] DEBUG:colcon.colcon_core.shell:Skip shell extension 'dsv' for command environment
[24.818s] DEBUG:colcon.colcon_core.event_handler.log_command:Invoking command in '/home/kakacafu/gazebo2/src/publisher': PYTHONPATH=/home/kakacafu/gazebo2/build/publisher/prefix_override:/home/kakacafu/gazebo2/install/publisher/lib/python3.10/site-packages:${PYTHONPATH} /usr/bin/python3 setup.py egg_info --egg-base ../../build/publisher build --build-base /home/kakacafu/gazebo2/build/publisher/build install --record /home/kakacafu/gazebo2/build/publisher/install.log --single-version-externally-managed
[24.953s] DEBUG:colcon.colcon_core.event_handler.log_command:Invoking command in '/home/kakacafu/gazebo2/src/move': PYTHONPATH=/home/kakacafu/gazebo2/build/move/prefix_override:/home/kakacafu/gazebo2/install/move/lib/python3.10/site-packages:${PYTHONPATH} /usr/bin/python3 setup.py egg_info --egg-base ../../build/move build --build-base /home/kakacafu/gazebo2/build/move/build install --record /home/kakacafu/gazebo2/build/move/install.log --single-version-externally-managed
[29.993s] DEBUG:colcon.colcon_core.event_handler.log_command:Invoked command in '/home/kakacafu/gazebo2/src/publisher' returned '0': PYTHONPATH=/home/kakacafu/gazebo2/build/publisher/prefix_override:/home/kakacafu/gazebo2/install/publisher/lib/python3.10/site-packages:${PYTHONPATH} /usr/bin/python3 setup.py egg_info --egg-base ../../build/publisher build --build-base /home/kakacafu/gazebo2/build/publisher/build install --record /home/kakacafu/gazebo2/build/publisher/install.log --single-version-externally-managed
[30.277s] Level 1:colcon.colcon_core.environment:checking '/home/kakacafu/gazebo2/install/publisher' for CMake module files
[30.290s] Level 1:colcon.colcon_core.environment:checking '/home/kakacafu/gazebo2/install/publisher' for CMake config files
[30.298s] Level 1:colcon.colcon_core.environment:checking '/home/kakacafu/gazebo2/install/publisher/lib'
[30.298s] Level 1:colcon.colcon_core.environment:checking '/home/kakacafu/gazebo2/install/publisher/bin'
[30.298s] Level 1:colcon.colcon_core.environment:checking '/home/kakacafu/gazebo2/install/publisher/lib/pkgconfig/publisher.pc'
[30.299s] Level 1:colcon.colcon_core.environment:checking '/home/kakacafu/gazebo2/install/publisher/lib/python3.10/site-packages'
[30.299s] Level 1:colcon.colcon_core.shell:create_environment_hook('publisher', 'pythonpath')
[30.452s] INFO:colcon.colcon_core.shell:Creating environment hook '/home/kakacafu/gazebo2/install/publisher/share/publisher/hook/pythonpath.ps1'
[30.461s] INFO:colcon.colcon_core.shell:Creating environment descriptor '/home/kakacafu/gazebo2/install/publisher/share/publisher/hook/pythonpath.dsv'
[30.466s] INFO:colcon.colcon_core.shell:Creating environment hook '/home/kakacafu/gazebo2/install/publisher/share/publisher/hook/pythonpath.sh'
[30.468s] Level 1:colcon.colcon_core.environment:checking '/home/kakacafu/gazebo2/install/publisher/bin'
[30.468s] Level 1:colcon.colcon_core.environment:create_environment_scripts_only(publisher)
[30.630s] INFO:colcon.colcon_core.shell:Creating package script '/home/kakacafu/gazebo2/install/publisher/share/publisher/package.ps1'
[30.632s] INFO:colcon.colcon_core.shell:Creating package descriptor '/home/kakacafu/gazebo2/install/publisher/share/publisher/package.dsv'
[30.637s] INFO:colcon.colcon_core.shell:Creating package script '/home/kakacafu/gazebo2/install/publisher/share/publisher/package.sh'
[30.646s] INFO:colcon.colcon_core.shell:Creating package script '/home/kakacafu/gazebo2/install/publisher/share/publisher/package.bash'
[30.652s] INFO:colcon.colcon_core.shell:Creating package script '/home/kakacafu/gazebo2/install/publisher/share/publisher/package.zsh'
[30.656s] Level 1:colcon.colcon_core.environment:create_file_with_runtime_dependencies(/home/kakacafu/gazebo2/install/publisher/share/colcon-core/packages/publisher)
[30.663s] INFO:colcon.colcon_ros.task.ament_python.build:Building ROS package in '/home/kakacafu/gazebo2/src/robot_gazebo_test_description' with build type 'ament_python'
[30.664s] Level 1:colcon.colcon_core.shell:create_environment_hook('robot_gazebo_test_description', 'ament_prefix_path')
[30.832s] INFO:colcon.colcon_core.shell:Creating environment hook '/home/kakacafu/gazebo2/install/robot_gazebo_test_description/share/robot_gazebo_test_description/hook/ament_prefix_path.ps1'
[30.834s] INFO:colcon.colcon_core.shell:Creating environment descriptor '/home/kakacafu/gazebo2/install/robot_gazebo_test_description/share/robot_gazebo_test_description/hook/ament_prefix_path.dsv'
[30.835s] INFO:colcon.colcon_core.shell:Creating environment hook '/home/kakacafu/gazebo2/install/robot_gazebo_test_description/share/robot_gazebo_test_description/hook/ament_prefix_path.sh'
[30.998s] INFO:colcon.colcon_core.shell:Skip shell extension 'powershell' for command environment: Not usable outside of PowerShell
[30.998s] DEBUG:colcon.colcon_core.shell:Skip shell extension 'dsv' for command environment
[31.576s] DEBUG:colcon.colcon_core.event_handler.log_command:Invoked command in '/home/kakacafu/gazebo2/src/move' returned '0': PYTHONPATH=/home/kakacafu/gazebo2/build/move/prefix_override:/home/kakacafu/gazebo2/install/move/lib/python3.10/site-packages:${PYTHONPATH} /usr/bin/python3 setup.py egg_info --egg-base ../../build/move build --build-base /home/kakacafu/gazebo2/build/move/build install --record /home/kakacafu/gazebo2/build/move/install.log --single-version-externally-managed
[31.728s] Level 1:colcon.colcon_core.environment:checking '/home/kakacafu/gazebo2/install/move' for CMake module files
[31.729s] Level 1:colcon.colcon_core.environment:checking '/home/kakacafu/gazebo2/install/move' for CMake config files
[31.740s] Level 1:colcon.colcon_core.environment:checking '/home/kakacafu/gazebo2/install/move/lib'
[31.741s] Level 1:colcon.colcon_core.environment:checking '/home/kakacafu/gazebo2/install/move/bin'
[31.741s] Level 1:colcon.colcon_core.environment:checking '/home/kakacafu/gazebo2/install/move/lib/pkgconfig/move.pc'
[31.742s] Level 1:colcon.colcon_core.environment:checking '/home/kakacafu/gazebo2/install/move/lib/python3.10/site-packages'
[31.742s] Level 1:colcon.colcon_core.shell:create_environment_hook('move', 'pythonpath')
[31.872s] INFO:colcon.colcon_core.shell:Creating environment hook '/home/kakacafu/gazebo2/install/move/share/move/hook/pythonpath.ps1'
[31.873s] INFO:colcon.colcon_core.shell:Creating environment descriptor '/home/kakacafu/gazebo2/install/move/share/move/hook/pythonpath.dsv'
[31.874s] INFO:colcon.colcon_core.shell:Creating environment hook '/home/kakacafu/gazebo2/install/move/share/move/hook/pythonpath.sh'
[31.883s] Level 1:colcon.colcon_core.environment:checking '/home/kakacafu/gazebo2/install/move/bin'
[31.884s] Level 1:colcon.colcon_core.environment:create_environment_scripts_only(move)
[32.015s] INFO:colcon.colcon_core.shell:Creating package script '/home/kakacafu/gazebo2/install/move/share/move/package.ps1'
[32.020s] INFO:colcon.colcon_core.shell:Creating package descriptor '/home/kakacafu/gazebo2/install/move/share/move/package.dsv'
[32.025s] INFO:colcon.colcon_core.shell:Creating package script '/home/kakacafu/gazebo2/install/move/share/move/package.sh'
[32.035s] INFO:colcon.colcon_core.shell:Creating package script '/home/kakacafu/gazebo2/install/move/share/move/package.bash'
[32.036s] INFO:colcon.colcon_core.shell:Creating package script '/home/kakacafu/gazebo2/install/move/share/move/package.zsh'
[32.038s] Level 1:colcon.colcon_core.environment:create_file_with_runtime_dependencies(/home/kakacafu/gazebo2/install/move/share/colcon-core/packages/move)
[34.348s] INFO:colcon.colcon_core.task.python.build:Building Python package in '/home/kakacafu/gazebo2/src/robot_gazebo_test_description'
[34.537s] INFO:colcon.colcon_core.shell:Skip shell extension 'powershell' for command environment: Not usable outside of PowerShell
[34.537s] DEBUG:colcon.colcon_core.shell:Skip shell extension 'dsv' for command environment
[38.060s] DEBUG:colcon.colcon_core.event_handler.log_command:Invoking command in '/home/kakacafu/gazebo2/src/robot_gazebo_test_description': PYTHONPATH=/home/kakacafu/gazebo2/build/robot_gazebo_test_description/prefix_override:/home/kakacafu/gazebo2/install/robot_gazebo_test_description/lib/python3.10/site-packages:${PYTHONPATH} /usr/bin/python3 setup.py egg_info --egg-base ../../build/robot_gazebo_test_description build --build-base /home/kakacafu/gazebo2/build/robot_gazebo_test_description/build install --record /home/kakacafu/gazebo2/build/robot_gazebo_test_description/install.log --single-version-externally-managed
[40.730s] DEBUG:colcon.colcon_core.event_handler.log_command:Invoked command in '/home/kakacafu/gazebo2/src/robot_gazebo_test_description' returned '0': PYTHONPATH=/home/kakacafu/gazebo2/build/robot_gazebo_test_description/prefix_override:/home/kakacafu/gazebo2/install/robot_gazebo_test_description/lib/python3.10/site-packages:${PYTHONPATH} /usr/bin/python3 setup.py egg_info --egg-base ../../build/robot_gazebo_test_description build --build-base /home/kakacafu/gazebo2/build/robot_gazebo_test_description/build install --record /home/kakacafu/gazebo2/build/robot_gazebo_test_description/install.log --single-version-externally-managed
[40.862s] Level 1:colcon.colcon_core.environment:checking '/home/kakacafu/gazebo2/install/robot_gazebo_test_description' for CMake module files
[40.863s] Level 1:colcon.colcon_core.environment:checking '/home/kakacafu/gazebo2/install/robot_gazebo_test_description' for CMake config files
[40.882s] Level 1:colcon.colcon_core.environment:checking '/home/kakacafu/gazebo2/install/robot_gazebo_test_description/lib'
[40.882s] Level 1:colcon.colcon_core.environment:checking '/home/kakacafu/gazebo2/install/robot_gazebo_test_description/bin'
[40.882s] Level 1:colcon.colcon_core.environment:checking '/home/kakacafu/gazebo2/install/robot_gazebo_test_description/lib/pkgconfig/robot_gazebo_test_description.pc'
[40.882s] Level 1:colcon.colcon_core.environment:checking '/home/kakacafu/gazebo2/install/robot_gazebo_test_description/lib/python3.10/site-packages'
[40.883s] Level 1:colcon.colcon_core.shell:create_environment_hook('robot_gazebo_test_description', 'pythonpath')
[41.034s] INFO:colcon.colcon_core.shell:Creating environment hook '/home/kakacafu/gazebo2/install/robot_gazebo_test_description/share/robot_gazebo_test_description/hook/pythonpath.ps1'
[41.035s] INFO:colcon.colcon_core.shell:Creating environment descriptor '/home/kakacafu/gazebo2/install/robot_gazebo_test_description/share/robot_gazebo_test_description/hook/pythonpath.dsv'
[41.042s] INFO:colcon.colcon_core.shell:Creating environment hook '/home/kakacafu/gazebo2/install/robot_gazebo_test_description/share/robot_gazebo_test_description/hook/pythonpath.sh'
[41.047s] Level 1:colcon.colcon_core.environment:checking '/home/kakacafu/gazebo2/install/robot_gazebo_test_description/bin'
[41.049s] Level 1:colcon.colcon_core.environment:create_environment_scripts_only(robot_gazebo_test_description)
[41.197s] INFO:colcon.colcon_core.shell:Creating package script '/home/kakacafu/gazebo2/install/robot_gazebo_test_description/share/robot_gazebo_test_description/package.ps1'
[41.199s] INFO:colcon.colcon_core.shell:Creating package descriptor '/home/kakacafu/gazebo2/install/robot_gazebo_test_description/share/robot_gazebo_test_description/package.dsv'
[41.211s] INFO:colcon.colcon_core.shell:Creating package script '/home/kakacafu/gazebo2/install/robot_gazebo_test_description/share/robot_gazebo_test_description/package.sh'
[41.213s] INFO:colcon.colcon_core.shell:Creating package script '/home/kakacafu/gazebo2/install/robot_gazebo_test_description/share/robot_gazebo_test_description/package.bash'
[41.214s] INFO:colcon.colcon_core.shell:Creating package script '/home/kakacafu/gazebo2/install/robot_gazebo_test_description/share/robot_gazebo_test_description/package.zsh'
[41.221s] Level 1:colcon.colcon_core.environment:create_file_with_runtime_dependencies(/home/kakacafu/gazebo2/install/robot_gazebo_test_description/share/colcon-core/packages/robot_gazebo_test_description)
[41.223s] DEBUG:colcon.colcon_parallel_executor.executor.parallel:closing loop
[41.226s] DEBUG:colcon.colcon_parallel_executor.executor.parallel:loop closed
[41.226s] DEBUG:colcon.colcon_parallel_executor.executor.parallel:run_until_complete finished with '0'
[41.228s] DEBUG:colcon.colcon_core.event_reactor:joining thread
[41.453s] INFO:colcon.colcon_core.plugin_system:Skipping extension 'colcon_notification.desktop_notification.terminal_notifier': Not used on non-Darwin systems
[41.453s] INFO:colcon.colcon_core.plugin_system:Skipping extension 'colcon_notification.desktop_notification.win32': Not used on non-Windows systems
[41.453s] INFO:colcon.colcon_notification.desktop_notification:Sending desktop notification using 'notify2'
[41.753s] DEBUG:colcon.colcon_core.event_reactor:joined thread
[41.903s] INFO:colcon.colcon_core.shell:Creating prefix script '/home/kakacafu/gazebo2/install/local_setup.ps1'
[41.910s] INFO:colcon.colcon_core.shell:Creating prefix util module '/home/kakacafu/gazebo2/install/_local_setup_util_ps1.py'
[41.920s] INFO:colcon.colcon_core.shell:Creating prefix chain script '/home/kakacafu/gazebo2/install/setup.ps1'
[42.076s] INFO:colcon.colcon_core.shell:Creating prefix script '/home/kakacafu/gazebo2/install/local_setup.sh'
[42.078s] INFO:colcon.colcon_core.shell:Creating prefix util module '/home/kakacafu/gazebo2/install/_local_setup_util_sh.py'
[42.080s] INFO:colcon.colcon_core.shell:Creating prefix chain script '/home/kakacafu/gazebo2/install/setup.sh'
[42.253s] INFO:colcon.colcon_core.shell:Creating prefix script '/home/kakacafu/gazebo2/install/local_setup.bash'
[42.269s] INFO:colcon.colcon_core.shell:Creating prefix chain script '/home/kakacafu/gazebo2/install/setup.bash'
[42.529s] INFO:colcon.colcon_core.shell:Creating prefix script '/home/kakacafu/gazebo2/install/local_setup.zsh'
[42.533s] INFO:colcon.colcon_core.shell:Creating prefix chain script '/home/kakacafu/gazebo2/install/setup.zsh'
