[9.556s] Invoking command in '/home/kakacafu/gazebo2/src/move': PYTHONPATH=/home/kakacafu/gazebo2/build/move/prefix_override:/home/kakacafu/gazebo2/install/move/lib/python3.10/site-packages:${PYTHONPATH} /usr/bin/python3 setup.py egg_info --egg-base ../../build/move build --build-base /home/kakacafu/gazebo2/build/move/build install --record /home/kakacafu/gazebo2/build/move/install.log --single-version-externally-managed
[15.046s] running egg_info
[15.048s] writing ../../build/move/move.egg-info/PKG-INFO
[15.049s] writing dependency_links to ../../build/move/move.egg-info/dependency_links.txt
[15.053s] writing entry points to ../../build/move/move.egg-info/entry_points.txt
[15.055s] writing requirements to ../../build/move/move.egg-info/requires.txt
[15.057s] writing top-level names to ../../build/move/move.egg-info/top_level.txt
[15.072s] reading manifest file '../../build/move/move.egg-info/SOURCES.txt'
[15.076s] writing manifest file '../../build/move/move.egg-info/SOURCES.txt'
[15.083s] running build
[15.098s] running build_py
[15.099s] running install
[15.099s] running install_lib
[15.116s] running install_data
[15.119s] running install_egg_info
[15.128s] removing '/home/kakacafu/gazebo2/install/move/lib/python3.10/site-packages/move-0.0.0-py3.10.egg-info' (and everything under it)
[15.132s] Copying ../../build/move/move.egg-info to /home/kakacafu/gazebo2/install/move/lib/python3.10/site-packages/move-0.0.0-py3.10.egg-info
[15.145s] running install_scripts
[15.342s] Installing move_node script to /home/kakacafu/gazebo2/install/move/lib/move
[15.348s] writing list of installed files to '/home/kakacafu/gazebo2/build/move/install.log'
[16.197s] Invoked command in '/home/kakacafu/gazebo2/src/move' returned '0': PYTHONPATH=/home/kakacafu/gazebo2/build/move/prefix_override:/home/kakacafu/gazebo2/install/move/lib/python3.10/site-packages:${PYTHONPATH} /usr/bin/python3 setup.py egg_info --egg-base ../../build/move build --build-base /home/kakacafu/gazebo2/build/move/build install --record /home/kakacafu/gazebo2/build/move/install.log --single-version-externally-managed
