[11.203s] Invoking command in '/home/kakacafu/gazebo2/src/publisher': PYTHONPATH=/home/kakacafu/gazebo2/build/publisher/prefix_override:/home/kakacafu/gazebo2/install/publisher/lib/python3.10/site-packages:${PYTHONPATH} /usr/bin/python3 setup.py egg_info --egg-base ../../build/publisher build --build-base /home/kakacafu/gazebo2/build/publisher/build install --record /home/kakacafu/gazebo2/build/publisher/install.log --single-version-externally-managed
[15.612s] running egg_info
[15.623s] writing ../../build/publisher/publisher.egg-info/PKG-INFO
[15.626s] writing dependency_links to ../../build/publisher/publisher.egg-info/dependency_links.txt
[15.643s] writing entry points to ../../build/publisher/publisher.egg-info/entry_points.txt
[15.660s] writing requirements to ../../build/publisher/publisher.egg-info/requires.txt
[15.672s] writing top-level names to ../../build/publisher/publisher.egg-info/top_level.txt
[15.738s] reading manifest file '../../build/publisher/publisher.egg-info/SOURCES.txt'
[15.785s] writing manifest file '../../build/publisher/publisher.egg-info/SOURCES.txt'
[15.788s] running build
[15.789s] running build_py
[15.803s] running install
[15.806s] running install_lib
[15.855s] running install_data
[15.863s] running install_egg_info
[15.954s] removing '/home/kakacafu/gazebo2/install/publisher/lib/python3.10/site-packages/publisher-0.0.0-py3.10.egg-info' (and everything under it)
[15.959s] Copying ../../build/publisher/publisher.egg-info to /home/kakacafu/gazebo2/install/publisher/lib/python3.10/site-packages/publisher-0.0.0-py3.10.egg-info
[16.029s] running install_scripts
[16.283s] Installing publisher_node script to /home/kakacafu/gazebo2/install/publisher/lib/publisher
[16.290s] writing list of installed files to '/home/kakacafu/gazebo2/build/publisher/install.log'
[16.460s] Invoked command in '/home/kakacafu/gazebo2/src/publisher' returned '0': PYTHONPATH=/home/kakacafu/gazebo2/build/publisher/prefix_override:/home/kakacafu/gazebo2/install/publisher/lib/python3.10/site-packages:${PYTHONPATH} /usr/bin/python3 setup.py egg_info --egg-base ../../build/publisher build --build-base /home/kakacafu/gazebo2/build/publisher/build install --record /home/kakacafu/gazebo2/build/publisher/install.log --single-version-externally-managed
